{"recorder_version":"31","session":"84ec5f33c974","build":"193.6494.35","bucket":"237","time":1649319523272,"group":{"id":"settings","version":"4"},"event":{"state":true,"data":{"component":"NotRoamableUiSettings","created":1649319523611},"id":"invoked"}}
{"recorder_version":"31","session":"84ec5f33c974","build":"193.6494.35","bucket":"237","time":1649319523274,"group":{"id":"settings","version":"4"},"event":{"state":true,"data":{"component":"UISettings","created":1649319523615},"id":"invoked"}}
{"recorder_version":"31","session":"84ec5f33c974","build":"193.6494.35","bucket":"237","time":1649319523279,"group":{"id":"system.java","version":"1"},"event":{"state":true,"data":{"created":1649319523626,"version":"validation.undefined_rule"},"id":"validation.undefined_rule"}}
{"recorder_version":"31","session":"84ec5f33c974","build":"193.6494.35","bucket":"237","time":1649319523279,"group":{"id":"system.java","version":"1"},"event":{"state":true,"data":{"created":1649319523626},"id":"invoked"}}
{"recorder_version":"31","session":"84ec5f33c974","build":"193.6494.35","bucket":"237","time":1649319523326,"group":{"id":"system.os","version":"3"},"event":{"state":true,"data":{"created":1649319523627,"version":"10.13"},"id":"Mac"}}
{"recorder_version":"31","session":"84ec5f33c974","build":"193.6494.35","bucket":"237","time":1649319523326,"group":{"id":"system.os","version":"3"},"event":{"state":true,"data":{"created":1649319523628,"name":"Mac","version":"10.13"},"id":"os.name"}}
{"recorder_version":"31","session":"84ec5f33c974","build":"193.6494.35","bucket":"237","time":1649319523326,"group":{"id":"system.os","version":"3"},"event":{"state":true,"data":{"created":1649319523632,"value":"+08_00"},"id":"os.timezone"}}
{"recorder_version":"31","session":"84ec5f33c974","build":"193.6494.35","bucket":"237","time":1649319523326,"group":{"id":"system.os","version":"3"},"event":{"state":true,"data":{"created":1649319523633},"id":"invoked"}}
{"recorder_version":"31","session":"84ec5f33c974","build":"193.6494.35","bucket":"237","time":1649319523571,"group":{"id":"event.log","version":"31"},"event":{"count":1,"data":{"created":1649319523633,"version":"2463.0"},"id":"whitelist.loaded"}}
{"recorder_version":"31","session":"84ec5f33c974","build":"193.6494.35","bucket":"237","time":1649319524523,"group":{"id":"settings","version":"4"},"event":{"state":true,"data":{"component":"UpdatesConfigurable","created":1649319524523,"name":"checkNeeded","type":"bool","value":false},"id":"not.default"}}
{"recorder_version":"31","session":"84ec5f33c974","build":"193.6494.35","bucket":"237","time":1649319524523,"group":{"id":"settings","version":"4"},"event":{"state":true,"data":{"component":"UpdatesConfigurable","created":1649319524524},"id":"invoked"}}
{"recorder_version":"31","session":"84ec5f33c974","build":"193.6494.35","bucket":"237","time":1649319524623,"group":{"id":"performance","version":"31"},"event":{"count":1,"data":{"duration_ms":562,"created":1649319524624},"id":"ui.latency"}}
{"recorder_version":"31","session":"84ec5f33c974","build":"193.6494.35","bucket":"237","time":1649319524623,"group":{"id":"performance","version":"31"},"event":{"count":1,"data":{"duration_ms":562,"created":1649319524625},"id":"ui.lagging"}}
{"recorder_version":"31","session":"84ec5f33c974","build":"193.6494.35","bucket":"237","time":1649319524637,"group":{"id":"settings","version":"4"},"event":{"state":true,"data":{"component":"GeneralSettings","created":1649319524637},"id":"invoked"}}
{"recorder_version":"31","session":"84ec5f33c974","build":"193.6494.35","bucket":"237","time":1649319524641,"group":{"id":"lifecycle","version":"31"},"event":{"count":1,"data":{"internal":true,"eap":false,"created":1649319524641},"id":"ide.start"}}
{"recorder_version":"31","session":"84ec5f33c974","build":"193.6494.35","bucket":"237","time":1649319524761,"group":{"id":"settings","version":"4"},"event":{"state":true,"data":{"component":"XmlEditorOptions","created":1649319524762},"id":"invoked"}}
{"recorder_version":"31","session":"84ec5f33c974","build":"193.6494.35","bucket":"237","time":1649319525093,"group":{"id":"ui.dialogs","version":"31"},"event":{"count":1,"data":{"created":1649319525093,"plugin_type":"PLATFORM","dialog_class":"com.intellij.openapi.progress.util.ProgressDialog$MyDialogWrapper"},"id":"show"}}
{"recorder_version":"31","session":"84ec5f33c974","build":"193.6494.35","bucket":"237","time":1649319525360,"group":{"id":"settings","version":"4"},"event":{"state":true,"data":{"component":"VcsApplicationSettings","created":1649319525360},"id":"invoked"}}
{"recorder_version":"31","session":"84ec5f33c974","build":"193.6494.35","bucket":"237","time":1649319527286,"group":{"id":"lifecycle","version":"31"},"event":{"count":1,"data":{"created":1649319527286,"project":"f7b5ea9a58297bf4d0bb7dd5813c67629a8b106c31f4ba21466e3473a19e292b"},"id":"project.opened"}}
{"recorder_version":"31","session":"84ec5f33c974","build":"193.6494.35","bucket":"237","time":1649319527656,"group":{"id":"performance","version":"31"},"event":{"count":1,"data":{"duration_ms":599,"created":1649319527656},"id":"ui.lagging"}}
{"recorder_version":"31","session":"84ec5f33c974","build":"193.6494.35","bucket":"237","time":1649319527915,"group":{"id":"indexing","version":"2"},"event":{"count":1,"data":{"ide_activity_id":1,"created":1649319527915,"project":"f7b5ea9a58297bf4d0bb7dd5813c67629a8b106c31f4ba21466e3473a19e292b"},"id":"started"}}
{"recorder_version":"31","session":"84ec5f33c974","build":"193.6494.35","bucket":"237","time":1649319527957,"group":{"id":"toolwindow","version":"31"},"event":{"count":1,"data":{"ViewMode":"Dock_Pinned","created":1649319527957,"plugin_type":"PLATFORM","id":"Project","Location":"Left_Top"},"id":"activated"}}
{"recorder_version":"31","session":"84ec5f33c974","build":"193.6494.35","bucket":"237","time":1649319528482,"group":{"id":"indexing","version":"2"},"event":{"count":1,"data":{"ide_activity_id":1,"stage_class":"com.intellij.util.indexing.UnindexedFilesUpdater","created":1649319528483,"plugin_type":"PLATFORM"},"id":"stage"}}
{"recorder_version":"31","session":"84ec5f33c974","build":"193.6494.35","bucket":"237","time":1649319528483,"group":{"id":"performance","version":"31"},"event":{"count":1,"data":{"duration_ms":424,"created":1649319528483},"id":"ui.lagging"}}
{"recorder_version":"31","session":"84ec5f33c974","build":"193.6494.35","bucket":"237","time":1649319528536,"group":{"id":"ui.tips","version":"3"},"event":{"count":1,"data":{"created":1649319528536,"type":"automatically"},"id":"dialog.shown"}}
{"recorder_version":"31","session":"84ec5f33c974","build":"193.6494.35","bucket":"237","time":1649319528625,"group":{"id":"ui.tips","version":"3"},"event":{"count":1,"data":{"feature_id":"no.feature.id","filename":"neue-Multiselection1.html","plugin":"com.intellij.java.ide","created":1649319528626,"plugin_type":"JB_BUNDLED"},"id":"tip.shown"}}
{"recorder_version":"31","session":"84ec5f33c974","build":"193.6494.35","bucket":"237","time":1649319528650,"group":{"id":"ui.dialogs","version":"31"},"event":{"count":1,"data":{"created":1649319528650,"plugin_type":"PLATFORM","dialog_class":"com.intellij.ide.util.TipDialog"},"id":"show"}}
{"recorder_version":"31","session":"84ec5f33c974","build":"193.6494.35","bucket":"237","time":1649319528917,"group":{"id":"project.fs","version":"1"},"event":{"state":true,"data":{"os":"Mac","cs-project":false,"created":1649319528917,"project":"f7b5ea9a58297bf4d0bb7dd5813c67629a8b106c31f4ba21466e3473a19e292b","cs-implicit":true,"cs-system":false},"id":"case-sensitivity"}}
{"recorder_version":"31","session":"84ec5f33c974","build":"193.6494.35","bucket":"237","time":1649319528917,"group":{"id":"project.fs","version":"1"},"event":{"state":true,"data":{"created":1649319528918},"id":"invoked"}}
{"recorder_version":"31","session":"84ec5f33c974","build":"193.6494.35","bucket":"237","time":1649319528918,"group":{"id":"project.fs","version":"1"},"event":{"state":true,"data":{"pct-non-watched":0,"created":1649319528918,"project":"f7b5ea9a58297bf4d0bb7dd5813c67629a8b106c31f4ba21466e3473a19e292b"},"id":"roots-watched"}}
{"recorder_version":"31","session":"84ec5f33c974","build":"193.6494.35","bucket":"237","time":1649319528918,"group":{"id":"project.fs","version":"1"},"event":{"state":true,"data":{"created":1649319528918},"id":"invoked"}}
{"recorder_version":"31","session":"84ec5f33c974","build":"193.6494.35","bucket":"237","time":1649319529062,"group":{"id":"project.import","version":"2"},"event":{"count":1,"data":{"ide_activity_id":2,"plugin":"org.jetbrains.idea.maven","system_id":"undefined.system","created":1649319529062,"task_class":"org.jetbrains.idea.maven.project.MavenProjectsProcessorReadingTask","plugin_type":"JB_BUNDLED","project":"f7b5ea9a58297bf4d0bb7dd5813c67629a8b106c31f4ba21466e3473a19e292b"},"id":"started"}}
{"recorder_version":"31","session":"84ec5f33c974","build":"193.6494.35","bucket":"237","time":1649319529077,"group":{"id":"ui.dialogs","version":"31"},"event":{"count":1,"data":{"code":1,"created":1649319529077,"plugin_type":"PLATFORM","dialog_class":"com.intellij.openapi.progress.util.ProgressDialog$MyDialogWrapper"},"id":"close"}}
{"recorder_version":"31","session":"84ec5f33c974","build":"193.6494.35","bucket":"237","time":1649319529093,"group":{"id":"project.import","version":"2"},"event":{"count":1,"data":{"duration_ms":31,"ide_activity_id":2,"created":1649319529093},"id":"finished"}}
{"recorder_version":"31","session":"84ec5f33c974","build":"193.6494.35","bucket":"237","time":1649319529311,"group":{"id":"performance","version":"31"},"event":{"count":1,"data":{"duration_ms":248,"created":1649319529311},"id":"ui.lagging"}}
{"recorder_version":"31","session":"84ec5f33c974","build":"193.6494.35","bucket":"237","time":1649319529541,"group":{"id":"lifecycle","version":"31"},"event":{"count":1,"data":{"duration_ms":4785,"created":1649319529541,"project":"f7b5ea9a58297bf4d0bb7dd5813c67629a8b106c31f4ba21466e3473a19e292b"},"id":"project.opening.finished"}}
{"recorder_version":"31","session":"84ec5f33c974","build":"193.6494.35","bucket":"237","time":1649319532153,"group":{"id":"indexing","version":"2"},"event":{"count":1,"data":{"duration_ms":4238,"ide_activity_id":1,"created":1649319532153},"id":"finished"}}
