{"recorder_version":"31","session":"f566ac8d1465","build":"193.6494.35","bucket":"237","time":1649338398672,"group":{"id":"settings","version":"4"},"event":{"state":true,"data":{"component":"NotRoamableUiSettings","created":1649338398997},"id":"invoked"}}
{"recorder_version":"31","session":"f566ac8d1465","build":"193.6494.35","bucket":"237","time":1649338398673,"group":{"id":"settings","version":"4"},"event":{"state":true,"data":{"component":"UISettings","created":1649338398998},"id":"invoked"}}
{"recorder_version":"31","session":"f566ac8d1465","build":"193.6494.35","bucket":"237","time":1649338398685,"group":{"id":"system.java","version":"1"},"event":{"state":true,"data":{"created":1649338399006,"version":"validation.undefined_rule"},"id":"validation.undefined_rule"}}
{"recorder_version":"31","session":"f566ac8d1465","build":"193.6494.35","bucket":"237","time":1649338398685,"group":{"id":"system.java","version":"1"},"event":{"state":true,"data":{"created":1649338399006},"id":"invoked"}}
{"recorder_version":"31","session":"f566ac8d1465","build":"193.6494.35","bucket":"237","time":1649338398712,"group":{"id":"system.os","version":"3"},"event":{"state":true,"data":{"created":1649338399007,"version":"10.13"},"id":"Mac"}}
{"recorder_version":"31","session":"f566ac8d1465","build":"193.6494.35","bucket":"237","time":1649338398712,"group":{"id":"system.os","version":"3"},"event":{"state":true,"data":{"created":1649338399008,"name":"Mac","version":"10.13"},"id":"os.name"}}
{"recorder_version":"31","session":"f566ac8d1465","build":"193.6494.35","bucket":"237","time":1649338398712,"group":{"id":"system.os","version":"3"},"event":{"state":true,"data":{"created":1649338399008,"value":"+08_00"},"id":"os.timezone"}}
{"recorder_version":"31","session":"f566ac8d1465","build":"193.6494.35","bucket":"237","time":1649338398712,"group":{"id":"system.os","version":"3"},"event":{"state":true,"data":{"created":1649338399008},"id":"invoked"}}
{"recorder_version":"31","session":"f566ac8d1465","build":"193.6494.35","bucket":"237","time":1649338398973,"group":{"id":"event.log","version":"31"},"event":{"count":1,"data":{"created":1649338399009,"version":"2463.0"},"id":"whitelist.loaded"}}
{"recorder_version":"31","session":"f566ac8d1465","build":"193.6494.35","bucket":"237","time":1649338399580,"group":{"id":"settings","version":"4"},"event":{"state":true,"data":{"component":"UpdatesConfigurable","created":1649338399582,"name":"checkNeeded","type":"bool","value":false},"id":"not.default"}}
{"recorder_version":"31","session":"f566ac8d1465","build":"193.6494.35","bucket":"237","time":1649338399582,"group":{"id":"settings","version":"4"},"event":{"state":true,"data":{"component":"UpdatesConfigurable","created":1649338399584},"id":"invoked"}}
{"recorder_version":"31","session":"f566ac8d1465","build":"193.6494.35","bucket":"237","time":1649338399871,"group":{"id":"performance","version":"31"},"event":{"count":1,"data":{"duration_ms":196,"created":1649338399872},"id":"ui.latency"}}
{"recorder_version":"31","session":"f566ac8d1465","build":"193.6494.35","bucket":"237","time":1649338399871,"group":{"id":"performance","version":"31"},"event":{"count":1,"data":{"duration_ms":196,"created":1649338399872},"id":"ui.lagging"}}
{"recorder_version":"31","session":"f566ac8d1465","build":"193.6494.35","bucket":"237","time":1649338399883,"group":{"id":"settings","version":"4"},"event":{"state":true,"data":{"component":"GeneralSettings","created":1649338399883},"id":"invoked"}}
{"recorder_version":"31","session":"f566ac8d1465","build":"193.6494.35","bucket":"237","time":1649338399886,"group":{"id":"lifecycle","version":"31"},"event":{"count":1,"data":{"internal":true,"eap":false,"created":1649338399886},"id":"ide.start"}}
{"recorder_version":"31","session":"f566ac8d1465","build":"193.6494.35","bucket":"237","time":1649338399997,"group":{"id":"settings","version":"4"},"event":{"state":true,"data":{"component":"XmlEditorOptions","created":1649338399997},"id":"invoked"}}
{"recorder_version":"31","session":"f566ac8d1465","build":"193.6494.35","bucket":"237","time":1649338400356,"group":{"id":"settings","version":"4"},"event":{"state":true,"data":{"component":"VcsApplicationSettings","created":1649338400356},"id":"invoked"}}
{"recorder_version":"31","session":"f566ac8d1465","build":"193.6494.35","bucket":"237","time":1649338400356,"group":{"id":"lifecycle","version":"31"},"event":{"count":1,"data":{"created":1649338400356},"id":"frame.activated"}}
{"recorder_version":"31","session":"f566ac8d1465","build":"193.6494.35","bucket":"237","time":1649338400401,"group":{"id":"ui.dialogs","version":"31"},"event":{"count":1,"data":{"created":1649338400401,"plugin_type":"PLATFORM","dialog_class":"com.intellij.openapi.progress.util.ProgressDialog$MyDialogWrapper"},"id":"show"}}
{"recorder_version":"31","session":"f566ac8d1465","build":"193.6494.35","bucket":"237","time":1649338402796,"group":{"id":"lifecycle","version":"31"},"event":{"count":1,"data":{"created":1649338402796,"project":"f7b5ea9a58297bf4d0bb7dd5813c67629a8b106c31f4ba21466e3473a19e292b"},"id":"project.opened"}}
{"recorder_version":"31","session":"f566ac8d1465","build":"193.6494.35","bucket":"237","time":1649338403401,"group":{"id":"indexing","version":"2"},"event":{"count":1,"data":{"ide_activity_id":1,"created":1649338403401,"project":"f7b5ea9a58297bf4d0bb7dd5813c67629a8b106c31f4ba21466e3473a19e292b"},"id":"started"}}
{"recorder_version":"31","session":"f566ac8d1465","build":"193.6494.35","bucket":"237","time":1649338403433,"group":{"id":"toolwindow","version":"31"},"event":{"count":1,"data":{"ViewMode":"Dock_Pinned","created":1649338403433,"plugin_type":"PLATFORM","id":"Project","Location":"Left_Top"},"id":"activated"}}
{"recorder_version":"31","session":"f566ac8d1465","build":"193.6494.35","bucket":"237","time":1649338404612,"group":{"id":"indexing","version":"2"},"event":{"count":1,"data":{"ide_activity_id":1,"stage_class":"com.intellij.util.indexing.UnindexedFilesUpdater","created":1649338404613,"plugin_type":"PLATFORM"},"id":"stage"}}
{"recorder_version":"31","session":"f566ac8d1465","build":"193.6494.35","bucket":"237","time":1649338404613,"group":{"id":"performance","version":"31"},"event":{"count":1,"data":{"duration_ms":1128,"created":1649338404614},"id":"ui.lagging"}}
{"recorder_version":"31","session":"f566ac8d1465","build":"193.6494.35","bucket":"237","time":1649338404617,"group":{"id":"performance","version":"31"},"event":{"count":1,"data":{"duration_ms":127,"created":1649338404617},"id":"ui.lagging"}}
{"recorder_version":"31","session":"f566ac8d1465","build":"193.6494.35","bucket":"237","time":1649338404682,"group":{"id":"ui.tips","version":"3"},"event":{"count":1,"data":{"created":1649338404683,"type":"automatically"},"id":"dialog.shown"}}
{"recorder_version":"31","session":"f566ac8d1465","build":"193.6494.35","bucket":"237","time":1649338404774,"group":{"id":"ui.tips","version":"3"},"event":{"count":1,"data":{"feature_id":"no.feature.id","filename":"neue-Multiselection2.html","plugin":"com.intellij.java.ide","created":1649338404774,"plugin_type":"JB_BUNDLED"},"id":"tip.shown"}}
{"recorder_version":"31","session":"f566ac8d1465","build":"193.6494.35","bucket":"237","time":1649338404795,"group":{"id":"ui.dialogs","version":"31"},"event":{"count":1,"data":{"created":1649338404795,"plugin_type":"PLATFORM","dialog_class":"com.intellij.ide.util.TipDialog"},"id":"show"}}
{"recorder_version":"31","session":"f566ac8d1465","build":"193.6494.35","bucket":"237","time":1649338405943,"group":{"id":"performance","version":"31"},"event":{"count":1,"data":{"duration_ms":449,"created":1649338405943},"id":"ui.lagging"}}
{"recorder_version":"31","session":"f566ac8d1465","build":"193.6494.35","bucket":"237","time":1649338406892,"group":{"id":"performance","version":"31"},"event":{"count":1,"data":{"duration_ms":393,"created":1649338406892},"id":"ui.lagging"}}
{"recorder_version":"31","session":"f566ac8d1465","build":"193.6494.35","bucket":"237","time":1649338406898,"group":{"id":"project.fs","version":"1"},"event":{"state":true,"data":{"os":"Mac","cs-project":false,"created":1649338406898,"project":"f7b5ea9a58297bf4d0bb7dd5813c67629a8b106c31f4ba21466e3473a19e292b","cs-implicit":true,"cs-system":false},"id":"case-sensitivity"}}
{"recorder_version":"31","session":"f566ac8d1465","build":"193.6494.35","bucket":"237","time":1649338406898,"group":{"id":"project.fs","version":"1"},"event":{"state":true,"data":{"created":1649338406899},"id":"invoked"}}
{"recorder_version":"31","session":"f566ac8d1465","build":"193.6494.35","bucket":"237","time":1649338406899,"group":{"id":"project.fs","version":"1"},"event":{"state":true,"data":{"pct-non-watched":0,"created":1649338406899,"project":"f7b5ea9a58297bf4d0bb7dd5813c67629a8b106c31f4ba21466e3473a19e292b"},"id":"roots-watched"}}
{"recorder_version":"31","session":"f566ac8d1465","build":"193.6494.35","bucket":"237","time":1649338406899,"group":{"id":"project.fs","version":"1"},"event":{"state":true,"data":{"created":1649338406900},"id":"invoked"}}
{"recorder_version":"31","session":"f566ac8d1465","build":"193.6494.35","bucket":"237","time":1649338407310,"group":{"id":"project.import","version":"2"},"event":{"count":1,"data":{"ide_activity_id":2,"plugin":"org.jetbrains.idea.maven","system_id":"undefined.system","created":1649338407310,"task_class":"org.jetbrains.idea.maven.project.MavenProjectsProcessorReadingTask","plugin_type":"JB_BUNDLED","project":"f7b5ea9a58297bf4d0bb7dd5813c67629a8b106c31f4ba21466e3473a19e292b"},"id":"started"}}
{"recorder_version":"31","session":"f566ac8d1465","build":"193.6494.35","bucket":"237","time":1649338407339,"group":{"id":"project.import","version":"2"},"event":{"count":1,"data":{"duration_ms":29,"ide_activity_id":2,"created":1649338407341},"id":"finished"}}
{"recorder_version":"31","session":"f566ac8d1465","build":"193.6494.35","bucket":"237","time":1649338407886,"group":{"id":"ui.dialogs","version":"31"},"event":{"count":1,"data":{"code":1,"created":1649338407886,"plugin_type":"PLATFORM","dialog_class":"com.intellij.openapi.progress.util.ProgressDialog$MyDialogWrapper"},"id":"close"}}
{"recorder_version":"31","session":"f566ac8d1465","build":"193.6494.35","bucket":"237","time":1649338407996,"group":{"id":"performance","version":"31"},"event":{"count":1,"data":{"duration_ms":492,"created":1649338407996},"id":"ui.lagging"}}
{"recorder_version":"31","session":"f566ac8d1465","build":"193.6494.35","bucket":"237","time":1649338409036,"group":{"id":"ui.dialogs","version":"31"},"event":{"count":1,"data":{"code":1,"created":1649338409036,"plugin_type":"PLATFORM","dialog_class":"com.intellij.ide.util.TipDialog"},"id":"close"}}
{"recorder_version":"31","session":"f566ac8d1465","build":"193.6494.35","bucket":"237","time":1649338409186,"group":{"id":"performance","version":"31"},"event":{"count":1,"data":{"duration_ms":678,"created":1649338409186},"id":"ui.lagging"}}
{"recorder_version":"31","session":"f566ac8d1465","build":"193.6494.35","bucket":"237","time":1649338409186,"group":{"id":"lifecycle","version":"31"},"event":{"count":1,"data":{"created":1649338409186,"project":"f7b5ea9a58297bf4d0bb7dd5813c67629a8b106c31f4ba21466e3473a19e292b"},"id":"frame.deactivated"}}
{"recorder_version":"31","session":"f566ac8d1465","build":"193.6494.35","bucket":"237","time":1649338409229,"group":{"id":"lifecycle","version":"31"},"event":{"count":1,"data":{"created":1649338409229,"project":"f7b5ea9a58297bf4d0bb7dd5813c67629a8b106c31f4ba21466e3473a19e292b"},"id":"frame.activated"}}
{"recorder_version":"31","session":"f566ac8d1465","build":"193.6494.35","bucket":"237","time":1649338410076,"group":{"id":"performance","version":"31"},"event":{"count":1,"data":{"duration_ms":566,"created":1649338410076},"id":"ui.lagging"}}
{"recorder_version":"31","session":"f566ac8d1465","build":"193.6494.35","bucket":"237","time":1649338410233,"group":{"id":"lifecycle","version":"31"},"event":{"count":1,"data":{"duration_ms":10152,"created":1649338410233,"project":"f7b5ea9a58297bf4d0bb7dd5813c67629a8b106c31f4ba21466e3473a19e292b"},"id":"project.opening.finished"}}
{"recorder_version":"31","session":"f566ac8d1465","build":"193.6494.35","bucket":"237","time":1649338411628,"group":{"id":"performance","version":"31"},"event":{"count":1,"data":{"duration_ms":108,"created":1649338411628},"id":"ui.lagging"}}
{"recorder_version":"31","session":"f566ac8d1465","build":"193.6494.35","bucket":"237","time":1649338412515,"group":{"id":"indexing","version":"2"},"event":{"count":1,"data":{"duration_ms":9114,"ide_activity_id":1,"created":1649338412515},"id":"finished"}}
{"recorder_version":"31","session":"f566ac8d1465","build":"193.6494.35","bucket":"237","time":1649338412588,"group":{"id":"indexing","version":"2"},"event":{"count":1,"data":{"ide_activity_id":3,"created":1649338412588,"project":"f7b5ea9a58297bf4d0bb7dd5813c67629a8b106c31f4ba21466e3473a19e292b"},"id":"started"}}
{"recorder_version":"31","session":"f566ac8d1465","build":"193.6494.35","bucket":"237","time":1649338412600,"group":{"id":"indexing","version":"2"},"event":{"count":1,"data":{"ide_activity_id":3,"plugin":"org.jetbrains.android","stage_class":"com.android.tools.idea.res.ResourceFolderRepositoryFileCacheImpl$PruneTask","created":1649338412600,"plugin_type":"JB_BUNDLED"},"id":"stage"}}
{"recorder_version":"31","session":"f566ac8d1465","build":"193.6494.35","bucket":"237","time":1649338412621,"group":{"id":"indexing","version":"2"},"event":{"count":1,"data":{"ide_activity_id":3,"plugin":"org.jetbrains.android","stage_class":"com.android.tools.idea.res.ResourceFolderRepositoryFileCacheImpl$ManageLruProjectFilesTask","created":1649338412622,"plugin_type":"JB_BUNDLED"},"id":"stage"}}
{"recorder_version":"31","session":"f566ac8d1465","build":"193.6494.35","bucket":"237","time":1649338412628,"group":{"id":"indexing","version":"2"},"event":{"count":1,"data":{"duration_ms":40,"ide_activity_id":3,"created":1649338412628},"id":"finished"}}
{"recorder_version":"31","session":"f566ac8d1465","build":"193.6494.35","bucket":"237","time":1649338412643,"group":{"id":"indexing","version":"2"},"event":{"count":1,"data":{"ide_activity_id":4,"created":1649338412643,"project":"f7b5ea9a58297bf4d0bb7dd5813c67629a8b106c31f4ba21466e3473a19e292b"},"id":"started"}}
{"recorder_version":"31","session":"f566ac8d1465","build":"193.6494.35","bucket":"237","time":1649338412659,"group":{"id":"indexing","version":"2"},"event":{"count":1,"data":{"ide_activity_id":4,"plugin":"org.jetbrains.android","stage_class":"com.android.tools.idea.res.ResourceFolderRegistry$PopulateCachesTask","created":1649338412660,"plugin_type":"JB_BUNDLED"},"id":"stage"}}
{"recorder_version":"31","session":"f566ac8d1465","build":"193.6494.35","bucket":"237","time":1649338412680,"group":{"id":"indexing","version":"2"},"event":{"count":1,"data":{"duration_ms":37,"ide_activity_id":4,"created":1649338412681},"id":"finished"}}
{"recorder_version":"31","session":"f566ac8d1465","build":"193.6494.35","bucket":"237","time":1649338413200,"group":{"id":"startup","version":"1"},"event":{"count":1,"data":{"duration":2965,"created":1649338413201},"id":"appInit"}}
{"recorder_version":"31","session":"f566ac8d1465","build":"193.6494.35","bucket":"237","time":1649338413200,"group":{"id":"startup","version":"1"},"event":{"count":1,"data":{"duration":327,"created":1649338413201},"id":"splash"}}
{"recorder_version":"31","session":"f566ac8d1465","build":"193.6494.35","bucket":"237","time":1649338413200,"group":{"id":"startup","version":"1"},"event":{"count":1,"data":{"duration":230,"created":1649338413201},"id":"bootstrap"}}
{"recorder_version":"31","session":"f566ac8d1465","build":"193.6494.35","bucket":"237","time":1649338413200,"group":{"id":"startup","version":"1"},"event":{"count":1,"data":{"duration":11116,"created":1649338413201},"id":"totalDuration"}}
{"recorder_version":"31","session":"f566ac8d1465","build":"193.6494.35","bucket":"237","time":1649338415869,"group":{"id":"performance","version":"31"},"event":{"count":1,"data":{"duration_ms":1344,"created":1649338415869},"id":"ui.lagging"}}
{"recorder_version":"31","session":"f566ac8d1465","build":"193.6494.35","bucket":"237","time":1649338415869,"group":{"id":"performance","version":"31"},"event":{"count":1,"data":{"duration_ms":339,"created":1649338415869},"id":"ui.lagging"}}
{"recorder_version":"31","session":"f566ac8d1465","build":"193.6494.35","bucket":"237","time":1649338417594,"group":{"id":"actions","version":"31"},"event":{"count":1,"data":{"context_menu":true,"action_id":"third.party","created":1649338417594,"plugin_type":"NOT_LISTED","project":"f7b5ea9a58297bf4d0bb7dd5813c67629a8b106c31f4ba21466e3473a19e292b","place":"ProjectViewPopup","class":"third.party","input_event":"MouseLeft"},"id":"action.invoked"}}
{"recorder_version":"31","session":"f566ac8d1465","build":"193.6494.35","bucket":"237","time":1649340445983,"group":{"id":"kotlin.ide.j2k","version":"1"},"event":{"count":1,"data":{"created":1649340446007},"id":"registered"}}
{"recorder_version":"31","session":"f566ac8d1465","build":"193.6494.35","bucket":"237","time":1649340445986,"group":{"id":"java.find.usages","version":"1"},"event":{"count":1,"data":{"created":1649340446025},"id":"registered"}}
{"recorder_version":"31","session":"f566ac8d1465","build":"193.6494.35","bucket":"237","time":1649340445994,"group":{"id":"file.types.usage","version":"31"},"event":{"count":1,"data":{"created":1649340446026},"id":"registered"}}
{"recorder_version":"31","session":"f566ac8d1465","build":"193.6494.35","bucket":"237","time":1649340445994,"group":{"id":"ide.script.engine","version":"2"},"event":{"count":1,"data":{"created":1649340446027},"id":"registered"}}
{"recorder_version":"31","session":"f566ac8d1465","build":"193.6494.35","bucket":"237","time":1649340445994,"group":{"id":"live.templates","version":"31"},"event":{"count":1,"data":{"created":1649340446029},"id":"registered"}}
{"recorder_version":"31","session":"f566ac8d1465","build":"193.6494.35","bucket":"237","time":1649340445994,"group":{"id":"ide.self.update","version":"2"},"event":{"count":1,"data":{"created":1649340446030},"id":"registered"}}
{"recorder_version":"31","session":"f566ac8d1465","build":"193.6494.35","bucket":"237","time":1649340445994,"group":{"id":"lifecycle","version":"31"},"event":{"count":1,"data":{"created":1649340446030},"id":"registered"}}
{"recorder_version":"31","session":"f566ac8d1465","build":"193.6494.35","bucket":"237","time":1649340445994,"group":{"id":"vcs.diff.trigger","version":"1"},"event":{"count":1,"data":{"created":1649340446031},"id":"registered"}}
{"recorder_version":"31","session":"f566ac8d1465","build":"193.6494.35","bucket":"237","time":1649340445994,"group":{"id":"debugger.breakpoints.usage","version":"2"},"event":{"count":1,"data":{"created":1649340446031},"id":"registered"}}
{"recorder_version":"31","session":"f566ac8d1465","build":"193.6494.35","bucket":"237","time":1649340445994,"group":{"id":"kotlin.gradle.library","version":"1"},"event":{"count":1,"data":{"created":1649340446031},"id":"registered"}}
{"recorder_version":"31","session":"f566ac8d1465","build":"193.6494.35","bucket":"237","time":1649340445994,"group":{"id":"startup","version":"1"},"event":{"count":1,"data":{"created":1649340446031},"id":"registered"}}
{"recorder_version":"31","session":"f566ac8d1465","build":"193.6494.35","bucket":"237","time":1649340445994,"group":{"id":"find","version":"2"},"event":{"count":1,"data":{"created":1649340446033},"id":"registered"}}
{"recorder_version":"31","session":"f566ac8d1465","build":"193.6494.35","bucket":"237","time":1649340445994,"group":{"id":"kotlin.gradle.target","version":"2"},"event":{"count":1,"data":{"created":1649340446033},"id":"registered"}}
{"recorder_version":"31","session":"f566ac8d1465","build":"193.6494.35","bucket":"237","time":1649340445994,"group":{"id":"gutter.icon.click","version":"2"},"event":{"count":1,"data":{"created":1649340446033},"id":"registered"}}
{"recorder_version":"31","session":"f566ac8d1465","build":"193.6494.35","bucket":"237","time":1649340445994,"group":{"id":"shell.script","version":"1"},"event":{"count":1,"data":{"created":1649340446033},"id":"registered"}}
{"recorder_version":"31","session":"f566ac8d1465","build":"193.6494.35","bucket":"237","time":1649340445994,"group":{"id":"new.project.wizard","version":"1"},"event":{"count":1,"data":{"created":1649340446034},"id":"registered"}}
{"recorder_version":"31","session":"f566ac8d1465","build":"193.6494.35","bucket":"237","time":1649340445994,"group":{"id":"kotlin.ide.npwizards","version":"1"},"event":{"count":1,"data":{"created":1649340446034},"id":"registered"}}
{"recorder_version":"31","session":"f566ac8d1465","build":"193.6494.35","bucket":"237","time":1649340445994,"group":{"id":"intentions","version":"31"},"event":{"count":1,"data":{"created":1649340446034},"id":"registered"}}
{"recorder_version":"31","session":"f566ac8d1465","build":"193.6494.35","bucket":"237","time":1649340445994,"group":{"id":"settings.repository","version":"1"},"event":{"count":1,"data":{"created":1649340446034},"id":"registered"}}
{"recorder_version":"31","session":"f566ac8d1465","build":"193.6494.35","bucket":"237","time":1649340445994,"group":{"id":"vcs.change.reminder","version":"2"},"event":{"count":1,"data":{"created":1649340446035},"id":"registered"}}
{"recorder_version":"31","session":"f566ac8d1465","build":"193.6494.35","bucket":"237","time":1649340445994,"group":{"id":"create.directory.dialog","version":"1"},"event":{"count":1,"data":{"created":1649340446035},"id":"registered"}}
{"recorder_version":"31","session":"f566ac8d1465","build":"193.6494.35","bucket":"237","time":1649340445994,"group":{"id":"kotlin.maven.target","version":"3"},"event":{"count":1,"data":{"created":1649340446035},"id":"registered"}}
{"recorder_version":"31","session":"f566ac8d1465","build":"193.6494.35","bucket":"237","time":1649340445994,"group":{"id":"json.schema","version":"1"},"event":{"count":1,"data":{"created":1649340446035},"id":"registered"}}
{"recorder_version":"31","session":"f566ac8d1465","build":"193.6494.35","bucket":"237","time":1649340445994,"group":{"id":"terminalShell","version":"1"},"event":{"count":1,"data":{"created":1649340446035},"id":"registered"}}
{"recorder_version":"31","session":"f566ac8d1465","build":"193.6494.35","bucket":"237","time":1649340445994,"group":{"id":"rename.refactoring","version":"1"},"event":{"count":1,"data":{"created":1649340446036},"id":"registered"}}
{"recorder_version":"31","session":"f566ac8d1465","build":"193.6494.35","bucket":"237","time":1649340445994,"group":{"id":"build.ant.actions","version":"1"},"event":{"count":1,"data":{"created":1649340446036},"id":"registered"}}
{"recorder_version":"31","session":"f566ac8d1465","build":"193.6494.35","bucket":"237","time":1649340445994,"group":{"id":"actions","version":"31"},"event":{"count":1,"data":{"created":1649340446036},"id":"registered"}}
{"recorder_version":"31","session":"f566ac8d1465","build":"193.6494.35","bucket":"237","time":1649340445994,"group":{"id":"kotlin.ide.editor","version":"1"},"event":{"count":1,"data":{"created":1649340446036},"id":"registered"}}
{"recorder_version":"31","session":"f566ac8d1465","build":"193.6494.35","bucket":"237","time":1649340445994,"group":{"id":"event.log","version":"31"},"event":{"count":1,"data":{"created":1649340446036},"id":"registered"}}
{"recorder_version":"31","session":"f566ac8d1465","build":"193.6494.35","bucket":"237","time":1649340445994,"group":{"id":"run.configuration.exec","version":"31"},"event":{"count":1,"data":{"created":1649340446037},"id":"registered"}}
{"recorder_version":"31","session":"f566ac8d1465","build":"193.6494.35","bucket":"237","time":1649340445994,"group":{"id":"build.tools.actions","version":"1"},"event":{"count":1,"data":{"created":1649340446037},"id":"registered"}}
{"recorder_version":"31","session":"f566ac8d1465","build":"193.6494.35","bucket":"237","time":1649340445994,"group":{"id":"file.editor","version":"2"},"event":{"count":1,"data":{"created":1649340446038},"id":"registered"}}
{"recorder_version":"31","session":"f566ac8d1465","build":"193.6494.35","bucket":"237","time":1649340445994,"group":{"id":"vfs","version":"2"},"event":{"count":1,"data":{"created":1649340446038},"id":"registered"}}
{"recorder_version":"31","session":"f566ac8d1465","build":"193.6494.35","bucket":"237","time":1649340445994,"group":{"id":"project.import","version":"2"},"event":{"count":1,"data":{"created":1649340446039},"id":"registered"}}
{"recorder_version":"31","session":"f566ac8d1465","build":"193.6494.35","bucket":"237","time":1649340445994,"group":{"id":"actions.runAnything","version":"1"},"event":{"count":1,"data":{"created":1649340446040},"id":"registered"}}
{"recorder_version":"31","session":"f566ac8d1465","build":"193.6494.35","bucket":"237","time":1649340445994,"group":{"id":"toolwindow","version":"31"},"event":{"count":1,"data":{"created":1649340446040},"id":"registered"}}
{"recorder_version":"31","session":"f566ac8d1465","build":"193.6494.35","bucket":"237","time":1649340445994,"group":{"id":"kotlin.ide.newFileTempl","version":"1"},"event":{"count":1,"data":{"created":1649340446041},"id":"registered"}}
{"recorder_version":"31","session":"f566ac8d1465","build":"193.6494.35","bucket":"237","time":1649340445994,"group":{"id":"ui.settings","version":"31"},"event":{"count":1,"data":{"created":1649340446041},"id":"registered"}}
{"recorder_version":"31","session":"f566ac8d1465","build":"193.6494.35","bucket":"237","time":1649340445994,"group":{"id":"vcs.log.trigger","version":"2"},"event":{"count":1,"data":{"created":1649340446041},"id":"registered"}}
{"recorder_version":"31","session":"f566ac8d1465","build":"193.6494.35","bucket":"237","time":1649340445994,"group":{"id":"productivity","version":"31"},"event":{"count":1,"data":{"created":1649340446041},"id":"registered"}}
{"recorder_version":"31","session":"f566ac8d1465","build":"193.6494.35","bucket":"237","time":1649340445994,"group":{"id":"build.maven.actions","version":"1"},"event":{"count":1,"data":{"created":1649340446042},"id":"registered"}}
{"recorder_version":"31","session":"f566ac8d1465","build":"193.6494.35","bucket":"237","time":1649340445994,"group":{"id":"ui.event","version":"3"},"event":{"count":1,"data":{"created":1649340446042},"id":"registered"}}
{"recorder_version":"31","session":"f566ac8d1465","build":"193.6494.35","bucket":"237","time":1649340445994,"group":{"id":"plugins.advertiser","version":"1"},"event":{"count":1,"data":{"created":1649340446042},"id":"registered"}}
{"recorder_version":"31","session":"f566ac8d1465","build":"193.6494.35","bucket":"237","time":1649340445994,"group":{"id":"editor.notification.panel","version":"1"},"event":{"count":1,"data":{"created":1649340446042},"id":"registered"}}
{"recorder_version":"31","session":"f566ac8d1465","build":"193.6494.35","bucket":"237","time":1649340445994,"group":{"id":"kotlin.ide.debugger","version":"2"},"event":{"count":1,"data":{"created":1649340446043},"id":"registered"}}
{"recorder_version":"31","session":"f566ac8d1465","build":"193.6494.35","bucket":"237","time":1649340445994,"group":{"id":"tooltip.action.events","version":"1"},"event":{"count":1,"data":{"created":1649340446043},"id":"registered"}}
{"recorder_version":"31","session":"f566ac8d1465","build":"193.6494.35","bucket":"237","time":1649340445994,"group":{"id":"completion","version":"2"},"event":{"count":1,"data":{"created":1649340446043},"id":"registered"}}
{"recorder_version":"31","session":"f566ac8d1465","build":"193.6494.35","bucket":"237","time":1649340445994,"group":{"id":"indexing","version":"2"},"event":{"count":1,"data":{"created":1649340446043},"id":"registered"}}
{"recorder_version":"31","session":"f566ac8d1465","build":"193.6494.35","bucket":"237","time":1649340445994,"group":{"id":"vcs","version":"2"},"event":{"count":1,"data":{"created":1649340446044},"id":"registered"}}
{"recorder_version":"31","session":"f566ac8d1465","build":"193.6494.35","bucket":"237","time":1649340445994,"group":{"id":"ui.dialogs","version":"31"},"event":{"count":1,"data":{"created":1649340446045},"id":"registered"}}
{"recorder_version":"31","session":"f566ac8d1465","build":"193.6494.35","bucket":"237","time":1649340445994,"group":{"id":"vcs.back.forward.trigger","version":"1"},"event":{"count":1,"data":{"created":1649340446045},"id":"registered"}}
{"recorder_version":"31","session":"f566ac8d1465","build":"193.6494.35","bucket":"237","time":1649340445994,"group":{"id":"customize.wizard","version":"1"},"event":{"count":1,"data":{"created":1649340446045},"id":"registered"}}
{"recorder_version":"31","session":"f566ac8d1465","build":"193.6494.35","bucket":"237","time":1649340445994,"group":{"id":"ide.update.dialog","version":"1"},"event":{"count":1,"data":{"created":1649340446046},"id":"registered"}}
{"recorder_version":"31","session":"f566ac8d1465","build":"193.6494.35","bucket":"237","time":1649340445994,"group":{"id":"toolbar","version":"31"},"event":{"count":1,"data":{"created":1649340446047},"id":"registered"}}
{"recorder_version":"31","session":"f566ac8d1465","build":"193.6494.35","bucket":"237","time":1649340445994,"group":{"id":"build.gradle.actions","version":"1"},"event":{"count":1,"data":{"created":1649340446048},"id":"registered"}}
{"recorder_version":"31","session":"f566ac8d1465","build":"193.6494.35","bucket":"237","time":1649340445994,"group":{"id":"performance","version":"31"},"event":{"count":1,"data":{"created":1649340446048},"id":"registered"}}
{"recorder_version":"31","session":"f566ac8d1465","build":"193.6494.35","bucket":"237","time":1649340445994,"group":{"id":"build","version":"2"},"event":{"count":1,"data":{"created":1649340446049},"id":"registered"}}
{"recorder_version":"31","session":"f566ac8d1465","build":"193.6494.35","bucket":"237","time":1649340445994,"group":{"id":"searchEverywhere","version":"3"},"event":{"count":1,"data":{"created":1649340446049},"id":"registered"}}
{"recorder_version":"31","session":"f566ac8d1465","build":"193.6494.35","bucket":"237","time":1649340445994,"group":{"id":"kotlin.ide.action.refactoring","version":"1"},"event":{"count":1,"data":{"created":1649340446050},"id":"registered"}}
{"recorder_version":"31","session":"f566ac8d1465","build":"193.6494.35","bucket":"237","time":1649340445994,"group":{"id":"ui.tips","version":"3"},"event":{"count":1,"data":{"created":1649340446051},"id":"registered"}}
{"recorder_version":"31","session":"f566ac8d1465","build":"193.6494.35","bucket":"237","time":1649340445994,"group":{"id":"surround.with","version":"2"},"event":{"count":1,"data":{"created":1649340446051},"id":"registered"}}
{"recorder_version":"31","session":"f566ac8d1465","build":"193.6494.35","bucket":"237","time":1649340445994,"group":{"id":"import.old.config","version":"3"},"event":{"count":1,"data":{"created":1649340446052},"id":"registered"}}
{"recorder_version":"31","session":"f566ac8d1465","build":"193.6494.35","bucket":"237","time":1649340445994,"group":{"id":"kotlin.jps.target","version":"3"},"event":{"count":1,"data":{"created":1649340446053},"id":"registered"}}
{"recorder_version":"31","session":"f566ac8d1465","build":"193.6494.35","bucket":"237","time":1649340445994,"group":{"id":"completion.postfix","version":"31"},"event":{"count":1,"data":{"created":1649340446053},"id":"registered"}}
{"recorder_version":"31","session":"f566ac8d1465","build":"193.6494.35","bucket":"237","time":1649340445994,"group":{"id":"build.maven.packagesearch","version":"2"},"event":{"count":1,"data":{"created":1649340446053},"id":"registered"}}
{"recorder_version":"31","session":"f566ac8d1465","build":"193.6494.35","bucket":"237","time":1649340446120,"group":{"id":"ui.editor.color.schemes","version":"3"},"event":{"state":true,"data":{"scheme":"Default","created":1649340446121,"is_dark":false},"id":"enabled.color.scheme"}}
{"recorder_version":"31","session":"f566ac8d1465","build":"193.6494.35","bucket":"237","time":1649340446120,"group":{"id":"ui.editor.color.schemes","version":"3"},"event":{"state":true,"data":{"created":1649340446121},"id":"invoked"}}
{"recorder_version":"31","session":"f566ac8d1465","build":"193.6494.35","bucket":"237","time":1649340446123,"group":{"id":"system.runtime","version":"2"},"event":{"state":true,"data":{"created":1649340446124,"name":"G1_Old_Generation"},"id":"garbage.collector"}}
{"recorder_version":"31","session":"f566ac8d1465","build":"193.6494.35","bucket":"237","time":1649340446124,"group":{"id":"system.runtime","version":"2"},"event":{"state":true,"data":{"created":1649340446124,"name":"Xmx","value":512},"id":"jvm.option"}}
{"recorder_version":"31","session":"f566ac8d1465","build":"193.6494.35","bucket":"237","time":1649340446124,"group":{"id":"system.runtime","version":"2"},"event":{"state":true,"data":{"created":1649340446125,"value":12},"id":"cores"}}
{"recorder_version":"31","session":"f566ac8d1465","build":"193.6494.35","bucket":"237","time":1649340446124,"group":{"id":"system.runtime","version":"2"},"event":{"state":true,"data":{"created":1649340446125,"name":"G1_Young_Generation"},"id":"garbage.collector"}}
{"recorder_version":"31","session":"f566ac8d1465","build":"193.6494.35","bucket":"237","time":1649340446124,"group":{"id":"system.runtime","version":"2"},"event":{"state":true,"data":{"vendor":"Other","created":1649340446125,"bit":"64","version":"1.11"},"id":"jvm"}}
{"recorder_version":"31","session":"f566ac8d1465","build":"193.6494.35","bucket":"237","time":1649340446124,"group":{"id":"system.runtime","version":"2"},"event":{"state":true,"data":{"created":1649340446125,"name":"Xms","value":256},"id":"jvm.option"}}
{"recorder_version":"31","session":"f566ac8d1465","build":"193.6494.35","bucket":"237","time":1649340446124,"group":{"id":"system.runtime","version":"2"},"event":{"state":true,"data":{"created":1649340446125},"id":"invoked"}}
{"recorder_version":"31","session":"f566ac8d1465","build":"193.6494.35","bucket":"237","time":1649340446131,"group":{"id":"ui.info.features","version":"3"},"event":{"state":true,"data":{"created":1649340446131,"value":"hidden"},"id":"Toolbar"}}
{"recorder_version":"31","session":"f566ac8d1465","build":"193.6494.35","bucket":"237","time":1649340446131,"group":{"id":"ui.info.features","version":"3"},"event":{"state":true,"data":{"created":1649340446132,"enabled":true},"id":"Show.tips.on.startup"}}
{"recorder_version":"31","session":"f566ac8d1465","build":"193.6494.35","bucket":"237","time":1649340446131,"group":{"id":"ui.info.features","version":"3"},"event":{"state":true,"data":{"created":1649340446133,"scale_mode":true,"scale":2.0},"id":"Screen.Scale"}}
{"recorder_version":"31","session":"f566ac8d1465","build":"193.6494.35","bucket":"237","time":1649340446131,"group":{"id":"ui.info.features","version":"3"},"event":{"state":true,"data":{"created":1649340446133,"value":"hidden"},"id":"Tool.Window.buttons"}}
{"recorder_version":"31","session":"f566ac8d1465","build":"193.6494.35","bucket":"237","time":1649340446131,"group":{"id":"ui.info.features","version":"3"},"event":{"state":true,"data":{"created":1649340446133,"value":"Top"},"id":"Tabs"}}
{"recorder_version":"31","session":"f566ac8d1465","build":"193.6494.35","bucket":"237","time":1649340446131,"group":{"id":"ui.info.features","version":"3"},"event":{"state":true,"data":{"created":1649340446134,"enabled":true},"id":"Hide.Editor.Tabs.If.Needed"}}
{"recorder_version":"31","session":"f566ac8d1465","build":"193.6494.35","bucket":"237","time":1649340446131,"group":{"id":"ui.info.features","version":"3"},"event":{"state":true,"data":{"created":1649340446134,"enabled":true},"id":"Show.Editor.Tabs.In.Single.Row"}}
{"recorder_version":"31","session":"f566ac8d1465","build":"193.6494.35","bucket":"237","time":1649340446131,"group":{"id":"ui.info.features","version":"3"},"event":{"state":true,"data":{"toolbar":"hidden","navbar":"visible","created":1649340446134},"id":"Toolbar.and.NavBar"}}
{"recorder_version":"31","session":"f566ac8d1465","build":"193.6494.35","bucket":"237","time":1649340446131,"group":{"id":"ui.info.features","version":"3"},"event":{"state":true,"data":{"created":1649340446134,"enabled":false},"id":"Block.cursor"}}
{"recorder_version":"31","session":"f566ac8d1465","build":"193.6494.35","bucket":"237","time":1649340446131,"group":{"id":"ui.info.features","version":"3"},"event":{"state":true,"data":{"created":1649340446134,"enabled":false},"id":"Screen.Reader"}}
{"recorder_version":"31","session":"f566ac8d1465","build":"193.6494.35","bucket":"237","time":1649340446131,"group":{"id":"ui.info.features","version":"3"},"event":{"state":true,"data":{"created":1649340446135,"value":"Light"},"id":"Look.and.Feel"}}
{"recorder_version":"31","session":"f566ac8d1465","build":"193.6494.35","bucket":"237","time":1649340446131,"group":{"id":"ui.info.features","version":"3"},"event":{"state":true,"data":{"created":1649340446135,"enabled":false},"id":"QuickDoc.Show.Toolwindow"}}
{"recorder_version":"31","session":"f566ac8d1465","build":"193.6494.35","bucket":"237","time":1649340446131,"group":{"id":"ui.info.features","version":"3"},"event":{"state":true,"data":{"created":1649340446135,"enabled":true},"id":"Retina"}}
{"recorder_version":"31","session":"f566ac8d1465","build":"193.6494.35","bucket":"237","time":1649340446131,"group":{"id":"ui.info.features","version":"3"},"event":{"state":true,"data":{"grouped":"[30_50]","created":1649340446135,"count":50},"id":"Recent.files.limit"}}
{"recorder_version":"31","session":"f566ac8d1465","build":"193.6494.35","bucket":"237","time":1649340446131,"group":{"id":"ui.info.features","version":"3"},"event":{"state":true,"data":{"created":1649340446135,"value":"visible"},"id":"Status.bar"}}
{"recorder_version":"31","session":"f566ac8d1465","build":"193.6494.35","bucket":"237","time":1649340446131,"group":{"id":"ui.info.features","version":"3"},"event":{"state":true,"data":{"created":1649340446136,"enabled":true},"id":"QuickDoc.AutoUpdate"}}
{"recorder_version":"31","session":"f566ac8d1465","build":"193.6494.35","bucket":"237","time":1649340446131,"group":{"id":"ui.info.features","version":"3"},"event":{"state":true,"data":{"created":1649340446136,"value":"visible"},"id":"Nav.Bar"}}
{"recorder_version":"31","session":"f566ac8d1465","build":"193.6494.35","bucket":"237","time":1649340446131,"group":{"id":"ui.info.features","version":"3"},"event":{"state":true,"data":{"created":1649340446136,"enabled":true},"id":"Gutter.Icons"}}
{"recorder_version":"31","session":"f566ac8d1465","build":"193.6494.35","bucket":"237","time":1649340446131,"group":{"id":"ui.info.features","version":"3"},"event":{"state":true,"data":{"created":1649340446136,"enabled":true},"id":"Line.Numbers"}}
{"recorder_version":"31","session":"f566ac8d1465","build":"193.6494.35","bucket":"237","time":1649340446131,"group":{"id":"ui.info.features","version":"3"},"event":{"state":true,"data":{"created":1649340446136,"value":"per_monitor_dpi"},"id":"Hidpi.Mode"}}
{"recorder_version":"31","session":"f566ac8d1465","build":"193.6494.35","bucket":"237","time":1649340446131,"group":{"id":"ui.info.features","version":"3"},"event":{"state":true,"data":{"created":1649340446136,"enabled":true},"id":"Allow.merging.buttons"}}
{"recorder_version":"31","session":"f566ac8d1465","build":"193.6494.35","bucket":"237","time":1649340446131,"group":{"id":"ui.info.features","version":"3"},"event":{"state":true,"data":{"created":1649340446136,"enabled":false},"id":"Soft.Wraps"}}
{"recorder_version":"31","session":"f566ac8d1465","build":"193.6494.35","bucket":"237","time":1649340446131,"group":{"id":"ui.info.features","version":"3"},"event":{"state":true,"data":{"created":1649340446136},"id":"invoked"}}
{"recorder_version":"31","session":"f566ac8d1465","build":"193.6494.35","bucket":"237","time":1649340446133,"group":{"id":"user.advanced.info","version":"2"},"event":{"state":true,"data":{"created":1649340446137,"value":"release"},"id":"build"}}
{"recorder_version":"31","session":"f566ac8d1465","build":"193.6494.35","bucket":"237","time":1649340446133,"group":{"id":"user.advanced.info","version":"2"},"event":{"state":true,"data":{"created":1649340446137},"id":"release"}}
{"recorder_version":"31","session":"f566ac8d1465","build":"193.6494.35","bucket":"237","time":1649340446133,"group":{"id":"user.advanced.info","version":"2"},"event":{"state":true,"data":{"created":1649340446137},"id":"invoked"}}
{"recorder_version":"31","session":"f566ac8d1465","build":"193.6494.35","bucket":"237","time":1649340449300,"group":{"id":"vcs.diff","version":"2"},"event":{"state":true,"data":{"created":1649340449300},"id":"invoked"}}
{"recorder_version":"31","session":"f566ac8d1465","build":"193.6494.35","bucket":"237","time":1649340449301,"group":{"id":"vcs.github","version":"2"},"event":{"state":true,"data":{"has_enterprise":false,"created":1649340449301,"count":0},"id":"accounts"}}
{"recorder_version":"31","session":"f566ac8d1465","build":"193.6494.35","bucket":"237","time":1649340449301,"group":{"id":"vcs.github","version":"2"},"event":{"state":true,"data":{"created":1649340449301},"id":"invoked"}}
{"recorder_version":"31","session":"f566ac8d1465","build":"193.6494.35","bucket":"237","time":1649340449302,"group":{"id":"ui.fonts","version":"2"},"event":{"state":true,"data":{"created":1649340449302,"font_size":13,"font_name":".SF_NS_Text"},"id":"UI"}}
{"recorder_version":"31","session":"f566ac8d1465","build":"193.6494.35","bucket":"237","time":1649340449302,"group":{"id":"ui.fonts","version":"2"},"event":{"state":true,"data":{"created":1649340449302,"font_size":24},"id":"Presentation.mode"}}
{"recorder_version":"31","session":"f566ac8d1465","build":"193.6494.35","bucket":"237","time":1649340449302,"group":{"id":"ui.fonts","version":"2"},"event":{"state":true,"data":{"created":1649340449302,"font_size":12,"font_name":"Menlo"},"id":"IDE.editor"}}
{"recorder_version":"31","session":"f566ac8d1465","build":"193.6494.35","bucket":"237","time":1649340449302,"group":{"id":"ui.fonts","version":"2"},"event":{"state":true,"data":{"created":1649340449303,"value":1.2},"id":"editor.lineSpacing"}}
{"recorder_version":"31","session":"f566ac8d1465","build":"193.6494.35","bucket":"237","time":1649340449302,"group":{"id":"ui.fonts","version":"2"},"event":{"state":true,"data":{"created":1649340449303},"id":"invoked"}}
{"recorder_version":"31","session":"f566ac8d1465","build":"193.6494.35","bucket":"237","time":1649340449302,"group":{"id":"keymaps.name","version":"2"},"event":{"state":true,"data":{"created":1649340449303,"keymap_name":"Mac_OS_X_10.5+"},"id":"ide.keymap"}}
{"recorder_version":"31","session":"f566ac8d1465","build":"193.6494.35","bucket":"237","time":1649340449302,"group":{"id":"keymaps.name","version":"2"},"event":{"state":true,"data":{"created":1649340449303},"id":"invoked"}}
{"recorder_version":"31","session":"f566ac8d1465","build":"193.6494.35","bucket":"237","time":1649340449736,"group":{"id":"debugger.settings.ide","version":"2"},"event":{"state":true,"data":{"created":1649340449736},"id":"invoked"}}
{"recorder_version":"31","session":"f566ac8d1465","build":"193.6494.35","bucket":"237","time":1649340449737,"group":{"id":"plugins","version":"1"},"event":{"state":true,"data":{"created":1649340449737,"plugin_type":"NOT_LISTED"},"id":"enabled.not.bundled.plugin"}}
{"recorder_version":"31","session":"f566ac8d1465","build":"193.6494.35","bucket":"237","time":1649340449737,"group":{"id":"plugins","version":"1"},"event":{"state":true,"data":{"created":1649340449737},"id":"invoked"}}
{"recorder_version":"31","session":"f566ac8d1465","build":"193.6494.35","bucket":"237","time":1649340449738,"group":{"id":"platform.installer","version":"1"},"event":{"state":true,"data":{"created":1649340449738,"value":"IDE"},"id":"Update_Manager"}}
{"recorder_version":"31","session":"f566ac8d1465","build":"193.6494.35","bucket":"237","time":1649340449738,"group":{"id":"platform.installer","version":"1"},"event":{"state":true,"data":{"created":1649340449738},"id":"invoked"}}
{"recorder_version":"31","session":"f566ac8d1465","build":"193.6494.35","bucket":"237","time":1649340449738,"group":{"id":"vcs.log.index.application","version":"2"},"event":{"state":true,"data":{"created":1649340449738},"id":"invoked"}}
{"recorder_version":"31","session":"f566ac8d1465","build":"193.6494.35","bucket":"237","time":1649340449772,"group":{"id":"editor.settings.ide","version":"3"},"event":{"state":true,"data":{"created":1649340449772,"enabled":true},"id":"completionHints"}}
{"recorder_version":"31","session":"f566ac8d1465","build":"193.6494.35","bucket":"237","time":1649340449772,"group":{"id":"editor.settings.ide","version":"3"},"event":{"state":true,"data":{"created":1649340449772},"id":"invoked"}}
{"recorder_version":"31","session":"f566ac8d1465","build":"193.6494.35","bucket":"237","time":1649340449773,"group":{"id":"vcs.application.configuration","version":"1"},"event":{"state":true,"data":{"created":1649340449773},"id":"invoked"}}
{"recorder_version":"31","session":"f566ac8d1465","build":"193.6494.35","bucket":"237","time":1649340449778,"group":{"id":"platform.registry","version":"1"},"event":{"state":true,"data":{"created":1649340449778,"plugin_type":"PLATFORM","id":"show.create.new.element.in.popup"},"id":"experiment"}}
{"recorder_version":"31","session":"f566ac8d1465","build":"193.6494.35","bucket":"237","time":1649340449778,"group":{"id":"platform.registry","version":"1"},"event":{"state":true,"data":{"created":1649340449779,"plugin_type":"PLATFORM","id":"wsl.p9.support"},"id":"experiment"}}
{"recorder_version":"31","session":"f566ac8d1465","build":"193.6494.35","bucket":"237","time":1649340449778,"group":{"id":"platform.registry","version":"1"},"event":{"state":true,"data":{"created":1649340449779,"plugin_type":"PLATFORM","id":"inline.browse.button"},"id":"experiment"}}
{"recorder_version":"31","session":"f566ac8d1465","build":"193.6494.35","bucket":"237","time":1649340449778,"group":{"id":"platform.registry","version":"1"},"event":{"state":true,"data":{"created":1649340449779,"plugin_type":"PLATFORM","id":"recent.and.edited.files.together"},"id":"experiment"}}
{"recorder_version":"31","session":"f566ac8d1465","build":"193.6494.35","bucket":"237","time":1649340449778,"group":{"id":"platform.registry","version":"1"},"event":{"state":true,"data":{"created":1649340449779,"plugin_type":"PLATFORM","id":"copy.reference.popup"},"id":"experiment"}}
{"recorder_version":"31","session":"f566ac8d1465","build":"193.6494.35","bucket":"237","time":1649340449778,"group":{"id":"platform.registry","version":"1"},"event":{"state":true,"data":{"created":1649340449780,"id":"java.completion.argument.hints.internal"},"id":"registry"}}
{"recorder_version":"31","session":"f566ac8d1465","build":"193.6494.35","bucket":"237","time":1649340449778,"group":{"id":"platform.registry","version":"1"},"event":{"state":true,"data":{"created":1649340449780,"plugin_type":"PLATFORM","id":"new.large.text.file.viewer"},"id":"experiment"}}
{"recorder_version":"31","session":"f566ac8d1465","build":"193.6494.35","bucket":"237","time":1649340449778,"group":{"id":"platform.registry","version":"1"},"event":{"state":true,"data":{"created":1649340449780,"plugin_type":"PLATFORM","id":"linux.native.menu"},"id":"experiment"}}
{"recorder_version":"31","session":"f566ac8d1465","build":"193.6494.35","bucket":"237","time":1649340449778,"group":{"id":"platform.registry","version":"1"},"event":{"state":true,"data":{"created":1649340449780,"plugin_type":"PLATFORM","id":"property.value.inplace.editing"},"id":"experiment"}}
{"recorder_version":"31","session":"f566ac8d1465","build":"193.6494.35","bucket":"237","time":1649340449778,"group":{"id":"platform.registry","version":"1"},"event":{"state":true,"data":{"created":1649340449781,"plugin_type":"PLATFORM","id":"wsl.p9.show.roots.in.file.chooser"},"id":"experiment"}}
{"recorder_version":"31","session":"f566ac8d1465","build":"193.6494.35","bucket":"237","time":1649340449778,"group":{"id":"platform.registry","version":"1"},"event":{"state":true,"data":{"created":1649340449781},"id":"invoked"}}
{"recorder_version":"31","session":"f566ac8d1465","build":"193.6494.35","bucket":"237","time":1649340449793,"group":{"id":"java.refactoring.settings","version":"1"},"event":{"state":true,"data":{"created":1649340449793},"id":"invoked"}}
{"recorder_version":"31","session":"f566ac8d1465","build":"193.6494.35","bucket":"237","time":1649340449793,"group":{"id":"os.linux.wm","version":"2"},"event":{"state":true,"data":{"created":1649340449793},"id":"invoked"}}
{"recorder_version":"31","session":"f566ac8d1465","build":"193.6494.35","bucket":"237","time":1649340449834,"group":{"id":"vcs.log.data","version":"2"},"event":{"state":true,"data":{"created":1649340449834,"count":24,"project":"f7b5ea9a58297bf4d0bb7dd5813c67629a8b106c31f4ba21466e3473a19e292b"},"id":"users.count"}}
{"recorder_version":"31","session":"f566ac8d1465","build":"193.6494.35","bucket":"237","time":1649340449834,"group":{"id":"vcs.log.data","version":"2"},"event":{"state":true,"data":{"created":1649340449835,"project":"f7b5ea9a58297bf4d0bb7dd5813c67629a8b106c31f4ba21466e3473a19e292b"},"id":"dataInitialized"}}
{"recorder_version":"31","session":"f566ac8d1465","build":"193.6494.35","bucket":"237","time":1649340449834,"group":{"id":"vcs.log.data","version":"2"},"event":{"state":true,"data":{"created":1649340449835,"count":3474,"project":"f7b5ea9a58297bf4d0bb7dd5813c67629a8b106c31f4ba21466e3473a19e292b"},"id":"commit.count"}}
{"recorder_version":"31","session":"f566ac8d1465","build":"193.6494.35","bucket":"237","time":1649340449834,"group":{"id":"vcs.log.data","version":"2"},"event":{"state":true,"data":{"created":1649340449835,"vcs":"git","count":1,"project":"f7b5ea9a58297bf4d0bb7dd5813c67629a8b106c31f4ba21466e3473a19e292b"},"id":"root.count"}}
{"recorder_version":"31","session":"f566ac8d1465","build":"193.6494.35","bucket":"237","time":1649340449834,"group":{"id":"vcs.log.data","version":"2"},"event":{"state":true,"data":{"created":1649340449835,"count":227,"project":"f7b5ea9a58297bf4d0bb7dd5813c67629a8b106c31f4ba21466e3473a19e292b"},"id":"branches.count"}}
{"recorder_version":"31","session":"f566ac8d1465","build":"193.6494.35","bucket":"237","time":1649340449834,"group":{"id":"vcs.log.data","version":"2"},"event":{"state":true,"data":{"created":1649340449835,"project":"f7b5ea9a58297bf4d0bb7dd5813c67629a8b106c31f4ba21466e3473a19e292b"},"id":"invoked"}}
{"recorder_version":"31","session":"f566ac8d1465","build":"193.6494.35","bucket":"237","time":1649340449836,"group":{"id":"build.tools.state","version":"1"},"event":{"state":true,"data":{"created":1649340449836,"count":0,"externalSystemId":"Gradle","project":"f7b5ea9a58297bf4d0bb7dd5813c67629a8b106c31f4ba21466e3473a19e292b"},"id":"numberOfLinkedProject"}}
{"recorder_version":"31","session":"f566ac8d1465","build":"193.6494.35","bucket":"237","time":1649340449836,"group":{"id":"build.tools.state","version":"1"},"event":{"state":true,"data":{"created":1649340449837,"project":"f7b5ea9a58297bf4d0bb7dd5813c67629a8b106c31f4ba21466e3473a19e292b"},"id":"invoked"}}
{"recorder_version":"31","session":"f566ac8d1465","build":"193.6494.35","bucket":"237","time":1649340449854,"group":{"id":"build.maven.state","version":"1"},"event":{"state":true,"data":{"created":1649340449854,"project":"f7b5ea9a58297bf4d0bb7dd5813c67629a8b106c31f4ba21466e3473a19e292b","enabled":true},"id":"hasMavenProject"}}
{"recorder_version":"31","session":"f566ac8d1465","build":"193.6494.35","bucket":"237","time":1649340449854,"group":{"id":"build.maven.state","version":"1"},"event":{"state":true,"data":{"created":1649340449854,"project":"f7b5ea9a58297bf4d0bb7dd5813c67629a8b106c31f4ba21466e3473a19e292b","value":"not_set"},"id":"checksumPolicy"}}
{"recorder_version":"31","session":"f566ac8d1465","build":"193.6494.35","bucket":"237","time":1649340449854,"group":{"id":"build.maven.state","version":"1"},"event":{"state":true,"data":{"created":1649340449854,"project":"f7b5ea9a58297bf4d0bb7dd5813c67629a8b106c31f4ba21466e3473a19e292b","value":"not_set"},"id":"failureBehavior"}}
{"recorder_version":"31","session":"f566ac8d1465","build":"193.6494.35","bucket":"237","time":1649340449854,"group":{"id":"build.maven.state","version":"1"},"event":{"state":true,"data":{"created":1649340449854,"project":"f7b5ea9a58297bf4d0bb7dd5813c67629a8b106c31f4ba21466e3473a19e292b","enabled":false},"id":"alwaysUpdateSnapshots"}}
{"recorder_version":"31","session":"f566ac8d1465","build":"193.6494.35","bucket":"237","time":1649340449854,"group":{"id":"build.maven.state","version":"1"},"event":{"state":true,"data":{"created":1649340449854,"project":"f7b5ea9a58297bf4d0bb7dd5813c67629a8b106c31f4ba21466e3473a19e292b","enabled":false},"id":"nonRecursive"}}
{"recorder_version":"31","session":"f566ac8d1465","build":"193.6494.35","bucket":"237","time":1649340449854,"group":{"id":"build.maven.state","version":"1"},"event":{"state":true,"data":{"created":1649340449854,"project":"f7b5ea9a58297bf4d0bb7dd5813c67629a8b106c31f4ba21466e3473a19e292b","enabled":false},"id":"printErrorStackTraces"}}
{"recorder_version":"31","session":"f566ac8d1465","build":"193.6494.35","bucket":"237","time":1649340449854,"group":{"id":"build.maven.state","version":"1"},"event":{"state":true,"data":{"created":1649340449854,"project":"f7b5ea9a58297bf4d0bb7dd5813c67629a8b106c31f4ba21466e3473a19e292b","enabled":false},"id":"usePluginRegistry"}}
{"recorder_version":"31","session":"f566ac8d1465","build":"193.6494.35","bucket":"237","time":1649340449854,"group":{"id":"build.maven.state","version":"1"},"event":{"state":true,"data":{"created":1649340449854,"project":"f7b5ea9a58297bf4d0bb7dd5813c67629a8b106c31f4ba21466e3473a19e292b","enabled":false},"id":"workOffline"}}
{"recorder_version":"31","session":"f566ac8d1465","build":"193.6494.35","bucket":"237","time":1649340449854,"group":{"id":"build.maven.state","version":"1"},"event":{"state":true,"data":{"created":1649340449855,"project":"f7b5ea9a58297bf4d0bb7dd5813c67629a8b106c31f4ba21466e3473a19e292b","value":"info"},"id":"outputLevel"}}
{"recorder_version":"31","session":"f566ac8d1465","build":"193.6494.35","bucket":"237","time":1649340449854,"group":{"id":"build.maven.state","version":"1"},"event":{"state":true,"data":{"created":1649340449855,"project":"f7b5ea9a58297bf4d0bb7dd5813c67629a8b106c31f4ba21466e3473a19e292b","value":"default"},"id":"pluginUpdatePolicy"}}
{"recorder_version":"31","session":"f566ac8d1465","build":"193.6494.35","bucket":"237","time":1649340449854,"group":{"id":"build.maven.state","version":"1"},"event":{"state":true,"data":{"created":1649340449855,"project":"f7b5ea9a58297bf4d0bb7dd5813c67629a8b106c31f4ba21466e3473a19e292b","value":"info"},"id":"loggingLevel"}}
{"recorder_version":"31","session":"f566ac8d1465","build":"193.6494.35","bucket":"237","time":1649340449854,"group":{"id":"build.maven.state","version":"1"},"event":{"state":true,"data":{"created":1649340449855,"project":"f7b5ea9a58297bf4d0bb7dd5813c67629a8b106c31f4ba21466e3473a19e292b","value":"3.6.1"},"id":"mavenVersion"}}
{"recorder_version":"31","session":"f566ac8d1465","build":"193.6494.35","bucket":"237","time":1649340449854,"group":{"id":"build.maven.state","version":"1"},"event":{"state":true,"data":{"created":1649340449855,"project":"f7b5ea9a58297bf4d0bb7dd5813c67629a8b106c31f4ba21466e3473a19e292b","enabled":false},"id":"localRepository"}}
{"recorder_version":"31","session":"f566ac8d1465","build":"193.6494.35","bucket":"237","time":1649340449854,"group":{"id":"build.maven.state","version":"1"},"event":{"state":true,"data":{"created":1649340449855,"project":"f7b5ea9a58297bf4d0bb7dd5813c67629a8b106c31f4ba21466e3473a19e292b","enabled":false},"id":"userSettingsFile"}}
{"recorder_version":"31","session":"f566ac8d1465","build":"193.6494.35","bucket":"237","time":1649340449854,"group":{"id":"build.maven.state","version":"1"},"event":{"state":true,"data":{"created":1649340449855,"project":"f7b5ea9a58297bf4d0bb7dd5813c67629a8b106c31f4ba21466e3473a19e292b","enabled":false},"id":"lookForNested"}}
{"recorder_version":"31","session":"f566ac8d1465","build":"193.6494.35","bucket":"237","time":1649340449854,"group":{"id":"build.maven.state","version":"1"},"event":{"state":true,"data":{"created":1649340449855,"project":"f7b5ea9a58297bf4d0bb7dd5813c67629a8b106c31f4ba21466e3473a19e292b","enabled":false},"id":"dedicatedModuleDir"}}
{"recorder_version":"31","session":"f566ac8d1465","build":"193.6494.35","bucket":"237","time":1649340449854,"group":{"id":"build.maven.state","version":"1"},"event":{"state":true,"data":{"created":1649340449855,"project":"f7b5ea9a58297bf4d0bb7dd5813c67629a8b106c31f4ba21466e3473a19e292b","enabled":false},"id":"storeProjectFilesExternally"}}
{"recorder_version":"31","session":"f566ac8d1465","build":"193.6494.35","bucket":"237","time":1649340449854,"group":{"id":"build.maven.state","version":"1"},"event":{"state":true,"data":{"created":1649340449856,"project":"f7b5ea9a58297bf4d0bb7dd5813c67629a8b106c31f4ba21466e3473a19e292b","enabled":false},"id":"importAutomatically"}}
{"recorder_version":"31","session":"f566ac8d1465","build":"193.6494.35","bucket":"237","time":1649340449854,"group":{"id":"build.maven.state","version":"1"},"event":{"state":true,"data":{"created":1649340449856,"project":"f7b5ea9a58297bf4d0bb7dd5813c67629a8b106c31f4ba21466e3473a19e292b","enabled":true},"id":"autoDetectCompiler"}}
{"recorder_version":"31","session":"f566ac8d1465","build":"193.6494.35","bucket":"237","time":1649340449854,"group":{"id":"build.maven.state","version":"1"},"event":{"state":true,"data":{"created":1649340449856,"project":"f7b5ea9a58297bf4d0bb7dd5813c67629a8b106c31f4ba21466e3473a19e292b","enabled":true},"id":"createModulesForAggregators"}}
{"recorder_version":"31","session":"f566ac8d1465","build":"193.6494.35","bucket":"237","time":1649340449854,"group":{"id":"build.maven.state","version":"1"},"event":{"state":true,"data":{"created":1649340449856,"project":"f7b5ea9a58297bf4d0bb7dd5813c67629a8b106c31f4ba21466e3473a19e292b","enabled":false},"id":"createModuleGroups"}}
{"recorder_version":"31","session":"f566ac8d1465","build":"193.6494.35","bucket":"237","time":1649340449854,"group":{"id":"build.maven.state","version":"1"},"event":{"state":true,"data":{"created":1649340449856,"project":"f7b5ea9a58297bf4d0bb7dd5813c67629a8b106c31f4ba21466e3473a19e292b","enabled":true},"id":"keepSourceFolders"}}
{"recorder_version":"31","session":"f566ac8d1465","build":"193.6494.35","bucket":"237","time":1649340449854,"group":{"id":"build.maven.state","version":"1"},"event":{"state":true,"data":{"created":1649340449856,"project":"f7b5ea9a58297bf4d0bb7dd5813c67629a8b106c31f4ba21466e3473a19e292b","enabled":true},"id":"excludeTargetFolder"}}
{"recorder_version":"31","session":"f566ac8d1465","build":"193.6494.35","bucket":"237","time":1649340449854,"group":{"id":"build.maven.state","version":"1"},"event":{"state":true,"data":{"created":1649340449856,"project":"f7b5ea9a58297bf4d0bb7dd5813c67629a8b106c31f4ba21466e3473a19e292b","enabled":true},"id":"useMavenOutput"}}
{"recorder_version":"31","session":"f566ac8d1465","build":"193.6494.35","bucket":"237","time":1649340449854,"group":{"id":"build.maven.state","version":"1"},"event":{"state":true,"data":{"created":1649340449856,"project":"f7b5ea9a58297bf4d0bb7dd5813c67629a8b106c31f4ba21466e3473a19e292b","value":"autodetect"},"id":"generatedSourcesFolder"}}
{"recorder_version":"31","session":"f566ac8d1465","build":"193.6494.35","bucket":"237","time":1649340449854,"group":{"id":"build.maven.state","version":"1"},"event":{"state":true,"data":{"created":1649340449856,"project":"f7b5ea9a58297bf4d0bb7dd5813c67629a8b106c31f4ba21466e3473a19e292b","value":"process-resources"},"id":"updateFoldersOnImportPhase"}}
{"recorder_version":"31","session":"f566ac8d1465","build":"193.6494.35","bucket":"237","time":1649340449854,"group":{"id":"build.maven.state","version":"1"},"event":{"state":true,"data":{"created":1649340449856,"project":"f7b5ea9a58297bf4d0bb7dd5813c67629a8b106c31f4ba21466e3473a19e292b","enabled":false},"id":"downloadDocsAutomatically"}}
{"recorder_version":"31","session":"f566ac8d1465","build":"193.6494.35","bucket":"237","time":1649340449854,"group":{"id":"build.maven.state","version":"1"},"event":{"state":true,"data":{"created":1649340449857,"project":"f7b5ea9a58297bf4d0bb7dd5813c67629a8b106c31f4ba21466e3473a19e292b","enabled":false},"id":"downloadSourcesAutomatically"}}
{"recorder_version":"31","session":"f566ac8d1465","build":"193.6494.35","bucket":"237","time":1649340449854,"group":{"id":"build.maven.state","version":"1"},"event":{"state":true,"data":{"created":1649340449857,"project":"f7b5ea9a58297bf4d0bb7dd5813c67629a8b106c31f4ba21466e3473a19e292b","enabled":false},"id":"customDependencyTypes"}}
{"recorder_version":"31","session":"f566ac8d1465","build":"193.6494.35","bucket":"237","time":1649340449854,"group":{"id":"build.maven.state","version":"1"},"event":{"state":true,"data":{"created":1649340449857,"project":"f7b5ea9a58297bf4d0bb7dd5813c67629a8b106c31f4ba21466e3473a19e292b","value":"#JAVA_INTERNAL"},"id":"jdkTypeForImporter"}}
{"recorder_version":"31","session":"f566ac8d1465","build":"193.6494.35","bucket":"237","time":1649340449854,"group":{"id":"build.maven.state","version":"1"},"event":{"state":true,"data":{"created":1649340449857,"project":"f7b5ea9a58297bf4d0bb7dd5813c67629a8b106c31f4ba21466e3473a19e292b","value":"unknown"},"id":"jdkVersionForImporter"}}
{"recorder_version":"31","session":"f566ac8d1465","build":"193.6494.35","bucket":"237","time":1649340449854,"group":{"id":"build.maven.state","version":"1"},"event":{"state":true,"data":{"created":1649340449857,"project":"f7b5ea9a58297bf4d0bb7dd5813c67629a8b106c31f4ba21466e3473a19e292b","enabled":false},"id":"hasVmOptionsForImporter"}}
{"recorder_version":"31","session":"f566ac8d1465","build":"193.6494.35","bucket":"237","time":1649340449854,"group":{"id":"build.maven.state","version":"1"},"event":{"state":true,"data":{"created":1649340449857,"project":"f7b5ea9a58297bf4d0bb7dd5813c67629a8b106c31f4ba21466e3473a19e292b","enabled":false},"id":"hasIgnoredFiles"}}
{"recorder_version":"31","session":"f566ac8d1465","build":"193.6494.35","bucket":"237","time":1649340449854,"group":{"id":"build.maven.state","version":"1"},"event":{"state":true,"data":{"created":1649340449857,"project":"f7b5ea9a58297bf4d0bb7dd5813c67629a8b106c31f4ba21466e3473a19e292b","enabled":false},"id":"hasIgnoredPatterns"}}
{"recorder_version":"31","session":"f566ac8d1465","build":"193.6494.35","bucket":"237","time":1649340449854,"group":{"id":"build.maven.state","version":"1"},"event":{"state":true,"data":{"created":1649340449857,"project":"f7b5ea9a58297bf4d0bb7dd5813c67629a8b106c31f4ba21466e3473a19e292b","enabled":false},"id":"delegateBuildRun"}}
{"recorder_version":"31","session":"f566ac8d1465","build":"193.6494.35","bucket":"237","time":1649340449854,"group":{"id":"build.maven.state","version":"1"},"event":{"state":true,"data":{"created":1649340449857,"project":"f7b5ea9a58297bf4d0bb7dd5813c67629a8b106c31f4ba21466e3473a19e292b","enabled":true},"id":"runMavenInBackground"}}
{"recorder_version":"31","session":"f566ac8d1465","build":"193.6494.35","bucket":"237","time":1649340449854,"group":{"id":"build.maven.state","version":"1"},"event":{"state":true,"data":{"created":1649340449858,"project":"f7b5ea9a58297bf4d0bb7dd5813c67629a8b106c31f4ba21466e3473a19e292b","value":"#USE_PROJECT_JDK"},"id":"runnerJreType"}}
{"recorder_version":"31","session":"f566ac8d1465","build":"193.6494.35","bucket":"237","time":1649340449854,"group":{"id":"build.maven.state","version":"1"},"event":{"state":true,"data":{"created":1649340449858,"project":"f7b5ea9a58297bf4d0bb7dd5813c67629a8b106c31f4ba21466e3473a19e292b","value":"unknown"},"id":"runnerJreVersion"}}
{"recorder_version":"31","session":"f566ac8d1465","build":"193.6494.35","bucket":"237","time":1649340449854,"group":{"id":"build.maven.state","version":"1"},"event":{"state":true,"data":{"created":1649340449858,"project":"f7b5ea9a58297bf4d0bb7dd5813c67629a8b106c31f4ba21466e3473a19e292b","enabled":false},"id":"hasRunnerVmOptions"}}
{"recorder_version":"31","session":"f566ac8d1465","build":"193.6494.35","bucket":"237","time":1649340449854,"group":{"id":"build.maven.state","version":"1"},"event":{"state":true,"data":{"created":1649340449858,"project":"f7b5ea9a58297bf4d0bb7dd5813c67629a8b106c31f4ba21466e3473a19e292b","enabled":false},"id":"hasRunnerEnvVariables"}}
{"recorder_version":"31","session":"f566ac8d1465","build":"193.6494.35","bucket":"237","time":1649340449854,"group":{"id":"build.maven.state","version":"1"},"event":{"state":true,"data":{"created":1649340449858,"project":"f7b5ea9a58297bf4d0bb7dd5813c67629a8b106c31f4ba21466e3473a19e292b","enabled":true},"id":"passParentEnv"}}
{"recorder_version":"31","session":"f566ac8d1465","build":"193.6494.35","bucket":"237","time":1649340449854,"group":{"id":"build.maven.state","version":"1"},"event":{"state":true,"data":{"created":1649340449858,"project":"f7b5ea9a58297bf4d0bb7dd5813c67629a8b106c31f4ba21466e3473a19e292b","enabled":false},"id":"skipTests"}}
{"recorder_version":"31","session":"f566ac8d1465","build":"193.6494.35","bucket":"237","time":1649340449854,"group":{"id":"build.maven.state","version":"1"},"event":{"state":true,"data":{"created":1649340449858,"project":"f7b5ea9a58297bf4d0bb7dd5813c67629a8b106c31f4ba21466e3473a19e292b","enabled":false},"id":"hasRunnerMavenProperties"}}
{"recorder_version":"31","session":"f566ac8d1465","build":"193.6494.35","bucket":"237","time":1649340449854,"group":{"id":"build.maven.state","version":"1"},"event":{"state":true,"data":{"created":1649340449858,"project":"f7b5ea9a58297bf4d0bb7dd5813c67629a8b106c31f4ba21466e3473a19e292b"},"id":"invoked"}}
{"recorder_version":"31","session":"f566ac8d1465","build":"193.6494.35","bucket":"237","time":1649340449859,"group":{"id":"vcs.configuration","version":"2"},"event":{"state":true,"data":{"created":1649340449859,"count":14,"project":"f7b5ea9a58297bf4d0bb7dd5813c67629a8b106c31f4ba21466e3473a19e292b"},"id":"ignored.files"}}
{"recorder_version":"31","session":"f566ac8d1465","build":"193.6494.35","bucket":"237","time":1649340449859,"group":{"id":"vcs.configuration","version":"2"},"event":{"state":true,"data":{"created":1649340449860,"count":1,"project":"f7b5ea9a58297bf4d0bb7dd5813c67629a8b106c31f4ba21466e3473a19e292b"},"id":"mapped.roots"}}
{"recorder_version":"31","session":"f566ac8d1465","build":"193.6494.35","bucket":"237","time":1649340449859,"group":{"id":"vcs.configuration","version":"2"},"event":{"state":true,"data":{"plugin":"Git4Idea","created":1649340449860,"vcs":"Git","plugin_type":"JB_BUNDLED","project":"f7b5ea9a58297bf4d0bb7dd5813c67629a8b106c31f4ba21466e3473a19e292b"},"id":"active.vcs"}}
{"recorder_version":"31","session":"f566ac8d1465","build":"193.6494.35","bucket":"237","time":1649340449859,"group":{"id":"vcs.configuration","version":"2"},"event":{"state":true,"data":{"plugin":"Git4Idea","is_project_mapping":false,"created":1649340449860,"vcs":"Git","plugin_type":"JB_BUNDLED","project":"f7b5ea9a58297bf4d0bb7dd5813c67629a8b106c31f4ba21466e3473a19e292b","is_base_dir":true},"id":"mapping"}}
{"recorder_version":"31","session":"f566ac8d1465","build":"193.6494.35","bucket":"237","time":1649340449859,"group":{"id":"vcs.configuration","version":"2"},"event":{"state":true,"data":{"created":1649340449860,"count":0,"project":"f7b5ea9a58297bf4d0bb7dd5813c67629a8b106c31f4ba21466e3473a19e292b"},"id":"unversioned.files"}}
{"recorder_version":"31","session":"f566ac8d1465","build":"193.6494.35","bucket":"237","time":1649340449859,"group":{"id":"vcs.configuration","version":"2"},"event":{"state":true,"data":{"created":1649340449860,"count":1,"project":"f7b5ea9a58297bf4d0bb7dd5813c67629a8b106c31f4ba21466e3473a19e292b"},"id":"changelists"}}
{"recorder_version":"31","session":"f566ac8d1465","build":"193.6494.35","bucket":"237","time":1649340449859,"group":{"id":"vcs.configuration","version":"2"},"event":{"state":true,"data":{"created":1649340449860,"project":"f7b5ea9a58297bf4d0bb7dd5813c67629a8b106c31f4ba21466e3473a19e292b"},"id":"invoked"}}
{"recorder_version":"31","session":"f566ac8d1465","build":"193.6494.35","bucket":"237","time":1649340449861,"group":{"id":"kotlin.project.configuration","version":"1"},"event":{"state":true,"data":{"created":1649340449861,"project":"f7b5ea9a58297bf4d0bb7dd5813c67629a8b106c31f4ba21466e3473a19e292b"},"id":"invoked"}}
{"recorder_version":"31","session":"f566ac8d1465","build":"193.6494.35","bucket":"237","time":1649340449861,"group":{"id":"java.compiler.settings.project","version":"1"},"event":{"state":true,"data":{"created":1649340449861,"project":"f7b5ea9a58297bf4d0bb7dd5813c67629a8b106c31f4ba21466e3473a19e292b","enabled":true},"id":"AUTO_SHOW_ERRORS_IN_EDITOR"}}
{"recorder_version":"31","session":"f566ac8d1465","build":"193.6494.35","bucket":"237","time":1649340449861,"group":{"id":"java.compiler.settings.project","version":"1"},"event":{"state":true,"data":{"created":1649340449861,"project":"f7b5ea9a58297bf4d0bb7dd5813c67629a8b106c31f4ba21466e3473a19e292b","enabled":true},"id":"DISPLAY_NOTIFICATION_POPUP"}}
{"recorder_version":"31","session":"f566ac8d1465","build":"193.6494.35","bucket":"237","time":1649340449861,"group":{"id":"java.compiler.settings.project","version":"1"},"event":{"state":true,"data":{"created":1649340449862,"project":"f7b5ea9a58297bf4d0bb7dd5813c67629a8b106c31f4ba21466e3473a19e292b","enabled":true},"id":"CLEAR_OUTPUT_DIRECTORY"}}
{"recorder_version":"31","session":"f566ac8d1465","build":"193.6494.35","bucket":"237","time":1649340449861,"group":{"id":"java.compiler.settings.project","version":"1"},"event":{"state":true,"data":{"created":1649340449862,"project":"f7b5ea9a58297bf4d0bb7dd5813c67629a8b106c31f4ba21466e3473a19e292b","enabled":false},"id":"MAKE_PROJECT_ON_SAVE"}}
{"recorder_version":"31","session":"f566ac8d1465","build":"193.6494.35","bucket":"237","time":1649340449861,"group":{"id":"java.compiler.settings.project","version":"1"},"event":{"state":true,"data":{"created":1649340449862,"project":"f7b5ea9a58297bf4d0bb7dd5813c67629a8b106c31f4ba21466e3473a19e292b","enabled":false},"id":"PARALLEL_COMPILATION"}}
{"recorder_version":"31","session":"f566ac8d1465","build":"193.6494.35","bucket":"237","time":1649340449861,"group":{"id":"java.compiler.settings.project","version":"1"},"event":{"state":true,"data":{"created":1649340449862,"project":"f7b5ea9a58297bf4d0bb7dd5813c67629a8b106c31f4ba21466e3473a19e292b","enabled":true},"id":"REBUILD_ON_DEPENDENCY_CHANGE"}}
{"recorder_version":"31","session":"f566ac8d1465","build":"193.6494.35","bucket":"237","time":1649340449861,"group":{"id":"java.compiler.settings.project","version":"1"},"event":{"state":true,"data":{"created":1649340449862,"project":"f7b5ea9a58297bf4d0bb7dd5813c67629a8b106c31f4ba21466e3473a19e292b","enabled":true},"id":"COMPILE_AFFECTED_UNLOADED_MODULES_BEFORE_COMMIT"}}
{"recorder_version":"31","session":"f566ac8d1465","build":"193.6494.35","bucket":"237","time":1649340449861,"group":{"id":"java.compiler.settings.project","version":"1"},"event":{"state":true,"data":{"created":1649340449862,"project":"f7b5ea9a58297bf4d0bb7dd5813c67629a8b106c31f4ba21466e3473a19e292b"},"id":"invoked"}}
{"recorder_version":"31","session":"f566ac8d1465","build":"193.6494.35","bucket":"237","time":1649340449865,"group":{"id":"java.language","version":"1"},"event":{"state":true,"data":{"preview":false,"created":1649340449865,"project":"f7b5ea9a58297bf4d0bb7dd5813c67629a8b106c31f4ba21466e3473a19e292b","version":11},"id":"MODULE_LANGUAGE_LEVEL"}}
{"recorder_version":"31","session":"f566ac8d1465","build":"193.6494.35","bucket":"237","time":1649340449865,"group":{"id":"java.language","version":"1"},"event":{"state":true,"data":{"created":1649340449865,"project":"f7b5ea9a58297bf4d0bb7dd5813c67629a8b106c31f4ba21466e3473a19e292b"},"id":"invoked"}}
