{"recorder_version":"31","session":"18eb3681a2ee","build":"193.6494.35","bucket":"237","time":1649341233799,"group":{"id":"settings","version":"4"},"event":{"state":true,"data":{"component":"NotRoamableUiSettings","created":1649341234268},"id":"invoked"}}
{"recorder_version":"31","session":"18eb3681a2ee","build":"193.6494.35","bucket":"237","time":1649341233801,"group":{"id":"settings","version":"4"},"event":{"state":true,"data":{"component":"UISettings","created":1649341234272},"id":"invoked"}}
{"recorder_version":"31","session":"18eb3681a2ee","build":"193.6494.35","bucket":"237","time":1649341233819,"group":{"id":"system.java","version":"1"},"event":{"state":true,"data":{"created":1649341234281,"version":"validation.undefined_rule"},"id":"validation.undefined_rule"}}
{"recorder_version":"31","session":"18eb3681a2ee","build":"193.6494.35","bucket":"237","time":1649341233819,"group":{"id":"system.java","version":"1"},"event":{"state":true,"data":{"created":1649341234282},"id":"invoked"}}
{"recorder_version":"31","session":"18eb3681a2ee","build":"193.6494.35","bucket":"237","time":1649341233861,"group":{"id":"system.os","version":"3"},"event":{"state":true,"data":{"created":1649341234283,"version":"10.13"},"id":"Mac"}}
{"recorder_version":"31","session":"18eb3681a2ee","build":"193.6494.35","bucket":"237","time":1649341233861,"group":{"id":"system.os","version":"3"},"event":{"state":true,"data":{"created":1649341234285,"name":"Mac","version":"10.13"},"id":"os.name"}}
{"recorder_version":"31","session":"18eb3681a2ee","build":"193.6494.35","bucket":"237","time":1649341233861,"group":{"id":"system.os","version":"3"},"event":{"state":true,"data":{"created":1649341234286,"value":"+08_00"},"id":"os.timezone"}}
{"recorder_version":"31","session":"18eb3681a2ee","build":"193.6494.35","bucket":"237","time":1649341233861,"group":{"id":"system.os","version":"3"},"event":{"state":true,"data":{"created":1649341234286},"id":"invoked"}}
{"recorder_version":"31","session":"18eb3681a2ee","build":"193.6494.35","bucket":"237","time":1649341234133,"group":{"id":"event.log","version":"31"},"event":{"count":1,"data":{"created":1649341234286,"version":"2463.0"},"id":"whitelist.loaded"}}
{"recorder_version":"31","session":"18eb3681a2ee","build":"193.6494.35","bucket":"237","time":1649341234814,"group":{"id":"settings","version":"4"},"event":{"state":true,"data":{"component":"UpdatesConfigurable","created":1649341234814,"name":"checkNeeded","type":"bool","value":false},"id":"not.default"}}
{"recorder_version":"31","session":"18eb3681a2ee","build":"193.6494.35","bucket":"237","time":1649341234814,"group":{"id":"settings","version":"4"},"event":{"state":true,"data":{"component":"UpdatesConfigurable","created":1649341234815},"id":"invoked"}}
{"recorder_version":"31","session":"18eb3681a2ee","build":"193.6494.35","bucket":"237","time":1649341234927,"group":{"id":"performance","version":"31"},"event":{"count":1,"data":{"duration_ms":364,"created":1649341234928},"id":"ui.latency"}}
{"recorder_version":"31","session":"18eb3681a2ee","build":"193.6494.35","bucket":"237","time":1649341234927,"group":{"id":"performance","version":"31"},"event":{"count":1,"data":{"duration_ms":364,"created":1649341234929},"id":"ui.lagging"}}
{"recorder_version":"31","session":"18eb3681a2ee","build":"193.6494.35","bucket":"237","time":1649341234947,"group":{"id":"settings","version":"4"},"event":{"state":true,"data":{"component":"GeneralSettings","created":1649341234947},"id":"invoked"}}
{"recorder_version":"31","session":"18eb3681a2ee","build":"193.6494.35","bucket":"237","time":1649341234951,"group":{"id":"lifecycle","version":"31"},"event":{"count":1,"data":{"internal":true,"eap":false,"created":1649341234951},"id":"ide.start"}}
{"recorder_version":"31","session":"18eb3681a2ee","build":"193.6494.35","bucket":"237","time":1649341235107,"group":{"id":"settings","version":"4"},"event":{"state":true,"data":{"component":"XmlEditorOptions","created":1649341235107},"id":"invoked"}}
{"recorder_version":"31","session":"18eb3681a2ee","build":"193.6494.35","bucket":"237","time":1649341235616,"group":{"id":"ui.dialogs","version":"31"},"event":{"count":1,"data":{"created":1649341235616,"plugin_type":"PLATFORM","dialog_class":"com.intellij.openapi.progress.util.ProgressDialog$MyDialogWrapper"},"id":"show"}}
{"recorder_version":"31","session":"18eb3681a2ee","build":"193.6494.35","bucket":"237","time":1649341235916,"group":{"id":"settings","version":"4"},"event":{"state":true,"data":{"component":"VcsApplicationSettings","created":1649341235916},"id":"invoked"}}
{"recorder_version":"31","session":"18eb3681a2ee","build":"193.6494.35","bucket":"237","time":1649341237137,"group":{"id":"lifecycle","version":"31"},"event":{"count":1,"data":{"created":1649341237137},"id":"frame.activated"}}
{"recorder_version":"31","session":"18eb3681a2ee","build":"193.6494.35","bucket":"237","time":1649341238019,"group":{"id":"lifecycle","version":"31"},"event":{"count":1,"data":{"created":1649341238019},"id":"frame.deactivated"}}
{"recorder_version":"31","session":"18eb3681a2ee","build":"193.6494.35","bucket":"237","time":1649341238784,"group":{"id":"lifecycle","version":"31"},"event":{"count":1,"data":{"created":1649341238784,"project":"f7b5ea9a58297bf4d0bb7dd5813c67629a8b106c31f4ba21466e3473a19e292b"},"id":"project.opened"}}
{"recorder_version":"31","session":"18eb3681a2ee","build":"193.6494.35","bucket":"237","time":1649341239175,"group":{"id":"performance","version":"31"},"event":{"count":1,"data":{"duration_ms":623,"created":1649341239175},"id":"ui.lagging"}}
{"recorder_version":"31","session":"18eb3681a2ee","build":"193.6494.35","bucket":"237","time":1649341239536,"group":{"id":"indexing","version":"2"},"event":{"count":1,"data":{"ide_activity_id":1,"created":1649341239536,"project":"f7b5ea9a58297bf4d0bb7dd5813c67629a8b106c31f4ba21466e3473a19e292b"},"id":"started"}}
{"recorder_version":"31","session":"18eb3681a2ee","build":"193.6494.35","bucket":"237","time":1649341239575,"group":{"id":"toolwindow","version":"31"},"event":{"count":1,"data":{"ViewMode":"Dock_Pinned","created":1649341239576,"plugin_type":"PLATFORM","id":"Project","Location":"Left_Top"},"id":"activated"}}
{"recorder_version":"31","session":"18eb3681a2ee","build":"193.6494.35","bucket":"237","time":1649341240630,"group":{"id":"indexing","version":"2"},"event":{"count":1,"data":{"ide_activity_id":1,"stage_class":"com.intellij.util.indexing.UnindexedFilesUpdater","created":1649341240631,"plugin_type":"PLATFORM"},"id":"stage"}}
{"recorder_version":"31","session":"18eb3681a2ee","build":"193.6494.35","bucket":"237","time":1649341240631,"group":{"id":"performance","version":"31"},"event":{"count":1,"data":{"duration_ms":1078,"created":1649341240631},"id":"ui.lagging"}}
{"recorder_version":"31","session":"18eb3681a2ee","build":"193.6494.35","bucket":"237","time":1649341240636,"group":{"id":"lifecycle","version":"31"},"event":{"count":1,"data":{"created":1649341240636,"project":"f7b5ea9a58297bf4d0bb7dd5813c67629a8b106c31f4ba21466e3473a19e292b"},"id":"frame.activated"}}
{"recorder_version":"31","session":"18eb3681a2ee","build":"193.6494.35","bucket":"237","time":1649341241660,"group":{"id":"ui.tips","version":"3"},"event":{"count":1,"data":{"created":1649341241660,"type":"automatically"},"id":"dialog.shown"}}
{"recorder_version":"31","session":"18eb3681a2ee","build":"193.6494.35","bucket":"237","time":1649341241724,"group":{"id":"ui.tips","version":"3"},"event":{"count":1,"data":{"feature_id":"no.feature.id","filename":"neue-NavigateBetweenErros.html","plugin":"com.intellij.java.ide","created":1649341241724,"plugin_type":"JB_BUNDLED"},"id":"tip.shown"}}
{"recorder_version":"31","session":"18eb3681a2ee","build":"193.6494.35","bucket":"237","time":1649341241747,"group":{"id":"ui.dialogs","version":"31"},"event":{"count":1,"data":{"created":1649341241747,"plugin_type":"PLATFORM","dialog_class":"com.intellij.ide.util.TipDialog"},"id":"show"}}
{"recorder_version":"31","session":"18eb3681a2ee","build":"193.6494.35","bucket":"237","time":1649341242966,"group":{"id":"performance","version":"31"},"event":{"count":1,"data":{"duration_ms":1412,"created":1649341242966},"id":"ui.lagging"}}
{"recorder_version":"31","session":"18eb3681a2ee","build":"193.6494.35","bucket":"237","time":1649341243133,"group":{"id":"performance","version":"31"},"event":{"count":1,"data":{"duration_ms":577,"created":1649341243133},"id":"ui.lagging"}}
{"recorder_version":"31","session":"18eb3681a2ee","build":"193.6494.35","bucket":"237","time":1649341243894,"group":{"id":"project.fs","version":"1"},"event":{"state":true,"data":{"os":"Mac","cs-project":false,"created":1649341243894,"project":"f7b5ea9a58297bf4d0bb7dd5813c67629a8b106c31f4ba21466e3473a19e292b","cs-implicit":true,"cs-system":false},"id":"case-sensitivity"}}
{"recorder_version":"31","session":"18eb3681a2ee","build":"193.6494.35","bucket":"237","time":1649341243894,"group":{"id":"project.fs","version":"1"},"event":{"state":true,"data":{"created":1649341243895},"id":"invoked"}}
{"recorder_version":"31","session":"18eb3681a2ee","build":"193.6494.35","bucket":"237","time":1649341243895,"group":{"id":"project.fs","version":"1"},"event":{"state":true,"data":{"pct-non-watched":0,"created":1649341243895,"project":"f7b5ea9a58297bf4d0bb7dd5813c67629a8b106c31f4ba21466e3473a19e292b"},"id":"roots-watched"}}
{"recorder_version":"31","session":"18eb3681a2ee","build":"193.6494.35","bucket":"237","time":1649341243895,"group":{"id":"project.fs","version":"1"},"event":{"state":true,"data":{"created":1649341243895},"id":"invoked"}}
{"recorder_version":"31","session":"18eb3681a2ee","build":"193.6494.35","bucket":"237","time":1649341244133,"group":{"id":"project.import","version":"2"},"event":{"count":1,"data":{"ide_activity_id":2,"plugin":"org.jetbrains.idea.maven","system_id":"undefined.system","created":1649341244134,"task_class":"org.jetbrains.idea.maven.project.MavenProjectsProcessorReadingTask","plugin_type":"JB_BUNDLED","project":"f7b5ea9a58297bf4d0bb7dd5813c67629a8b106c31f4ba21466e3473a19e292b"},"id":"started"}}
{"recorder_version":"31","session":"18eb3681a2ee","build":"193.6494.35","bucket":"237","time":1649341244139,"group":{"id":"ui.dialogs","version":"31"},"event":{"count":1,"data":{"code":1,"created":1649341244140,"plugin_type":"PLATFORM","dialog_class":"com.intellij.ide.util.TipDialog"},"id":"close"}}
{"recorder_version":"31","session":"18eb3681a2ee","build":"193.6494.35","bucket":"237","time":1649341244158,"group":{"id":"project.import","version":"2"},"event":{"count":1,"data":{"duration_ms":25,"ide_activity_id":2,"created":1649341244158},"id":"finished"}}
{"recorder_version":"31","session":"18eb3681a2ee","build":"193.6494.35","bucket":"237","time":1649341244188,"group":{"id":"performance","version":"31"},"event":{"count":1,"data":{"duration_ms":631,"created":1649341244188},"id":"ui.lagging"}}
{"recorder_version":"31","session":"18eb3681a2ee","build":"193.6494.35","bucket":"237","time":1649341245972,"group":{"id":"ui.dialogs","version":"31"},"event":{"count":1,"data":{"code":1,"created":1649341245972,"plugin_type":"PLATFORM","dialog_class":"com.intellij.openapi.progress.util.ProgressDialog$MyDialogWrapper"},"id":"close"}}
{"recorder_version":"31","session":"18eb3681a2ee","build":"193.6494.35","bucket":"237","time":1649341245991,"group":{"id":"lifecycle","version":"31"},"event":{"count":1,"data":{"created":1649341245991,"project":"f7b5ea9a58297bf4d0bb7dd5813c67629a8b106c31f4ba21466e3473a19e292b"},"id":"frame.deactivated"}}
{"recorder_version":"31","session":"18eb3681a2ee","build":"193.6494.35","bucket":"237","time":1649341246836,"group":{"id":"lifecycle","version":"31"},"event":{"count":1,"data":{"created":1649341246836,"project":"f7b5ea9a58297bf4d0bb7dd5813c67629a8b106c31f4ba21466e3473a19e292b"},"id":"frame.activated"}}
{"recorder_version":"31","session":"18eb3681a2ee","build":"193.6494.35","bucket":"237","time":1649341246858,"group":{"id":"performance","version":"31"},"event":{"count":1,"data":{"duration_ms":2296,"created":1649341246858},"id":"ui.lagging"}}
{"recorder_version":"31","session":"18eb3681a2ee","build":"193.6494.35","bucket":"237","time":1649341246859,"group":{"id":"performance","version":"31"},"event":{"count":1,"data":{"duration_ms":1293,"created":1649341246859},"id":"ui.lagging"}}
{"recorder_version":"31","session":"18eb3681a2ee","build":"193.6494.35","bucket":"237","time":1649341246860,"group":{"id":"indexing","version":"2"},"event":{"count":1,"data":{"duration_ms":7324,"ide_activity_id":1,"created":1649341246860},"id":"finished"}}
{"recorder_version":"31","session":"18eb3681a2ee","build":"193.6494.35","bucket":"237","time":1649341246867,"group":{"id":"performance","version":"31"},"event":{"count":1,"data":{"duration_ms":299,"created":1649341246867},"id":"ui.lagging"}}
{"recorder_version":"31","session":"18eb3681a2ee","build":"193.6494.35","bucket":"237","time":1649341247518,"group":{"id":"lifecycle","version":"31"},"event":{"count":1,"data":{"duration_ms":12299,"created":1649341247518,"project":"f7b5ea9a58297bf4d0bb7dd5813c67629a8b106c31f4ba21466e3473a19e292b"},"id":"project.opening.finished"}}
{"recorder_version":"31","session":"18eb3681a2ee","build":"193.6494.35","bucket":"237","time":1649341247669,"group":{"id":"indexing","version":"2"},"event":{"count":1,"data":{"ide_activity_id":3,"created":1649341247670,"project":"f7b5ea9a58297bf4d0bb7dd5813c67629a8b106c31f4ba21466e3473a19e292b"},"id":"started"}}
{"recorder_version":"31","session":"18eb3681a2ee","build":"193.6494.35","bucket":"237","time":1649341247675,"group":{"id":"indexing","version":"2"},"event":{"count":1,"data":{"ide_activity_id":3,"plugin":"org.jetbrains.android","stage_class":"com.android.tools.idea.res.ResourceFolderRepositoryFileCacheImpl$PruneTask","created":1649341247676,"plugin_type":"JB_BUNDLED"},"id":"stage"}}
{"recorder_version":"31","session":"18eb3681a2ee","build":"193.6494.35","bucket":"237","time":1649341247705,"group":{"id":"indexing","version":"2"},"event":{"count":1,"data":{"ide_activity_id":3,"plugin":"org.jetbrains.android","stage_class":"com.android.tools.idea.res.ResourceFolderRepositoryFileCacheImpl$ManageLruProjectFilesTask","created":1649341247706,"plugin_type":"JB_BUNDLED"},"id":"stage"}}
{"recorder_version":"31","session":"18eb3681a2ee","build":"193.6494.35","bucket":"237","time":1649341247711,"group":{"id":"indexing","version":"2"},"event":{"count":1,"data":{"duration_ms":42,"ide_activity_id":3,"created":1649341247711},"id":"finished"}}
{"recorder_version":"31","session":"18eb3681a2ee","build":"193.6494.35","bucket":"237","time":1649341247727,"group":{"id":"indexing","version":"2"},"event":{"count":1,"data":{"ide_activity_id":4,"created":1649341247728,"project":"f7b5ea9a58297bf4d0bb7dd5813c67629a8b106c31f4ba21466e3473a19e292b"},"id":"started"}}
{"recorder_version":"31","session":"18eb3681a2ee","build":"193.6494.35","bucket":"237","time":1649341247737,"group":{"id":"indexing","version":"2"},"event":{"count":1,"data":{"ide_activity_id":4,"plugin":"org.jetbrains.android","stage_class":"com.android.tools.idea.res.ResourceFolderRegistry$PopulateCachesTask","created":1649341247738,"plugin_type":"JB_BUNDLED"},"id":"stage"}}
{"recorder_version":"31","session":"18eb3681a2ee","build":"193.6494.35","bucket":"237","time":1649341247758,"group":{"id":"indexing","version":"2"},"event":{"count":1,"data":{"duration_ms":31,"ide_activity_id":4,"created":1649341247759},"id":"finished"}}
{"recorder_version":"31","session":"18eb3681a2ee","build":"193.6494.35","bucket":"237","time":1649341249007,"group":{"id":"performance","version":"31"},"event":{"count":1,"data":{"duration_ms":430,"created":1649341249007},"id":"ui.lagging"}}
{"recorder_version":"31","session":"18eb3681a2ee","build":"193.6494.35","bucket":"237","time":1649341250976,"group":{"id":"startup","version":"1"},"event":{"count":1,"data":{"duration":2717,"created":1649341250976},"id":"appInit"}}
{"recorder_version":"31","session":"18eb3681a2ee","build":"193.6494.35","bucket":"237","time":1649341250976,"group":{"id":"startup","version":"1"},"event":{"count":1,"data":{"duration":329,"created":1649341250976},"id":"splash"}}
{"recorder_version":"31","session":"18eb3681a2ee","build":"193.6494.35","bucket":"237","time":1649341250976,"group":{"id":"startup","version":"1"},"event":{"count":1,"data":{"duration":282,"created":1649341250976},"id":"bootstrap"}}
{"recorder_version":"31","session":"18eb3681a2ee","build":"193.6494.35","bucket":"237","time":1649341250976,"group":{"id":"startup","version":"1"},"event":{"count":1,"data":{"duration":14489,"created":1649341250976},"id":"totalDuration"}}
{"recorder_version":"31","session":"18eb3681a2ee","build":"193.6494.35","bucket":"237","time":1649341253981,"group":{"id":"performance","version":"31"},"event":{"count":1,"data":{"duration_ms":393,"created":1649341253981},"id":"ui.lagging"}}
{"recorder_version":"31","session":"18eb3681a2ee","build":"193.6494.35","bucket":"237","time":1649341261274,"group":{"id":"actions","version":"31"},"event":{"count":1,"data":{"context_menu":true,"action_id":"third.party","created":1649341261274,"plugin_type":"NOT_LISTED","project":"f7b5ea9a58297bf4d0bb7dd5813c67629a8b106c31f4ba21466e3473a19e292b","place":"ProjectViewPopup","class":"third.party","input_event":"MouseLeft"},"id":"action.invoked"}}
{"recorder_version":"31","session":"18eb3681a2ee","build":"193.6494.35","bucket":"237","time":1649341534934,"group":{"id":"kotlin.ide.j2k","version":"1"},"event":{"count":1,"data":{"created":1649341534934},"id":"registered"}}
{"recorder_version":"31","session":"18eb3681a2ee","build":"193.6494.35","bucket":"237","time":1649341534934,"group":{"id":"java.find.usages","version":"1"},"event":{"count":1,"data":{"created":1649341534935},"id":"registered"}}
{"recorder_version":"31","session":"18eb3681a2ee","build":"193.6494.35","bucket":"237","time":1649341534934,"group":{"id":"file.types.usage","version":"31"},"event":{"count":1,"data":{"created":1649341534936},"id":"registered"}}
{"recorder_version":"31","session":"18eb3681a2ee","build":"193.6494.35","bucket":"237","time":1649341534934,"group":{"id":"ide.script.engine","version":"2"},"event":{"count":1,"data":{"created":1649341534936},"id":"registered"}}
{"recorder_version":"31","session":"18eb3681a2ee","build":"193.6494.35","bucket":"237","time":1649341534934,"group":{"id":"live.templates","version":"31"},"event":{"count":1,"data":{"created":1649341534936},"id":"registered"}}
{"recorder_version":"31","session":"18eb3681a2ee","build":"193.6494.35","bucket":"237","time":1649341534934,"group":{"id":"ide.self.update","version":"2"},"event":{"count":1,"data":{"created":1649341534936},"id":"registered"}}
{"recorder_version":"31","session":"18eb3681a2ee","build":"193.6494.35","bucket":"237","time":1649341534934,"group":{"id":"lifecycle","version":"31"},"event":{"count":1,"data":{"created":1649341534936},"id":"registered"}}
{"recorder_version":"31","session":"18eb3681a2ee","build":"193.6494.35","bucket":"237","time":1649341534934,"group":{"id":"vcs.diff.trigger","version":"1"},"event":{"count":1,"data":{"created":1649341534936},"id":"registered"}}
{"recorder_version":"31","session":"18eb3681a2ee","build":"193.6494.35","bucket":"237","time":1649341534934,"group":{"id":"debugger.breakpoints.usage","version":"2"},"event":{"count":1,"data":{"created":1649341534936},"id":"registered"}}
{"recorder_version":"31","session":"18eb3681a2ee","build":"193.6494.35","bucket":"237","time":1649341534934,"group":{"id":"kotlin.gradle.library","version":"1"},"event":{"count":1,"data":{"created":1649341534936},"id":"registered"}}
{"recorder_version":"31","session":"18eb3681a2ee","build":"193.6494.35","bucket":"237","time":1649341534934,"group":{"id":"startup","version":"1"},"event":{"count":1,"data":{"created":1649341534937},"id":"registered"}}
{"recorder_version":"31","session":"18eb3681a2ee","build":"193.6494.35","bucket":"237","time":1649341534934,"group":{"id":"find","version":"2"},"event":{"count":1,"data":{"created":1649341534937},"id":"registered"}}
{"recorder_version":"31","session":"18eb3681a2ee","build":"193.6494.35","bucket":"237","time":1649341534934,"group":{"id":"kotlin.gradle.target","version":"2"},"event":{"count":1,"data":{"created":1649341534937},"id":"registered"}}
{"recorder_version":"31","session":"18eb3681a2ee","build":"193.6494.35","bucket":"237","time":1649341534934,"group":{"id":"gutter.icon.click","version":"2"},"event":{"count":1,"data":{"created":1649341534937},"id":"registered"}}
{"recorder_version":"31","session":"18eb3681a2ee","build":"193.6494.35","bucket":"237","time":1649341534934,"group":{"id":"shell.script","version":"1"},"event":{"count":1,"data":{"created":1649341534937},"id":"registered"}}
{"recorder_version":"31","session":"18eb3681a2ee","build":"193.6494.35","bucket":"237","time":1649341534934,"group":{"id":"new.project.wizard","version":"1"},"event":{"count":1,"data":{"created":1649341534937},"id":"registered"}}
{"recorder_version":"31","session":"18eb3681a2ee","build":"193.6494.35","bucket":"237","time":1649341534934,"group":{"id":"kotlin.ide.npwizards","version":"1"},"event":{"count":1,"data":{"created":1649341534938},"id":"registered"}}
{"recorder_version":"31","session":"18eb3681a2ee","build":"193.6494.35","bucket":"237","time":1649341534934,"group":{"id":"intentions","version":"31"},"event":{"count":1,"data":{"created":1649341534938},"id":"registered"}}
{"recorder_version":"31","session":"18eb3681a2ee","build":"193.6494.35","bucket":"237","time":1649341534934,"group":{"id":"settings.repository","version":"1"},"event":{"count":1,"data":{"created":1649341534938},"id":"registered"}}
{"recorder_version":"31","session":"18eb3681a2ee","build":"193.6494.35","bucket":"237","time":1649341534934,"group":{"id":"vcs.change.reminder","version":"2"},"event":{"count":1,"data":{"created":1649341534938},"id":"registered"}}
{"recorder_version":"31","session":"18eb3681a2ee","build":"193.6494.35","bucket":"237","time":1649341534934,"group":{"id":"create.directory.dialog","version":"1"},"event":{"count":1,"data":{"created":1649341534938},"id":"registered"}}
{"recorder_version":"31","session":"18eb3681a2ee","build":"193.6494.35","bucket":"237","time":1649341534934,"group":{"id":"kotlin.maven.target","version":"3"},"event":{"count":1,"data":{"created":1649341534938},"id":"registered"}}
{"recorder_version":"31","session":"18eb3681a2ee","build":"193.6494.35","bucket":"237","time":1649341534934,"group":{"id":"json.schema","version":"1"},"event":{"count":1,"data":{"created":1649341534938},"id":"registered"}}
{"recorder_version":"31","session":"18eb3681a2ee","build":"193.6494.35","bucket":"237","time":1649341534934,"group":{"id":"terminalShell","version":"1"},"event":{"count":1,"data":{"created":1649341534938},"id":"registered"}}
{"recorder_version":"31","session":"18eb3681a2ee","build":"193.6494.35","bucket":"237","time":1649341534934,"group":{"id":"rename.refactoring","version":"1"},"event":{"count":1,"data":{"created":1649341534938},"id":"registered"}}
{"recorder_version":"31","session":"18eb3681a2ee","build":"193.6494.35","bucket":"237","time":1649341534934,"group":{"id":"build.ant.actions","version":"1"},"event":{"count":1,"data":{"created":1649341534938},"id":"registered"}}
{"recorder_version":"31","session":"18eb3681a2ee","build":"193.6494.35","bucket":"237","time":1649341534934,"group":{"id":"actions","version":"31"},"event":{"count":1,"data":{"created":1649341534939},"id":"registered"}}
{"recorder_version":"31","session":"18eb3681a2ee","build":"193.6494.35","bucket":"237","time":1649341534934,"group":{"id":"kotlin.ide.editor","version":"1"},"event":{"count":1,"data":{"created":1649341534939},"id":"registered"}}
{"recorder_version":"31","session":"18eb3681a2ee","build":"193.6494.35","bucket":"237","time":1649341534934,"group":{"id":"event.log","version":"31"},"event":{"count":1,"data":{"created":1649341534939},"id":"registered"}}
{"recorder_version":"31","session":"18eb3681a2ee","build":"193.6494.35","bucket":"237","time":1649341534934,"group":{"id":"run.configuration.exec","version":"31"},"event":{"count":1,"data":{"created":1649341534939},"id":"registered"}}
{"recorder_version":"31","session":"18eb3681a2ee","build":"193.6494.35","bucket":"237","time":1649341534934,"group":{"id":"build.tools.actions","version":"1"},"event":{"count":1,"data":{"created":1649341534939},"id":"registered"}}
{"recorder_version":"31","session":"18eb3681a2ee","build":"193.6494.35","bucket":"237","time":1649341534934,"group":{"id":"file.editor","version":"2"},"event":{"count":1,"data":{"created":1649341534939},"id":"registered"}}
{"recorder_version":"31","session":"18eb3681a2ee","build":"193.6494.35","bucket":"237","time":1649341534934,"group":{"id":"vfs","version":"2"},"event":{"count":1,"data":{"created":1649341534939},"id":"registered"}}
{"recorder_version":"31","session":"18eb3681a2ee","build":"193.6494.35","bucket":"237","time":1649341534934,"group":{"id":"project.import","version":"2"},"event":{"count":1,"data":{"created":1649341534939},"id":"registered"}}
{"recorder_version":"31","session":"18eb3681a2ee","build":"193.6494.35","bucket":"237","time":1649341534934,"group":{"id":"actions.runAnything","version":"1"},"event":{"count":1,"data":{"created":1649341534940},"id":"registered"}}
{"recorder_version":"31","session":"18eb3681a2ee","build":"193.6494.35","bucket":"237","time":1649341534934,"group":{"id":"toolwindow","version":"31"},"event":{"count":1,"data":{"created":1649341534940},"id":"registered"}}
{"recorder_version":"31","session":"18eb3681a2ee","build":"193.6494.35","bucket":"237","time":1649341534934,"group":{"id":"kotlin.ide.newFileTempl","version":"1"},"event":{"count":1,"data":{"created":1649341534940},"id":"registered"}}
{"recorder_version":"31","session":"18eb3681a2ee","build":"193.6494.35","bucket":"237","time":1649341534934,"group":{"id":"ui.settings","version":"31"},"event":{"count":1,"data":{"created":1649341534940},"id":"registered"}}
{"recorder_version":"31","session":"18eb3681a2ee","build":"193.6494.35","bucket":"237","time":1649341534934,"group":{"id":"vcs.log.trigger","version":"2"},"event":{"count":1,"data":{"created":1649341534940},"id":"registered"}}
{"recorder_version":"31","session":"18eb3681a2ee","build":"193.6494.35","bucket":"237","time":1649341534934,"group":{"id":"productivity","version":"31"},"event":{"count":1,"data":{"created":1649341534940},"id":"registered"}}
{"recorder_version":"31","session":"18eb3681a2ee","build":"193.6494.35","bucket":"237","time":1649341534934,"group":{"id":"build.maven.actions","version":"1"},"event":{"count":1,"data":{"created":1649341534940},"id":"registered"}}
{"recorder_version":"31","session":"18eb3681a2ee","build":"193.6494.35","bucket":"237","time":1649341534934,"group":{"id":"ui.event","version":"3"},"event":{"count":1,"data":{"created":1649341534940},"id":"registered"}}
{"recorder_version":"31","session":"18eb3681a2ee","build":"193.6494.35","bucket":"237","time":1649341534934,"group":{"id":"plugins.advertiser","version":"1"},"event":{"count":1,"data":{"created":1649341534940},"id":"registered"}}
{"recorder_version":"31","session":"18eb3681a2ee","build":"193.6494.35","bucket":"237","time":1649341534934,"group":{"id":"editor.notification.panel","version":"1"},"event":{"count":1,"data":{"created":1649341534940},"id":"registered"}}
{"recorder_version":"31","session":"18eb3681a2ee","build":"193.6494.35","bucket":"237","time":1649341534934,"group":{"id":"kotlin.ide.debugger","version":"2"},"event":{"count":1,"data":{"created":1649341534940},"id":"registered"}}
{"recorder_version":"31","session":"18eb3681a2ee","build":"193.6494.35","bucket":"237","time":1649341534934,"group":{"id":"tooltip.action.events","version":"1"},"event":{"count":1,"data":{"created":1649341534941},"id":"registered"}}
{"recorder_version":"31","session":"18eb3681a2ee","build":"193.6494.35","bucket":"237","time":1649341534934,"group":{"id":"completion","version":"2"},"event":{"count":1,"data":{"created":1649341534941},"id":"registered"}}
{"recorder_version":"31","session":"18eb3681a2ee","build":"193.6494.35","bucket":"237","time":1649341534934,"group":{"id":"indexing","version":"2"},"event":{"count":1,"data":{"created":1649341534941},"id":"registered"}}
{"recorder_version":"31","session":"18eb3681a2ee","build":"193.6494.35","bucket":"237","time":1649341534934,"group":{"id":"vcs","version":"2"},"event":{"count":1,"data":{"created":1649341534941},"id":"registered"}}
{"recorder_version":"31","session":"18eb3681a2ee","build":"193.6494.35","bucket":"237","time":1649341534934,"group":{"id":"ui.dialogs","version":"31"},"event":{"count":1,"data":{"created":1649341534941},"id":"registered"}}
{"recorder_version":"31","session":"18eb3681a2ee","build":"193.6494.35","bucket":"237","time":1649341534934,"group":{"id":"vcs.back.forward.trigger","version":"1"},"event":{"count":1,"data":{"created":1649341534941},"id":"registered"}}
{"recorder_version":"31","session":"18eb3681a2ee","build":"193.6494.35","bucket":"237","time":1649341534934,"group":{"id":"customize.wizard","version":"1"},"event":{"count":1,"data":{"created":1649341534941},"id":"registered"}}
{"recorder_version":"31","session":"18eb3681a2ee","build":"193.6494.35","bucket":"237","time":1649341534934,"group":{"id":"ide.update.dialog","version":"1"},"event":{"count":1,"data":{"created":1649341534941},"id":"registered"}}
{"recorder_version":"31","session":"18eb3681a2ee","build":"193.6494.35","bucket":"237","time":1649341534934,"group":{"id":"toolbar","version":"31"},"event":{"count":1,"data":{"created":1649341534941},"id":"registered"}}
{"recorder_version":"31","session":"18eb3681a2ee","build":"193.6494.35","bucket":"237","time":1649341534934,"group":{"id":"build.gradle.actions","version":"1"},"event":{"count":1,"data":{"created":1649341534941},"id":"registered"}}
{"recorder_version":"31","session":"18eb3681a2ee","build":"193.6494.35","bucket":"237","time":1649341534934,"group":{"id":"performance","version":"31"},"event":{"count":1,"data":{"created":1649341534941},"id":"registered"}}
{"recorder_version":"31","session":"18eb3681a2ee","build":"193.6494.35","bucket":"237","time":1649341534934,"group":{"id":"build","version":"2"},"event":{"count":1,"data":{"created":1649341534942},"id":"registered"}}
{"recorder_version":"31","session":"18eb3681a2ee","build":"193.6494.35","bucket":"237","time":1649341534934,"group":{"id":"searchEverywhere","version":"3"},"event":{"count":1,"data":{"created":1649341534942},"id":"registered"}}
{"recorder_version":"31","session":"18eb3681a2ee","build":"193.6494.35","bucket":"237","time":1649341534934,"group":{"id":"kotlin.ide.action.refactoring","version":"1"},"event":{"count":1,"data":{"created":1649341534942},"id":"registered"}}
{"recorder_version":"31","session":"18eb3681a2ee","build":"193.6494.35","bucket":"237","time":1649341534934,"group":{"id":"ui.tips","version":"3"},"event":{"count":1,"data":{"created":1649341534942},"id":"registered"}}
{"recorder_version":"31","session":"18eb3681a2ee","build":"193.6494.35","bucket":"237","time":1649341534934,"group":{"id":"surround.with","version":"2"},"event":{"count":1,"data":{"created":1649341534942},"id":"registered"}}
{"recorder_version":"31","session":"18eb3681a2ee","build":"193.6494.35","bucket":"237","time":1649341534934,"group":{"id":"import.old.config","version":"3"},"event":{"count":1,"data":{"created":1649341534942},"id":"registered"}}
{"recorder_version":"31","session":"18eb3681a2ee","build":"193.6494.35","bucket":"237","time":1649341534934,"group":{"id":"kotlin.jps.target","version":"3"},"event":{"count":1,"data":{"created":1649341534942},"id":"registered"}}
{"recorder_version":"31","session":"18eb3681a2ee","build":"193.6494.35","bucket":"237","time":1649341534934,"group":{"id":"completion.postfix","version":"31"},"event":{"count":1,"data":{"created":1649341534942},"id":"registered"}}
