{"recorder_version":"31","session":"8fb410469f22","build":"193.6494.35","bucket":"237","time":1649332766885,"group":{"id":"settings","version":"4"},"event":{"state":true,"data":{"component":"NotRoamableUiSettings","created":1649332767236},"id":"invoked"}}
{"recorder_version":"31","session":"8fb410469f22","build":"193.6494.35","bucket":"237","time":1649332766885,"group":{"id":"settings","version":"4"},"event":{"state":true,"data":{"component":"UISettings","created":1649332767240},"id":"invoked"}}
{"recorder_version":"31","session":"8fb410469f22","build":"193.6494.35","bucket":"237","time":1649332766917,"group":{"id":"system.java","version":"1"},"event":{"state":true,"data":{"created":1649332767249,"version":"validation.undefined_rule"},"id":"validation.undefined_rule"}}
{"recorder_version":"31","session":"8fb410469f22","build":"193.6494.35","bucket":"237","time":1649332766917,"group":{"id":"system.java","version":"1"},"event":{"state":true,"data":{"created":1649332767249},"id":"invoked"}}
{"recorder_version":"31","session":"8fb410469f22","build":"193.6494.35","bucket":"237","time":1649332766940,"group":{"id":"system.os","version":"3"},"event":{"state":true,"data":{"created":1649332767250,"version":"10.13"},"id":"Mac"}}
{"recorder_version":"31","session":"8fb410469f22","build":"193.6494.35","bucket":"237","time":1649332766940,"group":{"id":"system.os","version":"3"},"event":{"state":true,"data":{"created":1649332767250,"name":"Mac","version":"10.13"},"id":"os.name"}}
{"recorder_version":"31","session":"8fb410469f22","build":"193.6494.35","bucket":"237","time":1649332766940,"group":{"id":"system.os","version":"3"},"event":{"state":true,"data":{"created":1649332767251,"value":"+08_00"},"id":"os.timezone"}}
{"recorder_version":"31","session":"8fb410469f22","build":"193.6494.35","bucket":"237","time":1649332766940,"group":{"id":"system.os","version":"3"},"event":{"state":true,"data":{"created":1649332767251},"id":"invoked"}}
{"recorder_version":"31","session":"8fb410469f22","build":"193.6494.35","bucket":"237","time":1649332767203,"group":{"id":"event.log","version":"31"},"event":{"count":1,"data":{"created":1649332767251,"version":"2463.0"},"id":"whitelist.loaded"}}
{"recorder_version":"31","session":"8fb410469f22","build":"193.6494.35","bucket":"237","time":1649332768013,"group":{"id":"settings","version":"4"},"event":{"state":true,"data":{"component":"UpdatesConfigurable","created":1649332768013,"name":"checkNeeded","type":"bool","value":false},"id":"not.default"}}
{"recorder_version":"31","session":"8fb410469f22","build":"193.6494.35","bucket":"237","time":1649332768013,"group":{"id":"settings","version":"4"},"event":{"state":true,"data":{"component":"UpdatesConfigurable","created":1649332768014},"id":"invoked"}}
{"recorder_version":"31","session":"8fb410469f22","build":"193.6494.35","bucket":"237","time":1649332768120,"group":{"id":"performance","version":"31"},"event":{"count":1,"data":{"duration_ms":488,"created":1649332768121},"id":"ui.latency"}}
{"recorder_version":"31","session":"8fb410469f22","build":"193.6494.35","bucket":"237","time":1649332768120,"group":{"id":"performance","version":"31"},"event":{"count":1,"data":{"duration_ms":488,"created":1649332768121},"id":"ui.lagging"}}
{"recorder_version":"31","session":"8fb410469f22","build":"193.6494.35","bucket":"237","time":1649332768143,"group":{"id":"settings","version":"4"},"event":{"state":true,"data":{"component":"GeneralSettings","created":1649332768143},"id":"invoked"}}
{"recorder_version":"31","session":"8fb410469f22","build":"193.6494.35","bucket":"237","time":1649332768147,"group":{"id":"lifecycle","version":"31"},"event":{"count":1,"data":{"internal":true,"eap":false,"created":1649332768147},"id":"ide.start"}}
{"recorder_version":"31","session":"8fb410469f22","build":"193.6494.35","bucket":"237","time":1649332768271,"group":{"id":"settings","version":"4"},"event":{"state":true,"data":{"component":"XmlEditorOptions","created":1649332768271},"id":"invoked"}}
{"recorder_version":"31","session":"8fb410469f22","build":"193.6494.35","bucket":"237","time":1649332768668,"group":{"id":"ui.dialogs","version":"31"},"event":{"count":1,"data":{"created":1649332768668,"plugin_type":"PLATFORM","dialog_class":"com.intellij.openapi.progress.util.ProgressDialog$MyDialogWrapper"},"id":"show"}}
{"recorder_version":"31","session":"8fb410469f22","build":"193.6494.35","bucket":"237","time":1649332769126,"group":{"id":"settings","version":"4"},"event":{"state":true,"data":{"component":"VcsApplicationSettings","created":1649332769126},"id":"invoked"}}
{"recorder_version":"31","session":"8fb410469f22","build":"193.6494.35","bucket":"237","time":1649332771855,"group":{"id":"lifecycle","version":"31"},"event":{"count":1,"data":{"created":1649332771855,"project":"f7b5ea9a58297bf4d0bb7dd5813c67629a8b106c31f4ba21466e3473a19e292b"},"id":"project.opened"}}
{"recorder_version":"31","session":"8fb410469f22","build":"193.6494.35","bucket":"237","time":1649332772166,"group":{"id":"performance","version":"31"},"event":{"count":1,"data":{"duration_ms":530,"created":1649332772166},"id":"ui.lagging"}}
{"recorder_version":"31","session":"8fb410469f22","build":"193.6494.35","bucket":"237","time":1649332772425,"group":{"id":"indexing","version":"2"},"event":{"count":1,"data":{"ide_activity_id":1,"created":1649332772425,"project":"f7b5ea9a58297bf4d0bb7dd5813c67629a8b106c31f4ba21466e3473a19e292b"},"id":"started"}}
{"recorder_version":"31","session":"8fb410469f22","build":"193.6494.35","bucket":"237","time":1649332772449,"group":{"id":"toolwindow","version":"31"},"event":{"count":1,"data":{"ViewMode":"Dock_Pinned","created":1649332772449,"plugin_type":"PLATFORM","id":"Project","Location":"Left_Top"},"id":"activated"}}
{"recorder_version":"31","session":"8fb410469f22","build":"193.6494.35","bucket":"237","time":1649332773325,"group":{"id":"indexing","version":"2"},"event":{"count":1,"data":{"ide_activity_id":1,"stage_class":"com.intellij.util.indexing.UnindexedFilesUpdater","created":1649332773325,"plugin_type":"PLATFORM"},"id":"stage"}}
{"recorder_version":"31","session":"8fb410469f22","build":"193.6494.35","bucket":"237","time":1649332773326,"group":{"id":"performance","version":"31"},"event":{"count":1,"data":{"duration_ms":690,"created":1649332773326},"id":"ui.lagging"}}
{"recorder_version":"31","session":"8fb410469f22","build":"193.6494.35","bucket":"237","time":1649332773377,"group":{"id":"ui.tips","version":"3"},"event":{"count":1,"data":{"created":1649332773377,"type":"automatically"},"id":"dialog.shown"}}
{"recorder_version":"31","session":"8fb410469f22","build":"193.6494.35","bucket":"237","time":1649332773466,"group":{"id":"ui.tips","version":"3"},"event":{"count":1,"data":{"feature_id":"no.feature.id","filename":"neue-Multiselection1.html","plugin":"com.intellij.java.ide","created":1649332773467,"plugin_type":"JB_BUNDLED"},"id":"tip.shown"}}
{"recorder_version":"31","session":"8fb410469f22","build":"193.6494.35","bucket":"237","time":1649332773492,"group":{"id":"ui.dialogs","version":"31"},"event":{"count":1,"data":{"created":1649332773493,"plugin_type":"PLATFORM","dialog_class":"com.intellij.ide.util.TipDialog"},"id":"show"}}
{"recorder_version":"31","session":"8fb410469f22","build":"193.6494.35","bucket":"237","time":1649332774493,"group":{"id":"performance","version":"31"},"event":{"count":1,"data":{"duration_ms":855,"created":1649332774493},"id":"ui.lagging"}}
{"recorder_version":"31","session":"8fb410469f22","build":"193.6494.35","bucket":"237","time":1649332774892,"group":{"id":"performance","version":"31"},"event":{"count":1,"data":{"duration_ms":254,"created":1649332774892},"id":"ui.lagging"}}
{"recorder_version":"31","session":"8fb410469f22","build":"193.6494.35","bucket":"237","time":1649332776603,"group":{"id":"project.fs","version":"1"},"event":{"state":true,"data":{"os":"Mac","cs-project":false,"created":1649332776604,"project":"f7b5ea9a58297bf4d0bb7dd5813c67629a8b106c31f4ba21466e3473a19e292b","cs-implicit":true,"cs-system":false},"id":"case-sensitivity"}}
{"recorder_version":"31","session":"8fb410469f22","build":"193.6494.35","bucket":"237","time":1649332776603,"group":{"id":"project.fs","version":"1"},"event":{"state":true,"data":{"created":1649332776604},"id":"invoked"}}
{"recorder_version":"31","session":"8fb410469f22","build":"193.6494.35","bucket":"237","time":1649332776604,"group":{"id":"project.fs","version":"1"},"event":{"state":true,"data":{"pct-non-watched":0,"created":1649332776604,"project":"f7b5ea9a58297bf4d0bb7dd5813c67629a8b106c31f4ba21466e3473a19e292b"},"id":"roots-watched"}}
{"recorder_version":"31","session":"8fb410469f22","build":"193.6494.35","bucket":"237","time":1649332776604,"group":{"id":"project.fs","version":"1"},"event":{"state":true,"data":{"created":1649332776604},"id":"invoked"}}
{"recorder_version":"31","session":"8fb410469f22","build":"193.6494.35","bucket":"237","time":1649332776746,"group":{"id":"project.import","version":"2"},"event":{"count":1,"data":{"ide_activity_id":2,"plugin":"org.jetbrains.idea.maven","system_id":"undefined.system","created":1649332776747,"task_class":"org.jetbrains.idea.maven.project.MavenProjectsProcessorReadingTask","plugin_type":"JB_BUNDLED","project":"f7b5ea9a58297bf4d0bb7dd5813c67629a8b106c31f4ba21466e3473a19e292b"},"id":"started"}}
{"recorder_version":"31","session":"8fb410469f22","build":"193.6494.35","bucket":"237","time":1649332776748,"group":{"id":"performance","version":"31"},"event":{"count":1,"data":{"duration_ms":1109,"created":1649332776748},"id":"ui.lagging"}}
{"recorder_version":"31","session":"8fb410469f22","build":"193.6494.35","bucket":"237","time":1649332776778,"group":{"id":"project.import","version":"2"},"event":{"count":1,"data":{"duration_ms":32,"ide_activity_id":2,"created":1649332776779},"id":"finished"}}
{"recorder_version":"31","session":"8fb410469f22","build":"193.6494.35","bucket":"237","time":1649332776828,"group":{"id":"ui.dialogs","version":"31"},"event":{"count":1,"data":{"code":1,"created":1649332776829,"plugin_type":"PLATFORM","dialog_class":"com.intellij.openapi.progress.util.ProgressDialog$MyDialogWrapper"},"id":"close"}}
{"recorder_version":"31","session":"8fb410469f22","build":"193.6494.35","bucket":"237","time":1649332776853,"group":{"id":"performance","version":"31"},"event":{"count":1,"data":{"duration_ms":210,"created":1649332776853},"id":"ui.lagging"}}
{"recorder_version":"31","session":"8fb410469f22","build":"193.6494.35","bucket":"237","time":1649332777605,"group":{"id":"lifecycle","version":"31"},"event":{"count":1,"data":{"duration_ms":9309,"created":1649332777605,"project":"f7b5ea9a58297bf4d0bb7dd5813c67629a8b106c31f4ba21466e3473a19e292b"},"id":"project.opening.finished"}}
{"recorder_version":"31","session":"8fb410469f22","build":"193.6494.35","bucket":"237","time":1649332781189,"group":{"id":"indexing","version":"2"},"event":{"count":1,"data":{"duration_ms":8764,"ide_activity_id":1,"created":1649332781189},"id":"finished"}}
{"recorder_version":"31","session":"8fb410469f22","build":"193.6494.35","bucket":"237","time":1649332781298,"group":{"id":"indexing","version":"2"},"event":{"count":1,"data":{"ide_activity_id":3,"created":1649332781298,"project":"f7b5ea9a58297bf4d0bb7dd5813c67629a8b106c31f4ba21466e3473a19e292b"},"id":"started"}}
{"recorder_version":"31","session":"8fb410469f22","build":"193.6494.35","bucket":"237","time":1649332781320,"group":{"id":"indexing","version":"2"},"event":{"count":1,"data":{"ide_activity_id":3,"plugin":"org.jetbrains.android","stage_class":"com.android.tools.idea.res.ResourceFolderRepositoryFileCacheImpl$PruneTask","created":1649332781320,"plugin_type":"JB_BUNDLED"},"id":"stage"}}
{"recorder_version":"31","session":"8fb410469f22","build":"193.6494.35","bucket":"237","time":1649332781340,"group":{"id":"indexing","version":"2"},"event":{"count":1,"data":{"ide_activity_id":3,"plugin":"org.jetbrains.android","stage_class":"com.android.tools.idea.res.ResourceFolderRepositoryFileCacheImpl$ManageLruProjectFilesTask","created":1649332781340,"plugin_type":"JB_BUNDLED"},"id":"stage"}}
{"recorder_version":"31","session":"8fb410469f22","build":"193.6494.35","bucket":"237","time":1649332781345,"group":{"id":"indexing","version":"2"},"event":{"count":1,"data":{"duration_ms":47,"ide_activity_id":3,"created":1649332781345},"id":"finished"}}
{"recorder_version":"31","session":"8fb410469f22","build":"193.6494.35","bucket":"237","time":1649332781364,"group":{"id":"indexing","version":"2"},"event":{"count":1,"data":{"ide_activity_id":4,"created":1649332781364,"project":"f7b5ea9a58297bf4d0bb7dd5813c67629a8b106c31f4ba21466e3473a19e292b"},"id":"started"}}
{"recorder_version":"31","session":"8fb410469f22","build":"193.6494.35","bucket":"237","time":1649332781375,"group":{"id":"indexing","version":"2"},"event":{"count":1,"data":{"ide_activity_id":4,"plugin":"org.jetbrains.android","stage_class":"com.android.tools.idea.res.ResourceFolderRegistry$PopulateCachesTask","created":1649332781375,"plugin_type":"JB_BUNDLED"},"id":"stage"}}
{"recorder_version":"31","session":"8fb410469f22","build":"193.6494.35","bucket":"237","time":1649332781391,"group":{"id":"indexing","version":"2"},"event":{"count":1,"data":{"duration_ms":28,"ide_activity_id":4,"created":1649332781391},"id":"finished"}}
{"recorder_version":"31","session":"8fb410469f22","build":"193.6494.35","bucket":"237","time":1649332782214,"group":{"id":"performance","version":"31"},"event":{"count":1,"data":{"duration_ms":567,"created":1649332782214},"id":"ui.lagging"}}
{"recorder_version":"31","session":"8fb410469f22","build":"193.6494.35","bucket":"237","time":1649332815008,"group":{"id":"lifecycle","version":"31"},"event":{"count":1,"data":{"created":1649332815008,"project":"f7b5ea9a58297bf4d0bb7dd5813c67629a8b106c31f4ba21466e3473a19e292b"},"id":"frame.activated"}}
{"recorder_version":"31","session":"8fb410469f22","build":"193.6494.35","bucket":"237","time":1649332816209,"group":{"id":"ui.dialogs","version":"31"},"event":{"count":1,"data":{"code":1,"created":1649332816209,"plugin_type":"PLATFORM","dialog_class":"com.intellij.ide.util.TipDialog"},"id":"close"}}
{"recorder_version":"31","session":"8fb410469f22","build":"193.6494.35","bucket":"237","time":1649332816318,"group":{"id":"lifecycle","version":"31"},"event":{"count":1,"data":{"created":1649332816318,"project":"f7b5ea9a58297bf4d0bb7dd5813c67629a8b106c31f4ba21466e3473a19e292b"},"id":"frame.deactivated"}}
{"recorder_version":"31","session":"8fb410469f22","build":"193.6494.35","bucket":"237","time":1649332816341,"group":{"id":"lifecycle","version":"31"},"event":{"count":1,"data":{"created":1649332816341,"project":"f7b5ea9a58297bf4d0bb7dd5813c67629a8b106c31f4ba21466e3473a19e292b"},"id":"frame.activated"}}
{"recorder_version":"31","session":"8fb410469f22","build":"193.6494.35","bucket":"237","time":1649332816964,"group":{"id":"performance","version":"31"},"event":{"count":1,"data":{"duration_ms":208,"created":1649332816964},"id":"ui.lagging"}}
{"recorder_version":"31","session":"8fb410469f22","build":"193.6494.35","bucket":"237","time":1649332819199,"group":{"id":"performance","version":"31"},"event":{"count":1,"data":{"duration_ms":441,"created":1649332819200},"id":"ui.lagging"}}
