{"recorder_version":"31","session":"1c65580e144a","build":"193.6494.35","bucket":"237","time":1649319449823,"group":{"id":"settings","version":"4"},"event":{"state":true,"data":{"component":"NotRoamableUiSettings","created":1649319450201},"id":"invoked"}}
{"recorder_version":"31","session":"1c65580e144a","build":"193.6494.35","bucket":"237","time":1649319449823,"group":{"id":"settings","version":"4"},"event":{"state":true,"data":{"component":"UISettings","created":1649319450214},"id":"invoked"}}
{"recorder_version":"31","session":"1c65580e144a","build":"193.6494.35","bucket":"237","time":1649319449831,"group":{"id":"system.java","version":"1"},"event":{"state":true,"data":{"created":1649319450224,"version":"validation.undefined_rule"},"id":"validation.undefined_rule"}}
{"recorder_version":"31","session":"1c65580e144a","build":"193.6494.35","bucket":"237","time":1649319449831,"group":{"id":"system.java","version":"1"},"event":{"state":true,"data":{"created":1649319450224},"id":"invoked"}}
{"recorder_version":"31","session":"1c65580e144a","build":"193.6494.35","bucket":"237","time":1649319449852,"group":{"id":"system.os","version":"3"},"event":{"state":true,"data":{"created":1649319450225,"version":"10.13"},"id":"Mac"}}
{"recorder_version":"31","session":"1c65580e144a","build":"193.6494.35","bucket":"237","time":1649319449853,"group":{"id":"system.os","version":"3"},"event":{"state":true,"data":{"created":1649319450228,"name":"Mac","version":"10.13"},"id":"os.name"}}
{"recorder_version":"31","session":"1c65580e144a","build":"193.6494.35","bucket":"237","time":1649319449853,"group":{"id":"system.os","version":"3"},"event":{"state":true,"data":{"created":1649319450229,"value":"+08_00"},"id":"os.timezone"}}
{"recorder_version":"31","session":"1c65580e144a","build":"193.6494.35","bucket":"237","time":1649319449853,"group":{"id":"system.os","version":"3"},"event":{"state":true,"data":{"created":1649319450229},"id":"invoked"}}
{"recorder_version":"31","session":"1c65580e144a","build":"193.6494.35","bucket":"237","time":1649319450153,"group":{"id":"event.log","version":"31"},"event":{"count":1,"data":{"created":1649319450229,"version":"2463.0"},"id":"whitelist.loaded"}}
{"recorder_version":"31","session":"1c65580e144a","build":"193.6494.35","bucket":"237","time":1649319451452,"group":{"id":"settings","version":"4"},"event":{"state":true,"data":{"component":"UpdatesConfigurable","created":1649319451452,"name":"checkNeeded","type":"bool","value":false},"id":"not.default"}}
{"recorder_version":"31","session":"1c65580e144a","build":"193.6494.35","bucket":"237","time":1649319451452,"group":{"id":"settings","version":"4"},"event":{"state":true,"data":{"component":"UpdatesConfigurable","created":1649319451452},"id":"invoked"}}
{"recorder_version":"31","session":"1c65580e144a","build":"193.6494.35","bucket":"237","time":1649319451559,"group":{"id":"performance","version":"31"},"event":{"count":1,"data":{"duration_ms":892,"created":1649319451559},"id":"ui.latency"}}
{"recorder_version":"31","session":"1c65580e144a","build":"193.6494.35","bucket":"237","time":1649319451559,"group":{"id":"performance","version":"31"},"event":{"count":1,"data":{"duration_ms":892,"created":1649319451560},"id":"ui.lagging"}}
{"recorder_version":"31","session":"1c65580e144a","build":"193.6494.35","bucket":"237","time":1649319451568,"group":{"id":"settings","version":"4"},"event":{"state":true,"data":{"component":"GeneralSettings","created":1649319451568},"id":"invoked"}}
{"recorder_version":"31","session":"1c65580e144a","build":"193.6494.35","bucket":"237","time":1649319451570,"group":{"id":"lifecycle","version":"31"},"event":{"count":1,"data":{"internal":true,"eap":false,"created":1649319451570},"id":"ide.start"}}
{"recorder_version":"31","session":"1c65580e144a","build":"193.6494.35","bucket":"237","time":1649319451673,"group":{"id":"settings","version":"4"},"event":{"state":true,"data":{"component":"XmlEditorOptions","created":1649319451673},"id":"invoked"}}
{"recorder_version":"31","session":"1c65580e144a","build":"193.6494.35","bucket":"237","time":1649319452072,"group":{"id":"performance","version":"31"},"event":{"count":1,"data":{"duration_ms":417,"created":1649319452072},"id":"ui.lagging"}}
{"recorder_version":"31","session":"1c65580e144a","build":"193.6494.35","bucket":"237","time":1649319452107,"group":{"id":"settings","version":"4"},"event":{"state":true,"data":{"component":"VcsApplicationSettings","created":1649319452107},"id":"invoked"}}
{"recorder_version":"31","session":"1c65580e144a","build":"193.6494.35","bucket":"237","time":1649319452107,"group":{"id":"lifecycle","version":"31"},"event":{"count":1,"data":{"created":1649319452107},"id":"frame.activated"}}
{"recorder_version":"31","session":"1c65580e144a","build":"193.6494.35","bucket":"237","time":1649319452145,"group":{"id":"ui.dialogs","version":"31"},"event":{"count":1,"data":{"created":1649319452146,"plugin_type":"PLATFORM","dialog_class":"com.intellij.openapi.progress.util.ProgressDialog$MyDialogWrapper"},"id":"show"}}
{"recorder_version":"31","session":"1c65580e144a","build":"193.6494.35","bucket":"237","time":1649319454004,"group":{"id":"lifecycle","version":"31"},"event":{"count":1,"data":{"created":1649319454004,"project":"f7b5ea9a58297bf4d0bb7dd5813c67629a8b106c31f4ba21466e3473a19e292b"},"id":"project.opened"}}
{"recorder_version":"31","session":"1c65580e144a","build":"193.6494.35","bucket":"237","time":1649319454597,"group":{"id":"indexing","version":"2"},"event":{"count":1,"data":{"ide_activity_id":1,"created":1649319454597,"project":"f7b5ea9a58297bf4d0bb7dd5813c67629a8b106c31f4ba21466e3473a19e292b"},"id":"started"}}
{"recorder_version":"31","session":"1c65580e144a","build":"193.6494.35","bucket":"237","time":1649319454626,"group":{"id":"toolwindow","version":"31"},"event":{"count":1,"data":{"ViewMode":"Dock_Pinned","created":1649319454627,"plugin_type":"PLATFORM","id":"Project","Location":"Left_Top"},"id":"activated"}}
{"recorder_version":"31","session":"1c65580e144a","build":"193.6494.35","bucket":"237","time":1649319455054,"group":{"id":"indexing","version":"2"},"event":{"count":1,"data":{"ide_activity_id":1,"stage_class":"com.intellij.util.indexing.UnindexedFilesUpdater","created":1649319455055,"plugin_type":"PLATFORM"},"id":"stage"}}
{"recorder_version":"31","session":"1c65580e144a","build":"193.6494.35","bucket":"237","time":1649319455055,"group":{"id":"performance","version":"31"},"event":{"count":1,"data":{"duration_ms":396,"created":1649319455055},"id":"ui.lagging"}}
{"recorder_version":"31","session":"1c65580e144a","build":"193.6494.35","bucket":"237","time":1649319455097,"group":{"id":"ui.tips","version":"3"},"event":{"count":1,"data":{"created":1649319455097,"type":"automatically"},"id":"dialog.shown"}}
{"recorder_version":"31","session":"1c65580e144a","build":"193.6494.35","bucket":"237","time":1649319455180,"group":{"id":"ui.tips","version":"3"},"event":{"count":1,"data":{"feature_id":"no.feature.id","filename":"neue-Multiselection1.html","plugin":"com.intellij.java.ide","created":1649319455180,"plugin_type":"JB_BUNDLED"},"id":"tip.shown"}}
{"recorder_version":"31","session":"1c65580e144a","build":"193.6494.35","bucket":"237","time":1649319455202,"group":{"id":"ui.dialogs","version":"31"},"event":{"count":1,"data":{"created":1649319455202,"plugin_type":"PLATFORM","dialog_class":"com.intellij.ide.util.TipDialog"},"id":"show"}}
{"recorder_version":"31","session":"1c65580e144a","build":"193.6494.35","bucket":"237","time":1649319455915,"group":{"id":"performance","version":"31"},"event":{"count":1,"data":{"duration_ms":255,"created":1649319455915},"id":"ui.lagging"}}
{"recorder_version":"31","session":"1c65580e144a","build":"193.6494.35","bucket":"237","time":1649319455966,"group":{"id":"project.fs","version":"1"},"event":{"state":true,"data":{"os":"Mac","cs-project":false,"created":1649319455966,"project":"f7b5ea9a58297bf4d0bb7dd5813c67629a8b106c31f4ba21466e3473a19e292b","cs-implicit":true,"cs-system":false},"id":"case-sensitivity"}}
{"recorder_version":"31","session":"1c65580e144a","build":"193.6494.35","bucket":"237","time":1649319455966,"group":{"id":"project.fs","version":"1"},"event":{"state":true,"data":{"created":1649319455966},"id":"invoked"}}
{"recorder_version":"31","session":"1c65580e144a","build":"193.6494.35","bucket":"237","time":1649319455967,"group":{"id":"project.fs","version":"1"},"event":{"state":true,"data":{"pct-non-watched":0,"created":1649319455967,"project":"f7b5ea9a58297bf4d0bb7dd5813c67629a8b106c31f4ba21466e3473a19e292b"},"id":"roots-watched"}}
{"recorder_version":"31","session":"1c65580e144a","build":"193.6494.35","bucket":"237","time":1649319455967,"group":{"id":"project.fs","version":"1"},"event":{"state":true,"data":{"created":1649319455973},"id":"invoked"}}
{"recorder_version":"31","session":"1c65580e144a","build":"193.6494.35","bucket":"237","time":1649319456174,"group":{"id":"project.import","version":"2"},"event":{"count":1,"data":{"ide_activity_id":2,"plugin":"org.jetbrains.idea.maven","system_id":"undefined.system","created":1649319456174,"task_class":"org.jetbrains.idea.maven.project.MavenProjectsProcessorReadingTask","plugin_type":"JB_BUNDLED","project":"f7b5ea9a58297bf4d0bb7dd5813c67629a8b106c31f4ba21466e3473a19e292b"},"id":"started"}}
{"recorder_version":"31","session":"1c65580e144a","build":"193.6494.35","bucket":"237","time":1649319456200,"group":{"id":"project.import","version":"2"},"event":{"count":1,"data":{"duration_ms":26,"ide_activity_id":2,"created":1649319456201},"id":"finished"}}
{"recorder_version":"31","session":"1c65580e144a","build":"193.6494.35","bucket":"237","time":1649319456204,"group":{"id":"ui.dialogs","version":"31"},"event":{"count":1,"data":{"code":1,"created":1649319456206,"plugin_type":"PLATFORM","dialog_class":"com.intellij.openapi.progress.util.ProgressDialog$MyDialogWrapper"},"id":"close"}}
{"recorder_version":"31","session":"1c65580e144a","build":"193.6494.35","bucket":"237","time":1649319456459,"group":{"id":"lifecycle","version":"31"},"event":{"count":1,"data":{"duration_ms":4684,"created":1649319456460,"project":"f7b5ea9a58297bf4d0bb7dd5813c67629a8b106c31f4ba21466e3473a19e292b"},"id":"project.opening.finished"}}
{"recorder_version":"31","session":"1c65580e144a","build":"193.6494.35","bucket":"237","time":1649319457763,"group":{"id":"ui.dialogs","version":"31"},"event":{"count":1,"data":{"code":1,"created":1649319457764,"plugin_type":"PLATFORM","dialog_class":"com.intellij.ide.util.TipDialog"},"id":"close"}}
{"recorder_version":"31","session":"1c65580e144a","build":"193.6494.35","bucket":"237","time":1649319457935,"group":{"id":"lifecycle","version":"31"},"event":{"count":1,"data":{"created":1649319457935,"project":"f7b5ea9a58297bf4d0bb7dd5813c67629a8b106c31f4ba21466e3473a19e292b"},"id":"frame.deactivated"}}
{"recorder_version":"31","session":"1c65580e144a","build":"193.6494.35","bucket":"237","time":1649319457965,"group":{"id":"lifecycle","version":"31"},"event":{"count":1,"data":{"created":1649319457965,"project":"f7b5ea9a58297bf4d0bb7dd5813c67629a8b106c31f4ba21466e3473a19e292b"},"id":"frame.activated"}}
{"recorder_version":"31","session":"1c65580e144a","build":"193.6494.35","bucket":"237","time":1649319459317,"group":{"id":"indexing","version":"2"},"event":{"count":1,"data":{"duration_ms":4720,"ide_activity_id":1,"created":1649319459318},"id":"finished"}}
{"recorder_version":"31","session":"1c65580e144a","build":"193.6494.35","bucket":"237","time":1649319459412,"group":{"id":"indexing","version":"2"},"event":{"count":1,"data":{"ide_activity_id":3,"created":1649319459412,"project":"f7b5ea9a58297bf4d0bb7dd5813c67629a8b106c31f4ba21466e3473a19e292b"},"id":"started"}}
{"recorder_version":"31","session":"1c65580e144a","build":"193.6494.35","bucket":"237","time":1649319459426,"group":{"id":"indexing","version":"2"},"event":{"count":1,"data":{"ide_activity_id":3,"plugin":"org.jetbrains.android","stage_class":"com.android.tools.idea.res.ResourceFolderRepositoryFileCacheImpl$PruneTask","created":1649319459426,"plugin_type":"JB_BUNDLED"},"id":"stage"}}
{"recorder_version":"31","session":"1c65580e144a","build":"193.6494.35","bucket":"237","time":1649319459455,"group":{"id":"indexing","version":"2"},"event":{"count":1,"data":{"ide_activity_id":3,"plugin":"org.jetbrains.android","stage_class":"com.android.tools.idea.res.ResourceFolderRepositoryFileCacheImpl$ManageLruProjectFilesTask","created":1649319459455,"plugin_type":"JB_BUNDLED"},"id":"stage"}}
{"recorder_version":"31","session":"1c65580e144a","build":"193.6494.35","bucket":"237","time":1649319459463,"group":{"id":"indexing","version":"2"},"event":{"count":1,"data":{"duration_ms":51,"ide_activity_id":3,"created":1649319459463},"id":"finished"}}
{"recorder_version":"31","session":"1c65580e144a","build":"193.6494.35","bucket":"237","time":1649319459490,"group":{"id":"indexing","version":"2"},"event":{"count":1,"data":{"ide_activity_id":4,"created":1649319459490,"project":"f7b5ea9a58297bf4d0bb7dd5813c67629a8b106c31f4ba21466e3473a19e292b"},"id":"started"}}
{"recorder_version":"31","session":"1c65580e144a","build":"193.6494.35","bucket":"237","time":1649319459495,"group":{"id":"indexing","version":"2"},"event":{"count":1,"data":{"ide_activity_id":4,"plugin":"org.jetbrains.android","stage_class":"com.android.tools.idea.res.ResourceFolderRegistry$PopulateCachesTask","created":1649319459496,"plugin_type":"JB_BUNDLED"},"id":"stage"}}
{"recorder_version":"31","session":"1c65580e144a","build":"193.6494.35","bucket":"237","time":1649319459499,"group":{"id":"indexing","version":"2"},"event":{"count":1,"data":{"duration_ms":9,"ide_activity_id":4,"created":1649319459499},"id":"finished"}}
{"recorder_version":"31","session":"1c65580e144a","build":"193.6494.35","bucket":"237","time":1649319461226,"group":{"id":"startup","version":"1"},"event":{"count":1,"data":{"duration":3749,"created":1649319461226},"id":"appInit"}}
{"recorder_version":"31","session":"1c65580e144a","build":"193.6494.35","bucket":"237","time":1649319461226,"group":{"id":"startup","version":"1"},"event":{"count":1,"data":{"duration":346,"created":1649319461227},"id":"splash"}}
{"recorder_version":"31","session":"1c65580e144a","build":"193.6494.35","bucket":"237","time":1649319461226,"group":{"id":"startup","version":"1"},"event":{"count":1,"data":{"duration":260,"created":1649319461227},"id":"bootstrap"}}
{"recorder_version":"31","session":"1c65580e144a","build":"193.6494.35","bucket":"237","time":1649319461226,"group":{"id":"startup","version":"1"},"event":{"count":1,"data":{"duration":9113,"created":1649319461227},"id":"totalDuration"}}
{"recorder_version":"31","session":"1c65580e144a","build":"193.6494.35","bucket":"237","time":1649319461939,"group":{"id":"performance","version":"31"},"event":{"count":1,"data":{"duration_ms":265,"created":1649319461939},"id":"ui.lagging"}}
{"recorder_version":"31","session":"1c65580e144a","build":"193.6494.35","bucket":"237","time":1649319463793,"group":{"id":"actions","version":"31"},"event":{"count":1,"data":{"context_menu":true,"action_id":"third.party","created":1649319463793,"plugin_type":"NOT_LISTED","project":"f7b5ea9a58297bf4d0bb7dd5813c67629a8b106c31f4ba21466e3473a19e292b","place":"ProjectViewPopup","class":"third.party","input_event":"MouseLeft"},"id":"action.invoked"}}
{"recorder_version":"31","session":"1c65580e144a","build":"193.6494.35","bucket":"237","time":1649319468334,"group":{"id":"performance","version":"31"},"event":{"count":1,"data":{"duration_ms":3649,"created":1649319468334},"id":"ui.lagging"}}
{"recorder_version":"31","session":"1c65580e144a","build":"193.6494.35","bucket":"237","time":1649319468334,"group":{"id":"performance","version":"31"},"event":{"count":1,"data":{"duration_ms":2646,"created":1649319468334},"id":"ui.lagging"}}
{"recorder_version":"31","session":"1c65580e144a","build":"193.6494.35","bucket":"237","time":1649319468334,"group":{"id":"performance","version":"31"},"event":{"count":1,"data":{"duration_ms":1645,"created":1649319468334},"id":"ui.lagging"}}
{"recorder_version":"31","session":"1c65580e144a","build":"193.6494.35","bucket":"237","time":1649319468334,"group":{"id":"performance","version":"31"},"event":{"count":1,"data":{"duration_ms":642,"created":1649319468334},"id":"ui.lagging"}}
{"recorder_version":"31","session":"1c65580e144a","build":"193.6494.35","bucket":"237","time":1649319477479,"group":{"id":"lifecycle","version":"31"},"event":{"count":1,"data":{"created":1649319477479,"project":"f7b5ea9a58297bf4d0bb7dd5813c67629a8b106c31f4ba21466e3473a19e292b"},"id":"frame.deactivated"}}
{"recorder_version":"31","session":"1c65580e144a","build":"193.6494.35","bucket":"237","time":1649319478255,"group":{"id":"lifecycle","version":"31"},"event":{"count":1,"data":{"created":1649319478255,"project":"f7b5ea9a58297bf4d0bb7dd5813c67629a8b106c31f4ba21466e3473a19e292b"},"id":"frame.activated"}}
