{"recorder_version":"31","session":"0644b9421079","build":"193.6494.35","bucket":"237","time":1649319537611,"group":{"id":"settings","version":"4"},"event":{"state":true,"data":{"component":"UISettings","created":1649319537918},"id":"invoked"}}
{"recorder_version":"31","session":"0644b9421079","build":"193.6494.35","bucket":"237","time":1649319537614,"group":{"id":"settings","version":"4"},"event":{"state":true,"data":{"component":"NotRoamableUiSettings","created":1649319537919},"id":"invoked"}}
{"recorder_version":"31","session":"0644b9421079","build":"193.6494.35","bucket":"237","time":1649319537618,"group":{"id":"system.java","version":"1"},"event":{"state":true,"data":{"created":1649319537927,"version":"validation.undefined_rule"},"id":"validation.undefined_rule"}}
{"recorder_version":"31","session":"0644b9421079","build":"193.6494.35","bucket":"237","time":1649319537618,"group":{"id":"system.java","version":"1"},"event":{"state":true,"data":{"created":1649319537927},"id":"invoked"}}
{"recorder_version":"31","session":"0644b9421079","build":"193.6494.35","bucket":"237","time":1649319537642,"group":{"id":"system.os","version":"3"},"event":{"state":true,"data":{"created":1649319537928,"version":"10.13"},"id":"Mac"}}
{"recorder_version":"31","session":"0644b9421079","build":"193.6494.35","bucket":"237","time":1649319537642,"group":{"id":"system.os","version":"3"},"event":{"state":true,"data":{"created":1649319537930,"name":"Mac","version":"10.13"},"id":"os.name"}}
{"recorder_version":"31","session":"0644b9421079","build":"193.6494.35","bucket":"237","time":1649319537642,"group":{"id":"system.os","version":"3"},"event":{"state":true,"data":{"created":1649319537930,"value":"+08_00"},"id":"os.timezone"}}
{"recorder_version":"31","session":"0644b9421079","build":"193.6494.35","bucket":"237","time":1649319537642,"group":{"id":"system.os","version":"3"},"event":{"state":true,"data":{"created":1649319537931},"id":"invoked"}}
{"recorder_version":"31","session":"0644b9421079","build":"193.6494.35","bucket":"237","time":1649319537889,"group":{"id":"event.log","version":"31"},"event":{"count":1,"data":{"created":1649319537931,"version":"2463.0"},"id":"whitelist.loaded"}}
{"recorder_version":"31","session":"0644b9421079","build":"193.6494.35","bucket":"237","time":1649319538703,"group":{"id":"settings","version":"4"},"event":{"state":true,"data":{"component":"UpdatesConfigurable","created":1649319538703,"name":"checkNeeded","type":"bool","value":false},"id":"not.default"}}
{"recorder_version":"31","session":"0644b9421079","build":"193.6494.35","bucket":"237","time":1649319538703,"group":{"id":"settings","version":"4"},"event":{"state":true,"data":{"component":"UpdatesConfigurable","created":1649319538704},"id":"invoked"}}
{"recorder_version":"31","session":"0644b9421079","build":"193.6494.35","bucket":"237","time":1649319538795,"group":{"id":"performance","version":"31"},"event":{"count":1,"data":{"duration_ms":370,"created":1649319538797},"id":"ui.latency"}}
{"recorder_version":"31","session":"0644b9421079","build":"193.6494.35","bucket":"237","time":1649319538795,"group":{"id":"performance","version":"31"},"event":{"count":1,"data":{"duration_ms":370,"created":1649319538798},"id":"ui.lagging"}}
{"recorder_version":"31","session":"0644b9421079","build":"193.6494.35","bucket":"237","time":1649319538809,"group":{"id":"settings","version":"4"},"event":{"state":true,"data":{"component":"GeneralSettings","created":1649319538810},"id":"invoked"}}
{"recorder_version":"31","session":"0644b9421079","build":"193.6494.35","bucket":"237","time":1649319538813,"group":{"id":"lifecycle","version":"31"},"event":{"count":1,"data":{"internal":true,"eap":false,"created":1649319538813},"id":"ide.start"}}
{"recorder_version":"31","session":"0644b9421079","build":"193.6494.35","bucket":"237","time":1649319538914,"group":{"id":"settings","version":"4"},"event":{"state":true,"data":{"component":"XmlEditorOptions","created":1649319538914},"id":"invoked"}}
{"recorder_version":"31","session":"0644b9421079","build":"193.6494.35","bucket":"237","time":1649319539253,"group":{"id":"lifecycle","version":"31"},"event":{"count":1,"data":{"created":1649319539253},"id":"frame.activated"}}
{"recorder_version":"31","session":"0644b9421079","build":"193.6494.35","bucket":"237","time":1649319539253,"group":{"id":"settings","version":"4"},"event":{"state":true,"data":{"component":"VcsApplicationSettings","created":1649319539254},"id":"invoked"}}
{"recorder_version":"31","session":"0644b9421079","build":"193.6494.35","bucket":"237","time":1649319539295,"group":{"id":"ui.dialogs","version":"31"},"event":{"count":1,"data":{"created":1649319539295,"plugin_type":"PLATFORM","dialog_class":"com.intellij.openapi.progress.util.ProgressDialog$MyDialogWrapper"},"id":"show"}}
{"recorder_version":"31","session":"0644b9421079","build":"193.6494.35","bucket":"237","time":1649319541160,"group":{"id":"lifecycle","version":"31"},"event":{"count":1,"data":{"created":1649319541160,"project":"f7b5ea9a58297bf4d0bb7dd5813c67629a8b106c31f4ba21466e3473a19e292b"},"id":"project.opened"}}
{"recorder_version":"31","session":"0644b9421079","build":"193.6494.35","bucket":"237","time":1649319541547,"group":{"id":"performance","version":"31"},"event":{"count":1,"data":{"duration_ms":127,"created":1649319541547},"id":"ui.lagging"}}
{"recorder_version":"31","session":"0644b9421079","build":"193.6494.35","bucket":"237","time":1649319541760,"group":{"id":"indexing","version":"2"},"event":{"count":1,"data":{"ide_activity_id":1,"created":1649319541760,"project":"f7b5ea9a58297bf4d0bb7dd5813c67629a8b106c31f4ba21466e3473a19e292b"},"id":"started"}}
{"recorder_version":"31","session":"0644b9421079","build":"193.6494.35","bucket":"237","time":1649319541792,"group":{"id":"toolwindow","version":"31"},"event":{"count":1,"data":{"ViewMode":"Dock_Pinned","created":1649319541792,"plugin_type":"PLATFORM","id":"Project","Location":"Left_Top"},"id":"activated"}}
{"recorder_version":"31","session":"0644b9421079","build":"193.6494.35","bucket":"237","time":1649319542213,"group":{"id":"indexing","version":"2"},"event":{"count":1,"data":{"ide_activity_id":1,"stage_class":"com.intellij.util.indexing.UnindexedFilesUpdater","created":1649319542213,"plugin_type":"PLATFORM"},"id":"stage"}}
{"recorder_version":"31","session":"0644b9421079","build":"193.6494.35","bucket":"237","time":1649319542266,"group":{"id":"ui.tips","version":"3"},"event":{"count":1,"data":{"created":1649319542266,"type":"automatically"},"id":"dialog.shown"}}
{"recorder_version":"31","session":"0644b9421079","build":"193.6494.35","bucket":"237","time":1649319542339,"group":{"id":"ui.tips","version":"3"},"event":{"count":1,"data":{"feature_id":"no.feature.id","filename":"neue-Multiselection1.html","plugin":"com.intellij.java.ide","created":1649319542339,"plugin_type":"JB_BUNDLED"},"id":"tip.shown"}}
{"recorder_version":"31","session":"0644b9421079","build":"193.6494.35","bucket":"237","time":1649319542371,"group":{"id":"ui.dialogs","version":"31"},"event":{"count":1,"data":{"created":1649319542372,"plugin_type":"PLATFORM","dialog_class":"com.intellij.ide.util.TipDialog"},"id":"show"}}
{"recorder_version":"31","session":"0644b9421079","build":"193.6494.35","bucket":"237","time":1649319542622,"group":{"id":"project.fs","version":"1"},"event":{"state":true,"data":{"os":"Mac","cs-project":false,"created":1649319542622,"project":"f7b5ea9a58297bf4d0bb7dd5813c67629a8b106c31f4ba21466e3473a19e292b","cs-implicit":true,"cs-system":false},"id":"case-sensitivity"}}
{"recorder_version":"31","session":"0644b9421079","build":"193.6494.35","bucket":"237","time":1649319542622,"group":{"id":"project.fs","version":"1"},"event":{"state":true,"data":{"created":1649319542622},"id":"invoked"}}
{"recorder_version":"31","session":"0644b9421079","build":"193.6494.35","bucket":"237","time":1649319542623,"group":{"id":"project.fs","version":"1"},"event":{"state":true,"data":{"pct-non-watched":0,"created":1649319542623,"project":"f7b5ea9a58297bf4d0bb7dd5813c67629a8b106c31f4ba21466e3473a19e292b"},"id":"roots-watched"}}
{"recorder_version":"31","session":"0644b9421079","build":"193.6494.35","bucket":"237","time":1649319542623,"group":{"id":"project.fs","version":"1"},"event":{"state":true,"data":{"created":1649319542623},"id":"invoked"}}
{"recorder_version":"31","session":"0644b9421079","build":"193.6494.35","bucket":"237","time":1649319543138,"group":{"id":"project.import","version":"2"},"event":{"count":1,"data":{"ide_activity_id":2,"plugin":"org.jetbrains.idea.maven","system_id":"undefined.system","created":1649319543138,"task_class":"org.jetbrains.idea.maven.project.MavenProjectsProcessorReadingTask","plugin_type":"JB_BUNDLED","project":"f7b5ea9a58297bf4d0bb7dd5813c67629a8b106c31f4ba21466e3473a19e292b"},"id":"started"}}
{"recorder_version":"31","session":"0644b9421079","build":"193.6494.35","bucket":"237","time":1649319543186,"group":{"id":"project.import","version":"2"},"event":{"count":1,"data":{"duration_ms":48,"ide_activity_id":2,"created":1649319543186},"id":"finished"}}
{"recorder_version":"31","session":"0644b9421079","build":"193.6494.35","bucket":"237","time":1649319543344,"group":{"id":"ui.dialogs","version":"31"},"event":{"count":1,"data":{"code":1,"created":1649319543345,"plugin_type":"PLATFORM","dialog_class":"com.intellij.openapi.progress.util.ProgressDialog$MyDialogWrapper"},"id":"close"}}
{"recorder_version":"31","session":"0644b9421079","build":"193.6494.35","bucket":"237","time":1649319543541,"group":{"id":"performance","version":"31"},"event":{"count":1,"data":{"duration_ms":112,"created":1649319543541},"id":"ui.lagging"}}
{"recorder_version":"31","session":"0644b9421079","build":"193.6494.35","bucket":"237","time":1649319543798,"group":{"id":"lifecycle","version":"31"},"event":{"count":1,"data":{"duration_ms":4877,"created":1649319543798,"project":"f7b5ea9a58297bf4d0bb7dd5813c67629a8b106c31f4ba21466e3473a19e292b"},"id":"project.opening.finished"}}
{"recorder_version":"31","session":"0644b9421079","build":"193.6494.35","bucket":"237","time":1649319543889,"group":{"id":"ui.dialogs","version":"31"},"event":{"count":1,"data":{"code":1,"created":1649319543889,"plugin_type":"PLATFORM","dialog_class":"com.intellij.ide.util.TipDialog"},"id":"close"}}
{"recorder_version":"31","session":"0644b9421079","build":"193.6494.35","bucket":"237","time":1649319543928,"group":{"id":"lifecycle","version":"31"},"event":{"count":1,"data":{"created":1649319543928,"project":"f7b5ea9a58297bf4d0bb7dd5813c67629a8b106c31f4ba21466e3473a19e292b"},"id":"frame.deactivated"}}
{"recorder_version":"31","session":"0644b9421079","build":"193.6494.35","bucket":"237","time":1649319543959,"group":{"id":"lifecycle","version":"31"},"event":{"count":1,"data":{"created":1649319543959,"project":"f7b5ea9a58297bf4d0bb7dd5813c67629a8b106c31f4ba21466e3473a19e292b"},"id":"frame.activated"}}
{"recorder_version":"31","session":"0644b9421079","build":"193.6494.35","bucket":"237","time":1649319546935,"group":{"id":"indexing","version":"2"},"event":{"count":1,"data":{"duration_ms":5175,"ide_activity_id":1,"created":1649319546935},"id":"finished"}}
{"recorder_version":"31","session":"0644b9421079","build":"193.6494.35","bucket":"237","time":1649319547008,"group":{"id":"indexing","version":"2"},"event":{"count":1,"data":{"ide_activity_id":3,"created":1649319547008,"project":"f7b5ea9a58297bf4d0bb7dd5813c67629a8b106c31f4ba21466e3473a19e292b"},"id":"started"}}
{"recorder_version":"31","session":"0644b9421079","build":"193.6494.35","bucket":"237","time":1649319547019,"group":{"id":"indexing","version":"2"},"event":{"count":1,"data":{"ide_activity_id":3,"plugin":"org.jetbrains.android","stage_class":"com.android.tools.idea.res.ResourceFolderRepositoryFileCacheImpl$PruneTask","created":1649319547020,"plugin_type":"JB_BUNDLED"},"id":"stage"}}
{"recorder_version":"31","session":"0644b9421079","build":"193.6494.35","bucket":"237","time":1649319547045,"group":{"id":"indexing","version":"2"},"event":{"count":1,"data":{"ide_activity_id":3,"plugin":"org.jetbrains.android","stage_class":"com.android.tools.idea.res.ResourceFolderRepositoryFileCacheImpl$ManageLruProjectFilesTask","created":1649319547045,"plugin_type":"JB_BUNDLED"},"id":"stage"}}
{"recorder_version":"31","session":"0644b9421079","build":"193.6494.35","bucket":"237","time":1649319547053,"group":{"id":"indexing","version":"2"},"event":{"count":1,"data":{"duration_ms":45,"ide_activity_id":3,"created":1649319547053},"id":"finished"}}
{"recorder_version":"31","session":"0644b9421079","build":"193.6494.35","bucket":"237","time":1649319547064,"group":{"id":"indexing","version":"2"},"event":{"count":1,"data":{"ide_activity_id":4,"created":1649319547064,"project":"f7b5ea9a58297bf4d0bb7dd5813c67629a8b106c31f4ba21466e3473a19e292b"},"id":"started"}}
{"recorder_version":"31","session":"0644b9421079","build":"193.6494.35","bucket":"237","time":1649319547077,"group":{"id":"indexing","version":"2"},"event":{"count":1,"data":{"ide_activity_id":4,"plugin":"org.jetbrains.android","stage_class":"com.android.tools.idea.res.ResourceFolderRegistry$PopulateCachesTask","created":1649319547079,"plugin_type":"JB_BUNDLED"},"id":"stage"}}
{"recorder_version":"31","session":"0644b9421079","build":"193.6494.35","bucket":"237","time":1649319547091,"group":{"id":"indexing","version":"2"},"event":{"count":1,"data":{"duration_ms":27,"ide_activity_id":4,"created":1649319547091},"id":"finished"}}
{"recorder_version":"31","session":"0644b9421079","build":"193.6494.35","bucket":"237","time":1649319548364,"group":{"id":"startup","version":"1"},"event":{"count":1,"data":{"duration":2499,"created":1649319548365},"id":"appInit"}}
{"recorder_version":"31","session":"0644b9421079","build":"193.6494.35","bucket":"237","time":1649319548365,"group":{"id":"startup","version":"1"},"event":{"count":1,"data":{"duration":291,"created":1649319548365},"id":"splash"}}
{"recorder_version":"31","session":"0644b9421079","build":"193.6494.35","bucket":"237","time":1649319548365,"group":{"id":"startup","version":"1"},"event":{"count":1,"data":{"duration":195,"created":1649319548365},"id":"bootstrap"}}
{"recorder_version":"31","session":"0644b9421079","build":"193.6494.35","bucket":"237","time":1649319548365,"group":{"id":"startup","version":"1"},"event":{"count":1,"data":{"duration":7805,"created":1649319548365},"id":"totalDuration"}}
{"recorder_version":"31","session":"0644b9421079","build":"193.6494.35","bucket":"237","time":1649319548914,"group":{"id":"performance","version":"31"},"event":{"count":1,"data":{"duration_ms":475,"created":1649319548914},"id":"ui.lagging"}}
{"recorder_version":"31","session":"0644b9421079","build":"193.6494.35","bucket":"237","time":1649319550808,"group":{"id":"actions","version":"31"},"event":{"count":1,"data":{"context_menu":true,"action_id":"third.party","created":1649319550808,"plugin_type":"NOT_LISTED","project":"f7b5ea9a58297bf4d0bb7dd5813c67629a8b106c31f4ba21466e3473a19e292b","place":"ProjectViewPopup","class":"third.party","input_event":"MouseLeft"},"id":"action.invoked"}}
{"recorder_version":"31","session":"0644b9421079","build":"193.6494.35","bucket":"237","time":1649319554977,"group":{"id":"performance","version":"31"},"event":{"count":1,"data":{"duration_ms":3530,"created":1649319554977},"id":"ui.lagging"}}
{"recorder_version":"31","session":"0644b9421079","build":"193.6494.35","bucket":"237","time":1649319554977,"group":{"id":"performance","version":"31"},"event":{"count":1,"data":{"duration_ms":2529,"created":1649319554978},"id":"ui.lagging"}}
{"recorder_version":"31","session":"0644b9421079","build":"193.6494.35","bucket":"237","time":1649319554977,"group":{"id":"performance","version":"31"},"event":{"count":1,"data":{"duration_ms":1526,"created":1649319554978},"id":"ui.lagging"}}
{"recorder_version":"31","session":"0644b9421079","build":"193.6494.35","bucket":"237","time":1649319554977,"group":{"id":"performance","version":"31"},"event":{"count":1,"data":{"duration_ms":521,"created":1649319554978},"id":"ui.lagging"}}
{"recorder_version":"31","session":"0644b9421079","build":"193.6494.35","bucket":"237","time":1649319563010,"group":{"id":"lifecycle","version":"31"},"event":{"count":1,"data":{"created":1649319563010,"project":"f7b5ea9a58297bf4d0bb7dd5813c67629a8b106c31f4ba21466e3473a19e292b"},"id":"frame.deactivated"}}
{"recorder_version":"31","session":"0644b9421079","build":"193.6494.35","bucket":"237","time":1649319564349,"group":{"id":"lifecycle","version":"31"},"event":{"count":1,"data":{"created":1649319564349,"project":"f7b5ea9a58297bf4d0bb7dd5813c67629a8b106c31f4ba21466e3473a19e292b"},"id":"frame.activated"}}
{"recorder_version":"31","session":"0644b9421079","build":"193.6494.35","bucket":"237","time":1649319566364,"group":{"id":"lifecycle","version":"31"},"event":{"count":1,"data":{"created":1649319566364,"project":"f7b5ea9a58297bf4d0bb7dd5813c67629a8b106c31f4ba21466e3473a19e292b"},"id":"frame.deactivated"}}
{"recorder_version":"31","session":"0644b9421079","build":"193.6494.35","bucket":"237","time":1649319639707,"group":{"id":"performance","version":"31"},"event":{"count":1,"data":{"duration_ms":0,"created":1649319639707},"id":"ui.latency"}}
{"recorder_version":"31","session":"0644b9421079","build":"193.6494.35","bucket":"237","time":1649319740022,"group":{"id":"performance","version":"31"},"event":{"count":1,"data":{"duration_ms":0,"created":1649319740022},"id":"ui.latency"}}
{"recorder_version":"31","session":"0644b9421079","build":"193.6494.35","bucket":"237","time":1649319838804,"group":{"id":"kotlin.ide.j2k","version":"1"},"event":{"count":1,"data":{"created":1649319838805},"id":"registered"}}
{"recorder_version":"31","session":"0644b9421079","build":"193.6494.35","bucket":"237","time":1649319838804,"group":{"id":"java.find.usages","version":"1"},"event":{"count":1,"data":{"created":1649319838806},"id":"registered"}}
{"recorder_version":"31","session":"0644b9421079","build":"193.6494.35","bucket":"237","time":1649319838804,"group":{"id":"file.types.usage","version":"31"},"event":{"count":1,"data":{"created":1649319838806},"id":"registered"}}
{"recorder_version":"31","session":"0644b9421079","build":"193.6494.35","bucket":"237","time":1649319838804,"group":{"id":"ide.script.engine","version":"2"},"event":{"count":1,"data":{"created":1649319838806},"id":"registered"}}
{"recorder_version":"31","session":"0644b9421079","build":"193.6494.35","bucket":"237","time":1649319838804,"group":{"id":"live.templates","version":"31"},"event":{"count":1,"data":{"created":1649319838806},"id":"registered"}}
{"recorder_version":"31","session":"0644b9421079","build":"193.6494.35","bucket":"237","time":1649319838804,"group":{"id":"ide.self.update","version":"2"},"event":{"count":1,"data":{"created":1649319838806},"id":"registered"}}
{"recorder_version":"31","session":"0644b9421079","build":"193.6494.35","bucket":"237","time":1649319838804,"group":{"id":"lifecycle","version":"31"},"event":{"count":1,"data":{"created":1649319838806},"id":"registered"}}
{"recorder_version":"31","session":"0644b9421079","build":"193.6494.35","bucket":"237","time":1649319838804,"group":{"id":"vcs.diff.trigger","version":"1"},"event":{"count":1,"data":{"created":1649319838806},"id":"registered"}}
{"recorder_version":"31","session":"0644b9421079","build":"193.6494.35","bucket":"237","time":1649319838804,"group":{"id":"debugger.breakpoints.usage","version":"2"},"event":{"count":1,"data":{"created":1649319838807},"id":"registered"}}
{"recorder_version":"31","session":"0644b9421079","build":"193.6494.35","bucket":"237","time":1649319838804,"group":{"id":"kotlin.gradle.library","version":"1"},"event":{"count":1,"data":{"created":1649319838807},"id":"registered"}}
{"recorder_version":"31","session":"0644b9421079","build":"193.6494.35","bucket":"237","time":1649319838804,"group":{"id":"startup","version":"1"},"event":{"count":1,"data":{"created":1649319838807},"id":"registered"}}
{"recorder_version":"31","session":"0644b9421079","build":"193.6494.35","bucket":"237","time":1649319838804,"group":{"id":"find","version":"2"},"event":{"count":1,"data":{"created":1649319838807},"id":"registered"}}
{"recorder_version":"31","session":"0644b9421079","build":"193.6494.35","bucket":"237","time":1649319838804,"group":{"id":"kotlin.gradle.target","version":"2"},"event":{"count":1,"data":{"created":1649319838807},"id":"registered"}}
{"recorder_version":"31","session":"0644b9421079","build":"193.6494.35","bucket":"237","time":1649319838804,"group":{"id":"gutter.icon.click","version":"2"},"event":{"count":1,"data":{"created":1649319838807},"id":"registered"}}
{"recorder_version":"31","session":"0644b9421079","build":"193.6494.35","bucket":"237","time":1649319838804,"group":{"id":"shell.script","version":"1"},"event":{"count":1,"data":{"created":1649319838807},"id":"registered"}}
{"recorder_version":"31","session":"0644b9421079","build":"193.6494.35","bucket":"237","time":1649319838804,"group":{"id":"new.project.wizard","version":"1"},"event":{"count":1,"data":{"created":1649319838807},"id":"registered"}}
{"recorder_version":"31","session":"0644b9421079","build":"193.6494.35","bucket":"237","time":1649319838804,"group":{"id":"kotlin.ide.npwizards","version":"1"},"event":{"count":1,"data":{"created":1649319838807},"id":"registered"}}
{"recorder_version":"31","session":"0644b9421079","build":"193.6494.35","bucket":"237","time":1649319838804,"group":{"id":"intentions","version":"31"},"event":{"count":1,"data":{"created":1649319838808},"id":"registered"}}
{"recorder_version":"31","session":"0644b9421079","build":"193.6494.35","bucket":"237","time":1649319838804,"group":{"id":"settings.repository","version":"1"},"event":{"count":1,"data":{"created":1649319838808},"id":"registered"}}
{"recorder_version":"31","session":"0644b9421079","build":"193.6494.35","bucket":"237","time":1649319838804,"group":{"id":"vcs.change.reminder","version":"2"},"event":{"count":1,"data":{"created":1649319838808},"id":"registered"}}
{"recorder_version":"31","session":"0644b9421079","build":"193.6494.35","bucket":"237","time":1649319838804,"group":{"id":"create.directory.dialog","version":"1"},"event":{"count":1,"data":{"created":1649319838808},"id":"registered"}}
{"recorder_version":"31","session":"0644b9421079","build":"193.6494.35","bucket":"237","time":1649319838804,"group":{"id":"kotlin.maven.target","version":"3"},"event":{"count":1,"data":{"created":1649319838808},"id":"registered"}}
{"recorder_version":"31","session":"0644b9421079","build":"193.6494.35","bucket":"237","time":1649319838804,"group":{"id":"json.schema","version":"1"},"event":{"count":1,"data":{"created":1649319838808},"id":"registered"}}
{"recorder_version":"31","session":"0644b9421079","build":"193.6494.35","bucket":"237","time":1649319838804,"group":{"id":"terminalShell","version":"1"},"event":{"count":1,"data":{"created":1649319838808},"id":"registered"}}
{"recorder_version":"31","session":"0644b9421079","build":"193.6494.35","bucket":"237","time":1649319838804,"group":{"id":"rename.refactoring","version":"1"},"event":{"count":1,"data":{"created":1649319838808},"id":"registered"}}
{"recorder_version":"31","session":"0644b9421079","build":"193.6494.35","bucket":"237","time":1649319838804,"group":{"id":"build.ant.actions","version":"1"},"event":{"count":1,"data":{"created":1649319838808},"id":"registered"}}
{"recorder_version":"31","session":"0644b9421079","build":"193.6494.35","bucket":"237","time":1649319838804,"group":{"id":"actions","version":"31"},"event":{"count":1,"data":{"created":1649319838808},"id":"registered"}}
{"recorder_version":"31","session":"0644b9421079","build":"193.6494.35","bucket":"237","time":1649319838804,"group":{"id":"kotlin.ide.editor","version":"1"},"event":{"count":1,"data":{"created":1649319838808},"id":"registered"}}
{"recorder_version":"31","session":"0644b9421079","build":"193.6494.35","bucket":"237","time":1649319838804,"group":{"id":"event.log","version":"31"},"event":{"count":1,"data":{"created":1649319838808},"id":"registered"}}
{"recorder_version":"31","session":"0644b9421079","build":"193.6494.35","bucket":"237","time":1649319838804,"group":{"id":"run.configuration.exec","version":"31"},"event":{"count":1,"data":{"created":1649319838809},"id":"registered"}}
{"recorder_version":"31","session":"0644b9421079","build":"193.6494.35","bucket":"237","time":1649319838804,"group":{"id":"build.tools.actions","version":"1"},"event":{"count":1,"data":{"created":1649319838809},"id":"registered"}}
{"recorder_version":"31","session":"0644b9421079","build":"193.6494.35","bucket":"237","time":1649319838804,"group":{"id":"file.editor","version":"2"},"event":{"count":1,"data":{"created":1649319838809},"id":"registered"}}
{"recorder_version":"31","session":"0644b9421079","build":"193.6494.35","bucket":"237","time":1649319838804,"group":{"id":"vfs","version":"2"},"event":{"count":1,"data":{"created":1649319838809},"id":"registered"}}
{"recorder_version":"31","session":"0644b9421079","build":"193.6494.35","bucket":"237","time":1649319838804,"group":{"id":"project.import","version":"2"},"event":{"count":1,"data":{"created":1649319838809},"id":"registered"}}
{"recorder_version":"31","session":"0644b9421079","build":"193.6494.35","bucket":"237","time":1649319838804,"group":{"id":"actions.runAnything","version":"1"},"event":{"count":1,"data":{"created":1649319838809},"id":"registered"}}
{"recorder_version":"31","session":"0644b9421079","build":"193.6494.35","bucket":"237","time":1649319838804,"group":{"id":"toolwindow","version":"31"},"event":{"count":1,"data":{"created":1649319838809},"id":"registered"}}
{"recorder_version":"31","session":"0644b9421079","build":"193.6494.35","bucket":"237","time":1649319838804,"group":{"id":"kotlin.ide.newFileTempl","version":"1"},"event":{"count":1,"data":{"created":1649319838809},"id":"registered"}}
{"recorder_version":"31","session":"0644b9421079","build":"193.6494.35","bucket":"237","time":1649319838804,"group":{"id":"ui.settings","version":"31"},"event":{"count":1,"data":{"created":1649319838809},"id":"registered"}}
{"recorder_version":"31","session":"0644b9421079","build":"193.6494.35","bucket":"237","time":1649319838804,"group":{"id":"vcs.log.trigger","version":"2"},"event":{"count":1,"data":{"created":1649319838809},"id":"registered"}}
{"recorder_version":"31","session":"0644b9421079","build":"193.6494.35","bucket":"237","time":1649319838804,"group":{"id":"productivity","version":"31"},"event":{"count":1,"data":{"created":1649319838809},"id":"registered"}}
{"recorder_version":"31","session":"0644b9421079","build":"193.6494.35","bucket":"237","time":1649319838804,"group":{"id":"build.maven.actions","version":"1"},"event":{"count":1,"data":{"created":1649319838809},"id":"registered"}}
{"recorder_version":"31","session":"0644b9421079","build":"193.6494.35","bucket":"237","time":1649319838804,"group":{"id":"ui.event","version":"3"},"event":{"count":1,"data":{"created":1649319838809},"id":"registered"}}
{"recorder_version":"31","session":"0644b9421079","build":"193.6494.35","bucket":"237","time":1649319838804,"group":{"id":"plugins.advertiser","version":"1"},"event":{"count":1,"data":{"created":1649319838810},"id":"registered"}}
{"recorder_version":"31","session":"0644b9421079","build":"193.6494.35","bucket":"237","time":1649319838804,"group":{"id":"editor.notification.panel","version":"1"},"event":{"count":1,"data":{"created":1649319838810},"id":"registered"}}
{"recorder_version":"31","session":"0644b9421079","build":"193.6494.35","bucket":"237","time":1649319838804,"group":{"id":"kotlin.ide.debugger","version":"2"},"event":{"count":1,"data":{"created":1649319838810},"id":"registered"}}
{"recorder_version":"31","session":"0644b9421079","build":"193.6494.35","bucket":"237","time":1649319838804,"group":{"id":"tooltip.action.events","version":"1"},"event":{"count":1,"data":{"created":1649319838810},"id":"registered"}}
{"recorder_version":"31","session":"0644b9421079","build":"193.6494.35","bucket":"237","time":1649319838804,"group":{"id":"completion","version":"2"},"event":{"count":1,"data":{"created":1649319838810},"id":"registered"}}
{"recorder_version":"31","session":"0644b9421079","build":"193.6494.35","bucket":"237","time":1649319838804,"group":{"id":"indexing","version":"2"},"event":{"count":1,"data":{"created":1649319838810},"id":"registered"}}
{"recorder_version":"31","session":"0644b9421079","build":"193.6494.35","bucket":"237","time":1649319838804,"group":{"id":"vcs","version":"2"},"event":{"count":1,"data":{"created":1649319838810},"id":"registered"}}
{"recorder_version":"31","session":"0644b9421079","build":"193.6494.35","bucket":"237","time":1649319838804,"group":{"id":"ui.dialogs","version":"31"},"event":{"count":1,"data":{"created":1649319838810},"id":"registered"}}
{"recorder_version":"31","session":"0644b9421079","build":"193.6494.35","bucket":"237","time":1649319838804,"group":{"id":"vcs.back.forward.trigger","version":"1"},"event":{"count":1,"data":{"created":1649319838810},"id":"registered"}}
{"recorder_version":"31","session":"0644b9421079","build":"193.6494.35","bucket":"237","time":1649319838804,"group":{"id":"customize.wizard","version":"1"},"event":{"count":1,"data":{"created":1649319838810},"id":"registered"}}
{"recorder_version":"31","session":"0644b9421079","build":"193.6494.35","bucket":"237","time":1649319838805,"group":{"id":"ide.update.dialog","version":"1"},"event":{"count":1,"data":{"created":1649319838810},"id":"registered"}}
{"recorder_version":"31","session":"0644b9421079","build":"193.6494.35","bucket":"237","time":1649319838805,"group":{"id":"toolbar","version":"31"},"event":{"count":1,"data":{"created":1649319838811},"id":"registered"}}
{"recorder_version":"31","session":"0644b9421079","build":"193.6494.35","bucket":"237","time":1649319838805,"group":{"id":"build.gradle.actions","version":"1"},"event":{"count":1,"data":{"created":1649319838811},"id":"registered"}}
{"recorder_version":"31","session":"0644b9421079","build":"193.6494.35","bucket":"237","time":1649319838805,"group":{"id":"performance","version":"31"},"event":{"count":1,"data":{"created":1649319838811},"id":"registered"}}
{"recorder_version":"31","session":"0644b9421079","build":"193.6494.35","bucket":"237","time":1649319838805,"group":{"id":"build","version":"2"},"event":{"count":1,"data":{"created":1649319838811},"id":"registered"}}
{"recorder_version":"31","session":"0644b9421079","build":"193.6494.35","bucket":"237","time":1649319838805,"group":{"id":"searchEverywhere","version":"3"},"event":{"count":1,"data":{"created":1649319838811},"id":"registered"}}
{"recorder_version":"31","session":"0644b9421079","build":"193.6494.35","bucket":"237","time":1649319838805,"group":{"id":"kotlin.ide.action.refactoring","version":"1"},"event":{"count":1,"data":{"created":1649319838811},"id":"registered"}}
{"recorder_version":"31","session":"0644b9421079","build":"193.6494.35","bucket":"237","time":1649319838805,"group":{"id":"ui.tips","version":"3"},"event":{"count":1,"data":{"created":1649319838811},"id":"registered"}}
{"recorder_version":"31","session":"0644b9421079","build":"193.6494.35","bucket":"237","time":1649319838805,"group":{"id":"surround.with","version":"2"},"event":{"count":1,"data":{"created":1649319838811},"id":"registered"}}
{"recorder_version":"31","session":"0644b9421079","build":"193.6494.35","bucket":"237","time":1649319838805,"group":{"id":"import.old.config","version":"3"},"event":{"count":1,"data":{"created":1649319838811},"id":"registered"}}
{"recorder_version":"31","session":"0644b9421079","build":"193.6494.35","bucket":"237","time":1649319838805,"group":{"id":"kotlin.jps.target","version":"3"},"event":{"count":1,"data":{"created":1649319838811},"id":"registered"}}
{"recorder_version":"31","session":"0644b9421079","build":"193.6494.35","bucket":"237","time":1649319838805,"group":{"id":"completion.postfix","version":"31"},"event":{"count":1,"data":{"created":1649319838811},"id":"registered"}}
{"recorder_version":"31","session":"0644b9421079","build":"193.6494.35","bucket":"237","time":1649319838805,"group":{"id":"build.maven.packagesearch","version":"2"},"event":{"count":1,"data":{"created":1649319838811},"id":"registered"}}
