{"recorder_version":"31","session":"66eb246f89c2","build":"193.6494.35","bucket":"237","time":1649341008148,"group":{"id":"settings","version":"4"},"event":{"state":true,"data":{"component":"UISettings","created":1649341008505},"id":"invoked"}}
{"recorder_version":"31","session":"66eb246f89c2","build":"193.6494.35","bucket":"237","time":1649341008148,"group":{"id":"settings","version":"4"},"event":{"state":true,"data":{"component":"NotRoamableUiSettings","created":1649341008507},"id":"invoked"}}
{"recorder_version":"31","session":"66eb246f89c2","build":"193.6494.35","bucket":"237","time":1649341008183,"group":{"id":"system.java","version":"1"},"event":{"state":true,"data":{"created":1649341008515,"version":"validation.undefined_rule"},"id":"validation.undefined_rule"}}
{"recorder_version":"31","session":"66eb246f89c2","build":"193.6494.35","bucket":"237","time":1649341008183,"group":{"id":"system.java","version":"1"},"event":{"state":true,"data":{"created":1649341008515},"id":"invoked"}}
{"recorder_version":"31","session":"66eb246f89c2","build":"193.6494.35","bucket":"237","time":1649341008218,"group":{"id":"system.os","version":"3"},"event":{"state":true,"data":{"created":1649341008516,"version":"10.13"},"id":"Mac"}}
{"recorder_version":"31","session":"66eb246f89c2","build":"193.6494.35","bucket":"237","time":1649341008218,"group":{"id":"system.os","version":"3"},"event":{"state":true,"data":{"created":1649341008516,"name":"Mac","version":"10.13"},"id":"os.name"}}
{"recorder_version":"31","session":"66eb246f89c2","build":"193.6494.35","bucket":"237","time":1649341008218,"group":{"id":"system.os","version":"3"},"event":{"state":true,"data":{"created":1649341008516,"value":"+08_00"},"id":"os.timezone"}}
{"recorder_version":"31","session":"66eb246f89c2","build":"193.6494.35","bucket":"237","time":1649341008218,"group":{"id":"system.os","version":"3"},"event":{"state":true,"data":{"created":1649341008517},"id":"invoked"}}
{"recorder_version":"31","session":"66eb246f89c2","build":"193.6494.35","bucket":"237","time":1649341008471,"group":{"id":"event.log","version":"31"},"event":{"count":1,"data":{"created":1649341008517,"version":"2463.0"},"id":"whitelist.loaded"}}
{"recorder_version":"31","session":"66eb246f89c2","build":"193.6494.35","bucket":"237","time":1649341009434,"group":{"id":"settings","version":"4"},"event":{"state":true,"data":{"component":"UpdatesConfigurable","created":1649341009434,"name":"checkNeeded","type":"bool","value":false},"id":"not.default"}}
{"recorder_version":"31","session":"66eb246f89c2","build":"193.6494.35","bucket":"237","time":1649341009434,"group":{"id":"settings","version":"4"},"event":{"state":true,"data":{"component":"UpdatesConfigurable","created":1649341009435},"id":"invoked"}}
{"recorder_version":"31","session":"66eb246f89c2","build":"193.6494.35","bucket":"237","time":1649341009571,"group":{"id":"performance","version":"31"},"event":{"count":1,"data":{"duration_ms":623,"created":1649341009571},"id":"ui.latency"}}
{"recorder_version":"31","session":"66eb246f89c2","build":"193.6494.35","bucket":"237","time":1649341009571,"group":{"id":"performance","version":"31"},"event":{"count":1,"data":{"duration_ms":623,"created":1649341009573},"id":"ui.lagging"}}
{"recorder_version":"31","session":"66eb246f89c2","build":"193.6494.35","bucket":"237","time":1649341009592,"group":{"id":"settings","version":"4"},"event":{"state":true,"data":{"component":"GeneralSettings","created":1649341009593},"id":"invoked"}}
{"recorder_version":"31","session":"66eb246f89c2","build":"193.6494.35","bucket":"237","time":1649341009596,"group":{"id":"lifecycle","version":"31"},"event":{"count":1,"data":{"internal":true,"eap":false,"created":1649341009596},"id":"ide.start"}}
{"recorder_version":"31","session":"66eb246f89c2","build":"193.6494.35","bucket":"237","time":1649341009730,"group":{"id":"settings","version":"4"},"event":{"state":true,"data":{"component":"XmlEditorOptions","created":1649341009730},"id":"invoked"}}
{"recorder_version":"31","session":"66eb246f89c2","build":"193.6494.35","bucket":"237","time":1649341010113,"group":{"id":"performance","version":"31"},"event":{"count":1,"data":{"duration_ms":178,"created":1649341010113},"id":"ui.lagging"}}
{"recorder_version":"31","session":"66eb246f89c2","build":"193.6494.35","bucket":"237","time":1649341010148,"group":{"id":"settings","version":"4"},"event":{"state":true,"data":{"component":"VcsApplicationSettings","created":1649341010148},"id":"invoked"}}
{"recorder_version":"31","session":"66eb246f89c2","build":"193.6494.35","bucket":"237","time":1649341010148,"group":{"id":"lifecycle","version":"31"},"event":{"count":1,"data":{"created":1649341010149},"id":"frame.activated"}}
{"recorder_version":"31","session":"66eb246f89c2","build":"193.6494.35","bucket":"237","time":1649341010185,"group":{"id":"ui.dialogs","version":"31"},"event":{"count":1,"data":{"created":1649341010185,"plugin_type":"PLATFORM","dialog_class":"com.intellij.openapi.progress.util.ProgressDialog$MyDialogWrapper"},"id":"show"}}
{"recorder_version":"31","session":"66eb246f89c2","build":"193.6494.35","bucket":"237","time":1649341011642,"group":{"id":"lifecycle","version":"31"},"event":{"count":1,"data":{"created":1649341011642},"id":"frame.deactivated"}}
{"recorder_version":"31","session":"66eb246f89c2","build":"193.6494.35","bucket":"237","time":1649341012985,"group":{"id":"lifecycle","version":"31"},"event":{"count":1,"data":{"created":1649341012985,"project":"f7b5ea9a58297bf4d0bb7dd5813c67629a8b106c31f4ba21466e3473a19e292b"},"id":"project.opened"}}
{"recorder_version":"31","session":"66eb246f89c2","build":"193.6494.35","bucket":"237","time":1649341013647,"group":{"id":"performance","version":"31"},"event":{"count":1,"data":{"duration_ms":710,"created":1649341013648},"id":"ui.lagging"}}
{"recorder_version":"31","session":"66eb246f89c2","build":"193.6494.35","bucket":"237","time":1649341013876,"group":{"id":"indexing","version":"2"},"event":{"count":1,"data":{"ide_activity_id":1,"created":1649341013877,"project":"f7b5ea9a58297bf4d0bb7dd5813c67629a8b106c31f4ba21466e3473a19e292b"},"id":"started"}}
{"recorder_version":"31","session":"66eb246f89c2","build":"193.6494.35","bucket":"237","time":1649341013911,"group":{"id":"toolwindow","version":"31"},"event":{"count":1,"data":{"ViewMode":"Dock_Pinned","created":1649341013911,"plugin_type":"PLATFORM","id":"Project","Location":"Left_Top"},"id":"activated"}}
{"recorder_version":"31","session":"66eb246f89c2","build":"193.6494.35","bucket":"237","time":1649341014375,"group":{"id":"indexing","version":"2"},"event":{"count":1,"data":{"ide_activity_id":1,"stage_class":"com.intellij.util.indexing.UnindexedFilesUpdater","created":1649341014375,"plugin_type":"PLATFORM"},"id":"stage"}}
{"recorder_version":"31","session":"66eb246f89c2","build":"193.6494.35","bucket":"237","time":1649341014383,"group":{"id":"performance","version":"31"},"event":{"count":1,"data":{"duration_ms":442,"created":1649341014383},"id":"ui.lagging"}}
{"recorder_version":"31","session":"66eb246f89c2","build":"193.6494.35","bucket":"237","time":1649341014430,"group":{"id":"ui.tips","version":"3"},"event":{"count":1,"data":{"created":1649341014430,"type":"automatically"},"id":"dialog.shown"}}
{"recorder_version":"31","session":"66eb246f89c2","build":"193.6494.35","bucket":"237","time":1649341014881,"group":{"id":"ui.tips","version":"3"},"event":{"count":1,"data":{"feature_id":"no.feature.id","filename":"neue-Multiselection2.html","plugin":"com.intellij.java.ide","created":1649341014881,"plugin_type":"JB_BUNDLED"},"id":"tip.shown"}}
{"recorder_version":"31","session":"66eb246f89c2","build":"193.6494.35","bucket":"237","time":1649341014899,"group":{"id":"ui.dialogs","version":"31"},"event":{"count":1,"data":{"created":1649341014899,"plugin_type":"PLATFORM","dialog_class":"com.intellij.ide.util.TipDialog"},"id":"show"}}
{"recorder_version":"31","session":"66eb246f89c2","build":"193.6494.35","bucket":"237","time":1649341015516,"group":{"id":"performance","version":"31"},"event":{"count":1,"data":{"duration_ms":571,"created":1649341015516},"id":"ui.lagging"}}
{"recorder_version":"31","session":"66eb246f89c2","build":"193.6494.35","bucket":"237","time":1649341015907,"group":{"id":"project.fs","version":"1"},"event":{"state":true,"data":{"os":"Mac","cs-project":false,"created":1649341015907,"project":"f7b5ea9a58297bf4d0bb7dd5813c67629a8b106c31f4ba21466e3473a19e292b","cs-implicit":true,"cs-system":false},"id":"case-sensitivity"}}
{"recorder_version":"31","session":"66eb246f89c2","build":"193.6494.35","bucket":"237","time":1649341015907,"group":{"id":"project.fs","version":"1"},"event":{"state":true,"data":{"created":1649341015908},"id":"invoked"}}
{"recorder_version":"31","session":"66eb246f89c2","build":"193.6494.35","bucket":"237","time":1649341015908,"group":{"id":"project.fs","version":"1"},"event":{"state":true,"data":{"pct-non-watched":0,"created":1649341015908,"project":"f7b5ea9a58297bf4d0bb7dd5813c67629a8b106c31f4ba21466e3473a19e292b"},"id":"roots-watched"}}
{"recorder_version":"31","session":"66eb246f89c2","build":"193.6494.35","bucket":"237","time":1649341015908,"group":{"id":"project.fs","version":"1"},"event":{"state":true,"data":{"created":1649341015908},"id":"invoked"}}
{"recorder_version":"31","session":"66eb246f89c2","build":"193.6494.35","bucket":"237","time":1649341016002,"group":{"id":"project.import","version":"2"},"event":{"count":1,"data":{"ide_activity_id":2,"plugin":"org.jetbrains.idea.maven","system_id":"undefined.system","created":1649341016002,"task_class":"org.jetbrains.idea.maven.project.MavenProjectsProcessorReadingTask","plugin_type":"JB_BUNDLED","project":"f7b5ea9a58297bf4d0bb7dd5813c67629a8b106c31f4ba21466e3473a19e292b"},"id":"started"}}
{"recorder_version":"31","session":"66eb246f89c2","build":"193.6494.35","bucket":"237","time":1649341016026,"group":{"id":"project.import","version":"2"},"event":{"count":1,"data":{"duration_ms":24,"ide_activity_id":2,"created":1649341016027},"id":"finished"}}
{"recorder_version":"31","session":"66eb246f89c2","build":"193.6494.35","bucket":"237","time":1649341016939,"group":{"id":"performance","version":"31"},"event":{"count":1,"data":{"duration_ms":993,"created":1649341016939},"id":"ui.lagging"}}
{"recorder_version":"31","session":"66eb246f89c2","build":"193.6494.35","bucket":"237","time":1649341017085,"group":{"id":"ui.dialogs","version":"31"},"event":{"count":1,"data":{"code":1,"created":1649341017085,"plugin_type":"PLATFORM","dialog_class":"com.intellij.openapi.progress.util.ProgressDialog$MyDialogWrapper"},"id":"close"}}
{"recorder_version":"31","session":"66eb246f89c2","build":"193.6494.35","bucket":"237","time":1649341017092,"group":{"id":"performance","version":"31"},"event":{"count":1,"data":{"duration_ms":145,"created":1649341017092},"id":"ui.lagging"}}
{"recorder_version":"31","session":"66eb246f89c2","build":"193.6494.35","bucket":"237","time":1649341018048,"group":{"id":"lifecycle","version":"31"},"event":{"count":1,"data":{"duration_ms":8315,"created":1649341018048,"project":"f7b5ea9a58297bf4d0bb7dd5813c67629a8b106c31f4ba21466e3473a19e292b"},"id":"project.opening.finished"}}
{"recorder_version":"31","session":"66eb246f89c2","build":"193.6494.35","bucket":"237","time":1649341019484,"group":{"id":"performance","version":"31"},"event":{"count":1,"data":{"duration_ms":528,"created":1649341019484},"id":"ui.lagging"}}
{"recorder_version":"31","session":"66eb246f89c2","build":"193.6494.35","bucket":"237","time":1649341020909,"group":{"id":"indexing","version":"2"},"event":{"count":1,"data":{"duration_ms":7033,"ide_activity_id":1,"created":1649341020909},"id":"finished"}}
{"recorder_version":"31","session":"66eb246f89c2","build":"193.6494.35","bucket":"237","time":1649341021702,"group":{"id":"performance","version":"31"},"event":{"count":1,"data":{"duration_ms":736,"created":1649341021703},"id":"ui.lagging"}}
{"recorder_version":"31","session":"66eb246f89c2","build":"193.6494.35","bucket":"237","time":1649341021704,"group":{"id":"indexing","version":"2"},"event":{"count":1,"data":{"ide_activity_id":3,"created":1649341021704,"project":"f7b5ea9a58297bf4d0bb7dd5813c67629a8b106c31f4ba21466e3473a19e292b"},"id":"started"}}
{"recorder_version":"31","session":"66eb246f89c2","build":"193.6494.35","bucket":"237","time":1649341021723,"group":{"id":"indexing","version":"2"},"event":{"count":1,"data":{"ide_activity_id":3,"plugin":"org.jetbrains.android","stage_class":"com.android.tools.idea.res.ResourceFolderRepositoryFileCacheImpl$PruneTask","created":1649341021723,"plugin_type":"JB_BUNDLED"},"id":"stage"}}
{"recorder_version":"31","session":"66eb246f89c2","build":"193.6494.35","bucket":"237","time":1649341021747,"group":{"id":"indexing","version":"2"},"event":{"count":1,"data":{"ide_activity_id":3,"plugin":"org.jetbrains.android","stage_class":"com.android.tools.idea.res.ResourceFolderRepositoryFileCacheImpl$ManageLruProjectFilesTask","created":1649341021747,"plugin_type":"JB_BUNDLED"},"id":"stage"}}
{"recorder_version":"31","session":"66eb246f89c2","build":"193.6494.35","bucket":"237","time":1649341021762,"group":{"id":"indexing","version":"2"},"event":{"count":1,"data":{"duration_ms":58,"ide_activity_id":3,"created":1649341021763},"id":"finished"}}
{"recorder_version":"31","session":"66eb246f89c2","build":"193.6494.35","bucket":"237","time":1649341021779,"group":{"id":"indexing","version":"2"},"event":{"count":1,"data":{"ide_activity_id":4,"created":1649341021779,"project":"f7b5ea9a58297bf4d0bb7dd5813c67629a8b106c31f4ba21466e3473a19e292b"},"id":"started"}}
{"recorder_version":"31","session":"66eb246f89c2","build":"193.6494.35","bucket":"237","time":1649341021783,"group":{"id":"indexing","version":"2"},"event":{"count":1,"data":{"ide_activity_id":4,"plugin":"org.jetbrains.android","stage_class":"com.android.tools.idea.res.ResourceFolderRegistry$PopulateCachesTask","created":1649341021784,"plugin_type":"JB_BUNDLED"},"id":"stage"}}
{"recorder_version":"31","session":"66eb246f89c2","build":"193.6494.35","bucket":"237","time":1649341021785,"group":{"id":"indexing","version":"2"},"event":{"count":1,"data":{"duration_ms":6,"ide_activity_id":4,"created":1649341021785},"id":"finished"}}
{"recorder_version":"31","session":"66eb246f89c2","build":"193.6494.35","bucket":"237","time":1649341022583,"group":{"id":"performance","version":"31"},"event":{"count":1,"data":{"duration_ms":618,"created":1649341022583},"id":"ui.lagging"}}
{"recorder_version":"31","session":"66eb246f89c2","build":"193.6494.35","bucket":"237","time":1649341038566,"group":{"id":"lifecycle","version":"31"},"event":{"count":1,"data":{"created":1649341038566,"project":"f7b5ea9a58297bf4d0bb7dd5813c67629a8b106c31f4ba21466e3473a19e292b"},"id":"frame.activated"}}
{"recorder_version":"31","session":"66eb246f89c2","build":"193.6494.35","bucket":"237","time":1649341040098,"group":{"id":"ui.dialogs","version":"31"},"event":{"count":1,"data":{"code":1,"created":1649341040098,"plugin_type":"PLATFORM","dialog_class":"com.intellij.ide.util.TipDialog"},"id":"close"}}
{"recorder_version":"31","session":"66eb246f89c2","build":"193.6494.35","bucket":"237","time":1649341040128,"group":{"id":"lifecycle","version":"31"},"event":{"count":1,"data":{"created":1649341040128,"project":"f7b5ea9a58297bf4d0bb7dd5813c67629a8b106c31f4ba21466e3473a19e292b"},"id":"frame.deactivated"}}
{"recorder_version":"31","session":"66eb246f89c2","build":"193.6494.35","bucket":"237","time":1649341040209,"group":{"id":"lifecycle","version":"31"},"event":{"count":1,"data":{"created":1649341040209,"project":"f7b5ea9a58297bf4d0bb7dd5813c67629a8b106c31f4ba21466e3473a19e292b"},"id":"frame.activated"}}
{"recorder_version":"31","session":"66eb246f89c2","build":"193.6494.35","bucket":"237","time":1649341041509,"group":{"id":"performance","version":"31"},"event":{"count":1,"data":{"duration_ms":503,"created":1649341041509},"id":"ui.lagging"}}
